# JRE version: OpenJDK Runtime Environment (7.0_79-b14) (build 1.7.0_79-b14)
# Java VM: OpenJDK 64-Bit Server VM (24.79-b02 mixed mode linux-amd64 compressed oops)
Heap
 PSYoungGen      total 891392K, used 154089K [0x00000007aaa80000, 0x00000007f9d00000, 0x0000000800000000)
  eden space 638464K, 0% used [0x00000007aaa80000,0x00000007aaa80000,0x00000007d1a00000)
  from space 252928K, 60% used [0x00000007d1a00000,0x00000007db07a5e0,0x00000007e1100000)
  to   space 266240K, 0% used [0x00000007e9900000,0x00000007e9900000,0x00000007f9d00000)
 ParOldGen       total 515072K, used 514977K [0x0000000700000000, 0x000000071f700000, 0x00000007aaa80000)
  object space 515072K, 99% used [0x0000000700000000,0x000000071f6e86f0,0x000000071f700000)
 PSPermGen       total 21504K, used 6389K [0x00000006f5a00000, 0x00000006f6f00000, 0x0000000700000000)
  object space 21504K, 29% used [0x00000006f5a00000,0x00000006f603d758,0x00000006f6f00000)
GC Heap History (10 events):
Event: 17.044 GC heap after
Heap after GC invocations=18 (full 3):
 PSYoungGen      total 598016K, used 48428K [0x00000007aaa80000, 0x00000007e1d80000, 0x0000000800000000)
  eden space 479232K, 0% used [0x00000007aaa80000,0x00000007aaa80000,0x00000007c7e80000)
  from space 118784K, 40% used [0x00000007c7e80000,0x00000007cadcb120,0x00000007cf280000)
  to   space 153088K, 0% used [0x00000007d8800000,0x00000007d8800000,0x00000007e1d80000)
 ParOldGen       total 450048K, used 287216K [0x0000000700000000, 0x000000071b780000, 0x00000007aaa80000)
  object space 450048K, 63% used [0x0000000700000000,0x000000071187c0e8,0x000000071b780000)
 PSPermGen       total 21504K, used 6220K [0x00000006f5a00000, 0x00000006f6f00000, 0x0000000700000000)
  object space 21504K, 28% used [0x00000006f5a00000,0x00000006f6013258,0x00000006f6f00000)
}
Event: 17.917 GC heap before
{Heap before GC invocations=19 (full 3):
 PSYoungGen      total 598016K, used 527660K [0x00000007aaa80000, 0x00000007e1d80000, 0x0000000800000000)
  eden space 479232K, 100% used [0x00000007aaa80000,0x00000007c7e80000,0x00000007c7e80000)
  from space 118784K, 40% used [0x00000007c7e80000,0x00000007cadcb120,0x00000007cf280000)
  to   space 153088K, 0% used [0x00000007d8800000,0x00000007d8800000,0x00000007e1d80000)
 ParOldGen       total 450048K, used 287216K [0x0000000700000000, 0x000000071b780000, 0x00000007aaa80000)
  object space 450048K, 63% used [0x0000000700000000,0x000000071187c0e8,0x000000071b780000)
 PSPermGen       total 21504K, used 6241K [0x00000006f5a00000, 0x00000006f6f00000, 0x0000000700000000)
  object space 21504K, 29% used [0x00000006f5a00000,0x00000006f6018758,0x00000006f6f00000)
Event: 18.151 GC heap after
Heap after GC invocations=19 (full 3):
 PSYoungGen      total 740864K, used 112057K [0x00000007aaa80000, 0x00000007e2f00000, 0x0000000800000000)
  eden space 587776K, 0% used [0x00000007aaa80000,0x00000007aaa80000,0x00000007ce880000)
  from space 153088K, 73% used [0x00000007d8800000,0x00000007df56e4c8,0x00000007e1d80000)
  to   space 163328K, 0% used [0x00000007ce880000,0x00000007ce880000,0x00000007d8800000)
 ParOldGen       total 450048K, used 304303K [0x0000000700000000, 0x000000071b780000, 0x00000007aaa80000)
  object space 450048K, 67% used [0x0000000700000000,0x000000071292bff8,0x000000071b780000)
 PSPermGen       total 21504K, used 6241K [0x00000006f5a00000, 0x00000006f6f00000, 0x0000000700000000)
  object space 21504K, 29% used [0x00000006f5a00000,0x00000006f6018758,0x00000006f6f00000)
}
Event: 19.420 GC heap before
{Heap before GC invocations=20 (full 3):
 PSYoungGen      total 740864K, used 699833K [0x00000007aaa80000, 0x00000007e2f00000, 0x0000000800000000)
  eden space 587776K, 100% used [0x00000007aaa80000,0x00000007ce880000,0x00000007ce880000)
  from space 153088K, 73% used [0x00000007d8800000,0x00000007df56e4c8,0x00000007e1d80000)
  to   space 163328K, 0% used [0x00000007ce880000,0x00000007ce880000,0x00000007d8800000)
 ParOldGen       total 450048K, used 304303K [0x0000000700000000, 0x000000071b780000, 0x00000007aaa80000)
  object space 450048K, 67% used [0x0000000700000000,0x000000071292bff8,0x000000071b780000)
 PSPermGen       total 21504K, used 6283K [0x00000006f5a00000, 0x00000006f6f00000, 0x0000000700000000)
  object space 21504K, 29% used [0x00000006f5a00000,0x00000006f6022ff0,0x00000006f6f00000)
Event: 19.657 GC heap after
Heap after GC invocations=20 (full 3):
 PSYoungGen      total 751104K, used 163309K [0x00000007aaa80000, 0x00000007ed780000, 0x0000000800000000)
  eden space 587776K, 0% used [0x00000007aaa80000,0x00000007aaa80000,0x00000007ce880000)
  from space 163328K, 99% used [0x00000007ce880000,0x00000007d87fb548,0x00000007d8800000)
  to   space 203264K, 0% used [0x00000007e1100000,0x00000007e1100000,0x00000007ed780000)
 ParOldGen       total 450048K, used 338777K [0x0000000700000000, 0x000000071b780000, 0x00000007aaa80000)
  object space 450048K, 75% used [0x0000000700000000,0x0000000714ad6520,0x000000071b780000)
 PSPermGen       total 21504K, used 6283K [0x00000006f5a00000, 0x00000006f6f00000, 0x0000000700000000)
  object space 21504K, 29% used [0x00000006f5a00000,0x00000006f6022ff0,0x00000006f6f00000)
}
Event: 20.794 GC heap before
{Heap before GC invocations=21 (full 3):
 PSYoungGen      total 751104K, used 751085K [0x00000007aaa80000, 0x00000007ed780000, 0x0000000800000000)
  eden space 587776K, 100% used [0x00000007aaa80000,0x00000007ce880000,0x00000007ce880000)
  from space 163328K, 99% used [0x00000007ce880000,0x00000007d87fb548,0x00000007d8800000)
  to   space 203264K, 0% used [0x00000007e1100000,0x00000007e1100000,0x00000007ed780000)
 ParOldGen       total 450048K, used 338777K [0x0000000700000000, 0x000000071b780000, 0x00000007aaa80000)
  object space 450048K, 75% used [0x0000000700000000,0x0000000714ad6520,0x000000071b780000)
 PSPermGen       total 21504K, used 6286K [0x00000006f5a00000, 0x00000006f6f00000, 0x0000000700000000)
  object space 21504K, 29% used [0x00000006f5a00000,0x00000006f60239d8,0x00000006f6f00000)
Event: 21.109 GC heap after
Heap after GC invocations=21 (full 3):
 PSYoungGen      total 841728K, used 203237K [0x00000007aaa80000, 0x00000007f4200000, 0x0000000800000000)
  eden space 638464K, 0% used [0x00000007aaa80000,0x00000007aaa80000,0x00000007d1a00000)
  from space 203264K, 99% used [0x00000007e1100000,0x00000007ed779590,0x00000007ed780000)
  to   space 252928K, 0% used [0x00000007d1a00000,0x00000007d1a00000,0x00000007e1100000)
 ParOldGen       total 450048K, used 380954K [0x0000000700000000, 0x000000071b780000, 0x00000007aaa80000)
  object space 450048K, 84% used [0x0000000700000000,0x0000000717406a38,0x000000071b780000)
 PSPermGen       total 21504K, used 6286K [0x00000006f5a00000, 0x00000006f6f00000, 0x0000000700000000)
  object space 21504K, 29% used [0x00000006f5a00000,0x00000006f60239d8,0x00000006f6f00000)
}
Event: 22.348 GC heap before
{Heap before GC invocations=22 (full 3):
 PSYoungGen      total 841728K, used 841701K [0x00000007aaa80000, 0x00000007f4200000, 0x0000000800000000)
  eden space 638464K, 100% used [0x00000007aaa80000,0x00000007d1a00000,0x00000007d1a00000)
  from space 203264K, 99% used [0x00000007e1100000,0x00000007ed779590,0x00000007ed780000)
  to   space 252928K, 0% used [0x00000007d1a00000,0x00000007d1a00000,0x00000007e1100000)
 ParOldGen       total 450048K, used 380954K [0x0000000700000000, 0x000000071b780000, 0x00000007aaa80000)
  object space 450048K, 84% used [0x0000000700000000,0x0000000717406a38,0x000000071b780000)
 PSPermGen       total 21504K, used 6390K [0x00000006f5a00000, 0x00000006f6f00000, 0x0000000700000000)
  object space 21504K, 29% used [0x00000006f5a00000,0x00000006f603d818,0x00000006f6f00000)
Event: 22.685 GC heap after
Heap after GC invocations=22 (full 3):
 PSYoungGen      total 891392K, used 172451K [0x00000007aaa80000, 0x00000007f9d00000, 0x0000000800000000)
  eden space 638464K, 0% used [0x00000007aaa80000,0x00000007aaa80000,0x00000007d1a00000)
  from space 252928K, 68% used [0x00000007d1a00000,0x00000007dc268dd0,0x00000007e1100000)
  to   space 266240K, 0% used [0x00000007e9900000,0x00000007e9900000,0x00000007f9d00000)
 ParOldGen       total 515072K, used 513904K [0x0000000700000000, 0x000000071f700000, 0x00000007aaa80000)
  object space 515072K, 99% used [0x0000000700000000,0x000000071f5dc130,0x000000071f700000)
 PSPermGen       total 21504K, used 6390K [0x00000006f5a00000, 0x00000006f6f00000, 0x0000000700000000)
  object space 21504K, 29% used [0x00000006f5a00000,0x00000006f603d818,0x00000006f6f00000)
}
Event: 22.685 GC heap before
{Heap before GC invocations=23 (full 4):
 PSYoungGen      total 891392K, used 172451K [0x00000007aaa80000, 0x00000007f9d00000, 0x0000000800000000)
  eden space 638464K, 0% used [0x00000007aaa80000,0x00000007aaa80000,0x00000007d1a00000)
  from space 252928K, 68% used [0x00000007d1a00000,0x00000007dc268dd0,0x00000007e1100000)
  to   space 266240K, 0% used [0x00000007e9900000,0x00000007e9900000,0x00000007f9d00000)
 ParOldGen       total 515072K, used 513904K [0x0000000700000000, 0x000000071f700000, 0x00000007aaa80000)
  object space 515072K, 99% used [0x0000000700000000,0x000000071f5dc130,0x000000071f700000)
 PSPermGen       total 21504K, used 6390K [0x00000006f5a00000, 0x00000006f6f00000, 0x0000000700000000)
  object space 21504K, 29% used [0x00000006f5a00000,0x00000006f603d818,0x00000006f6f00000)

