# JRE version: OpenJDK Runtime Environment (7.0_79-b14) (build 1.7.0_79-b14)
# Java VM: OpenJDK 64-Bit Server VM (24.79-b02 mixed mode linux-amd64 compressed oops)
Heap
 PSYoungGen      total 1016320K, used 144572K [0x00000007aaa80000, 0x00000007f9d00000, 0x0000000800000000)
  eden space 791040K, 0% used [0x00000007aaa80000,0x00000007aaa80000,0x00000007daf00000)
  from space 225280K, 64% used [0x00000007e9680000,0x00000007f23af0a0,0x00000007f7280000)
  to   space 237056K, 0% used [0x00000007daf00000,0x00000007daf00000,0x00000007e9680000)
 ParOldGen       total 488448K, used 487960K [0x0000000700000000, 0x000000071dd00000, 0x00000007aaa80000)
  object space 488448K, 99% used [0x0000000700000000,0x000000071dc860e0,0x000000071dd00000)
 PSPermGen       total 21504K, used 6291K [0x00000006f5a00000, 0x00000006f6f00000, 0x0000000700000000)
  object space 21504K, 29% used [0x00000006f5a00000,0x00000006f6024c00,0x00000006f6f00000)
GC Heap History (10 events):
Event: 15.211 GC heap after
Heap after GC invocations=15 (full 3):
 PSYoungGen      total 687616K, used 0K [0x00000007aaa80000, 0x00000007dd600000, 0x0000000800000000)
  eden space 551424K, 0% used [0x00000007aaa80000,0x00000007aaa80000,0x00000007cc500000)
  from space 136192K, 0% used [0x00000007d5100000,0x00000007d5100000,0x00000007dd600000)
  to   space 139776K, 0% used [0x00000007cc500000,0x00000007cc500000,0x00000007d4d80000)
 ParOldGen       total 458752K, used 284471K [0x0000000700000000, 0x000000071c000000, 0x00000007aaa80000)
  object space 458752K, 62% used [0x0000000700000000,0x00000007115cdd10,0x000000071c000000)
 PSPermGen       total 21504K, used 6203K [0x00000006f5a00000, 0x00000006f6f00000, 0x0000000700000000)
  object space 21504K, 28% used [0x00000006f5a00000,0x00000006f600ee18,0x00000006f6f00000)
}
Event: 16.292 GC heap before
{Heap before GC invocations=16 (full 3):
 PSYoungGen      total 687616K, used 551424K [0x00000007aaa80000, 0x00000007dd600000, 0x0000000800000000)
  eden space 551424K, 100% used [0x00000007aaa80000,0x00000007cc500000,0x00000007cc500000)
  from space 136192K, 0% used [0x00000007d5100000,0x00000007d5100000,0x00000007dd600000)
  to   space 139776K, 0% used [0x00000007cc500000,0x00000007cc500000,0x00000007d4d80000)
 ParOldGen       total 458752K, used 284471K [0x0000000700000000, 0x000000071c000000, 0x00000007aaa80000)
  object space 458752K, 62% used [0x0000000700000000,0x00000007115cdd10,0x000000071c000000)
 PSPermGen       total 21504K, used 6225K [0x00000006f5a00000, 0x00000006f6f00000, 0x0000000700000000)
  object space 21504K, 28% used [0x00000006f5a00000,0x00000006f6014770,0x00000006f6f00000)
Event: 16.382 GC heap after
Heap after GC invocations=16 (full 3):
 PSYoungGen      total 691200K, used 89995K [0x00000007aaa80000, 0x00000007e5280000, 0x0000000800000000)
  eden space 551424K, 0% used [0x00000007aaa80000,0x00000007aaa80000,0x00000007cc500000)
  from space 139776K, 64% used [0x00000007cc500000,0x00000007d1ce2ff8,0x00000007d4d80000)
  to   space 144384K, 0% used [0x00000007dc580000,0x00000007dc580000,0x00000007e5280000)
 ParOldGen       total 458752K, used 284471K [0x0000000700000000, 0x000000071c000000, 0x00000007aaa80000)
  object space 458752K, 62% used [0x0000000700000000,0x00000007115cdd10,0x000000071c000000)
 PSPermGen       total 21504K, used 6225K [0x00000006f5a00000, 0x00000006f6f00000, 0x0000000700000000)
  object space 21504K, 28% used [0x00000006f5a00000,0x00000006f6014770,0x00000006f6f00000)
}
Event: 17.499 GC heap before
{Heap before GC invocations=17 (full 3):
 PSYoungGen      total 691200K, used 641419K [0x00000007aaa80000, 0x00000007e5280000, 0x0000000800000000)
  eden space 551424K, 100% used [0x00000007aaa80000,0x00000007cc500000,0x00000007cc500000)
  from space 139776K, 64% used [0x00000007cc500000,0x00000007d1ce2ff8,0x00000007d4d80000)
  to   space 144384K, 0% used [0x00000007dc580000,0x00000007dc580000,0x00000007e5280000)
 ParOldGen       total 458752K, used 284471K [0x0000000700000000, 0x000000071c000000, 0x00000007aaa80000)
  object space 458752K, 62% used [0x0000000700000000,0x00000007115cdd10,0x000000071c000000)
 PSPermGen       total 21504K, used 6275K [0x00000006f5a00000, 0x00000006f6f00000, 0x0000000700000000)
  object space 21504K, 29% used [0x00000006f5a00000,0x00000006f6020da8,0x00000006f6f00000)
Event: 17.743 GC heap after
Heap after GC invocations=17 (full 3):
 PSYoungGen      total 780288K, used 144364K [0x00000007aaa80000, 0x00000007ea580000, 0x0000000800000000)
  eden space 635904K, 0% used [0x00000007aaa80000,0x00000007aaa80000,0x00000007d1780000)
  from space 144384K, 99% used [0x00000007dc580000,0x00000007e527b110,0x00000007e5280000)
  to   space 178176K, 0% used [0x00000007d1780000,0x00000007d1780000,0x00000007dc580000)
 ParOldGen       total 458752K, used 313471K [0x0000000700000000, 0x000000071c000000, 0x00000007aaa80000)
  object space 458752K, 68% used [0x0000000700000000,0x000000071321fc08,0x000000071c000000)
 PSPermGen       total 21504K, used 6275K [0x00000006f5a00000, 0x00000006f6f00000, 0x0000000700000000)
  object space 21504K, 29% used [0x00000006f5a00000,0x00000006f6020da8,0x00000006f6f00000)
}
Event: 18.988 GC heap before
{Heap before GC invocations=18 (full 3):
 PSYoungGen      total 780288K, used 780268K [0x00000007aaa80000, 0x00000007ea580000, 0x0000000800000000)
  eden space 635904K, 100% used [0x00000007aaa80000,0x00000007d1780000,0x00000007d1780000)
  from space 144384K, 99% used [0x00000007dc580000,0x00000007e527b110,0x00000007e5280000)
  to   space 178176K, 0% used [0x00000007d1780000,0x00000007d1780000,0x00000007dc580000)
 ParOldGen       total 458752K, used 313471K [0x0000000700000000, 0x000000071c000000, 0x00000007aaa80000)
  object space 458752K, 68% used [0x0000000700000000,0x000000071321fc08,0x000000071c000000)
 PSPermGen       total 21504K, used 6281K [0x00000006f5a00000, 0x00000006f6f00000, 0x0000000700000000)
  object space 21504K, 29% used [0x00000006f5a00000,0x00000006f6022760,0x00000006f6f00000)
Event: 19.238 GC heap after
Heap after GC invocations=18 (full 3):
 PSYoungGen      total 814080K, used 178162K [0x00000007aaa80000, 0x00000007f7280000, 0x0000000800000000)
  eden space 635904K, 0% used [0x00000007aaa80000,0x00000007aaa80000,0x00000007d1780000)
  from space 178176K, 99% used [0x00000007d1780000,0x00000007dc57c810,0x00000007dc580000)
  to   space 225280K, 0% used [0x00000007e9680000,0x00000007e9680000,0x00000007f7280000)
 ParOldGen       total 458752K, used 362221K [0x0000000700000000, 0x000000071c000000, 0x00000007aaa80000)
  object space 458752K, 78% used [0x0000000700000000,0x00000007161bb4e8,0x000000071c000000)
 PSPermGen       total 21504K, used 6281K [0x00000006f5a00000, 0x00000006f6f00000, 0x0000000700000000)
  object space 21504K, 29% used [0x00000006f5a00000,0x00000006f6022760,0x00000006f6f00000)
}
Event: 20.477 GC heap before
{Heap before GC invocations=19 (full 3):
 PSYoungGen      total 814080K, used 814066K [0x00000007aaa80000, 0x00000007f7280000, 0x0000000800000000)
  eden space 635904K, 100% used [0x00000007aaa80000,0x00000007d1780000,0x00000007d1780000)
  from space 178176K, 99% used [0x00000007d1780000,0x00000007dc57c810,0x00000007dc580000)
  to   space 225280K, 0% used [0x00000007e9680000,0x00000007e9680000,0x00000007f7280000)
 ParOldGen       total 458752K, used 362221K [0x0000000700000000, 0x000000071c000000, 0x00000007aaa80000)
  object space 458752K, 78% used [0x0000000700000000,0x00000007161bb4e8,0x000000071c000000)
 PSPermGen       total 21504K, used 6291K [0x00000006f5a00000, 0x00000006f6f00000, 0x0000000700000000)
  object space 21504K, 29% used [0x00000006f5a00000,0x00000006f6024d00,0x00000006f6f00000)
Event: 20.879 GC heap after
Heap after GC invocations=19 (full 3):
 PSYoungGen      total 1016320K, used 155095K [0x00000007aaa80000, 0x00000007f9d00000, 0x0000000800000000)
  eden space 791040K, 0% used [0x00000007aaa80000,0x00000007aaa80000,0x00000007daf00000)
  from space 225280K, 68% used [0x00000007e9680000,0x00000007f2df5d68,0x00000007f7280000)
  to   space 237056K, 0% used [0x00000007daf00000,0x00000007daf00000,0x00000007e9680000)
 ParOldGen       total 488448K, used 488388K [0x0000000700000000, 0x000000071dd00000, 0x00000007aaa80000)
  object space 488448K, 99% used [0x0000000700000000,0x000000071dcf1068,0x000000071dd00000)
 PSPermGen       total 21504K, used 6291K [0x00000006f5a00000, 0x00000006f6f00000, 0x0000000700000000)
  object space 21504K, 29% used [0x00000006f5a00000,0x00000006f6024d00,0x00000006f6f00000)
}
Event: 20.879 GC heap before
{Heap before GC invocations=20 (full 4):
 PSYoungGen      total 1016320K, used 155095K [0x00000007aaa80000, 0x00000007f9d00000, 0x0000000800000000)
  eden space 791040K, 0% used [0x00000007aaa80000,0x00000007aaa80000,0x00000007daf00000)
  from space 225280K, 68% used [0x00000007e9680000,0x00000007f2df5d68,0x00000007f7280000)
  to   space 237056K, 0% used [0x00000007daf00000,0x00000007daf00000,0x00000007e9680000)
 ParOldGen       total 488448K, used 488388K [0x0000000700000000, 0x000000071dd00000, 0x00000007aaa80000)
  object space 488448K, 99% used [0x0000000700000000,0x000000071dcf1068,0x000000071dd00000)
 PSPermGen       total 21504K, used 6291K [0x00000006f5a00000, 0x00000006f6f00000, 0x0000000700000000)
  object space 21504K, 29% used [0x00000006f5a00000,0x00000006f6024d00,0x00000006f6f00000)

