# JRE version: OpenJDK Runtime Environment (7.0_79-b14) (build 1.7.0_79-b14)
# Java VM: OpenJDK 64-Bit Server VM (24.79-b02 mixed mode linux-amd64 compressed oops)
Heap
 PSYoungGen      total 509952K, used 46107K [0x00000007aaa80000, 0x00000007d8200000, 0x0000000800000000)
  eden space 432128K, 0% used [0x00000007aaa80000,0x00000007aaa80000,0x00000007c5080000)
  from space 77824K, 59% used [0x00000007c5080000,0x00000007c7d86c38,0x00000007c9c80000)
  to   space 88064K, 0% used [0x00000007d2c00000,0x00000007d2c00000,0x00000007d8200000)
 ParOldGen       total 269824K, used 269558K [0x0000000700000000, 0x0000000710780000, 0x00000007aaa80000)
  object space 269824K, 99% used [0x0000000700000000,0x000000071073d998,0x0000000710780000)
 PSPermGen       total 21504K, used 6254K [0x00000006f5a00000, 0x00000006f6f00000, 0x0000000700000000)
  object space 21504K, 29% used [0x00000006f5a00000,0x00000006f601bb50,0x00000006f6f00000)
GC Heap History (10 events):
Event: 8.373 GC heap after
Heap after GC invocations=11 (full 1):
 PSYoungGen      total 369152K, used 54774K [0x00000007aaa80000, 0x00000007c8f80000, 0x0000000800000000)
  eden space 314368K, 0% used [0x00000007aaa80000,0x00000007aaa80000,0x00000007bdd80000)
  from space 54784K, 99% used [0x00000007c5a00000,0x00000007c8f7da30,0x00000007c8f80000)
  to   space 68096K, 0% used [0x00000007c0a80000,0x00000007c0a80000,0x00000007c4d00000)
 ParOldGen       total 154112K, used 95827K [0x0000000700000000, 0x0000000709680000, 0x00000007aaa80000)
  object space 154112K, 62% used [0x0000000700000000,0x0000000705d94fe0,0x0000000709680000)
 PSPermGen       total 21504K, used 6106K [0x00000006f5a00000, 0x00000006f6f00000, 0x0000000700000000)
  object space 21504K, 28% used [0x00000006f5a00000,0x00000006f5ff6b50,0x00000006f6f00000)
}
Event: 9.455 GC heap before
{Heap before GC invocations=12 (full 1):
 PSYoungGen      total 369152K, used 369142K [0x00000007aaa80000, 0x00000007c8f80000, 0x0000000800000000)
  eden space 314368K, 100% used [0x00000007aaa80000,0x00000007bdd80000,0x00000007bdd80000)
  from space 54784K, 99% used [0x00000007c5a00000,0x00000007c8f7da30,0x00000007c8f80000)
  to   space 68096K, 0% used [0x00000007c0a80000,0x00000007c0a80000,0x00000007c4d00000)
 ParOldGen       total 154112K, used 95827K [0x0000000700000000, 0x0000000709680000, 0x00000007aaa80000)
  object space 154112K, 62% used [0x0000000700000000,0x0000000705d94fe0,0x0000000709680000)
 PSPermGen       total 21504K, used 6120K [0x00000006f5a00000, 0x00000006f6f00000, 0x0000000700000000)
  object space 21504K, 28% used [0x00000006f5a00000,0x00000006f5ffa3f0,0x00000006f6f00000)
Event: 10.204 GC heap after
Heap after GC invocations=12 (full 1):
 PSYoungGen      total 428544K, used 50790K [0x00000007aaa80000, 0x00000007ce380000, 0x0000000800000000)
  eden space 360448K, 0% used [0x00000007aaa80000,0x00000007aaa80000,0x00000007c0a80000)
  from space 68096K, 74% used [0x00000007c0a80000,0x00000007c3c19af8,0x00000007c4d00000)
  to   space 72704K, 0% used [0x00000007c9c80000,0x00000007c9c80000,0x00000007ce380000)
 ParOldGen       total 154112K, used 150068K [0x0000000700000000, 0x0000000709680000, 0x00000007aaa80000)
  object space 154112K, 97% used [0x0000000700000000,0x000000070928d030,0x0000000709680000)
 PSPermGen       total 21504K, used 6120K [0x00000006f5a00000, 0x00000006f6f00000, 0x0000000700000000)
  object space 21504K, 28% used [0x00000006f5a00000,0x00000006f5ffa3f0,0x00000006f6f00000)
}
Event: 10.204 GC heap before
{Heap before GC invocations=13 (full 2):
 PSYoungGen      total 428544K, used 50790K [0x00000007aaa80000, 0x00000007ce380000, 0x0000000800000000)
  eden space 360448K, 0% used [0x00000007aaa80000,0x00000007aaa80000,0x00000007c0a80000)
  from space 68096K, 74% used [0x00000007c0a80000,0x00000007c3c19af8,0x00000007c4d00000)
  to   space 72704K, 0% used [0x00000007c9c80000,0x00000007c9c80000,0x00000007ce380000)
 ParOldGen       total 154112K, used 150068K [0x0000000700000000, 0x0000000709680000, 0x00000007aaa80000)
  object space 154112K, 97% used [0x0000000700000000,0x000000070928d030,0x0000000709680000)
 PSPermGen       total 21504K, used 6120K [0x00000006f5a00000, 0x00000006f6f00000, 0x0000000700000000)
  object space 21504K, 28% used [0x00000006f5a00000,0x00000006f5ffa3f0,0x00000006f6f00000)
Event: 12.263 GC heap after
Heap after GC invocations=13 (full 2):
 PSYoungGen      total 428544K, used 40783K [0x00000007aaa80000, 0x00000007ce380000, 0x0000000800000000)
  eden space 360448K, 0% used [0x00000007aaa80000,0x00000007aaa80000,0x00000007c0a80000)
  from space 68096K, 59% used [0x00000007c0a80000,0x00000007c3253c60,0x00000007c4d00000)
  to   space 72704K, 0% used [0x00000007c9c80000,0x00000007c9c80000,0x00000007ce380000)
 ParOldGen       total 269824K, used 153915K [0x0000000700000000, 0x0000000710780000, 0x00000007aaa80000)
  object space 269824K, 57% used [0x0000000700000000,0x000000070964ecc8,0x0000000710780000)
 PSPermGen       total 21504K, used 6120K [0x00000006f5a00000, 0x00000006f6f00000, 0x0000000700000000)
  object space 21504K, 28% used [0x00000006f5a00000,0x00000006f5ffa2d0,0x00000006f6f00000)
}
Event: 13.476 GC heap before
{Heap before GC invocations=14 (full 2):
 PSYoungGen      total 428544K, used 401231K [0x00000007aaa80000, 0x00000007ce380000, 0x0000000800000000)
  eden space 360448K, 100% used [0x00000007aaa80000,0x00000007c0a80000,0x00000007c0a80000)
  from space 68096K, 59% used [0x00000007c0a80000,0x00000007c3253c60,0x00000007c4d00000)
  to   space 72704K, 0% used [0x00000007c9c80000,0x00000007c9c80000,0x00000007ce380000)
 ParOldGen       total 269824K, used 153915K [0x0000000700000000, 0x0000000710780000, 0x00000007aaa80000)
  object space 269824K, 57% used [0x0000000700000000,0x000000070964ecc8,0x0000000710780000)
 PSPermGen       total 21504K, used 6238K [0x00000006f5a00000, 0x00000006f6f00000, 0x0000000700000000)
  object space 21504K, 29% used [0x00000006f5a00000,0x00000006f6017bc0,0x00000006f6f00000)
Event: 64.646 GC heap after
Heap after GC invocations=14 (full 2):
 PSYoungGen      total 504832K, used 54897K [0x00000007aaa80000, 0x00000007d1b80000, 0x0000000800000000)
  eden space 432128K, 0% used [0x00000007aaa80000,0x00000007aaa80000,0x00000007c5080000)
  from space 72704K, 75% used [0x00000007c9c80000,0x00000007cd21c650,0x00000007ce380000)
  to   space 77824K, 0% used [0x00000007c5080000,0x00000007c5080000,0x00000007c9c80000)
 ParOldGen       total 269824K, used 193362K [0x0000000700000000, 0x0000000710780000, 0x00000007aaa80000)
  object space 269824K, 71% used [0x0000000700000000,0x000000070bcd4880,0x0000000710780000)
 PSPermGen       total 21504K, used 6238K [0x00000006f5a00000, 0x00000006f6f00000, 0x0000000700000000)
  object space 21504K, 29% used [0x00000006f5a00000,0x00000006f6017bc0,0x00000006f6f00000)
}
Event: 69.470 GC heap before
{Heap before GC invocations=15 (full 2):
 PSYoungGen      total 504832K, used 487025K [0x00000007aaa80000, 0x00000007d1b80000, 0x0000000800000000)
  eden space 432128K, 100% used [0x00000007aaa80000,0x00000007c5080000,0x00000007c5080000)
  from space 72704K, 75% used [0x00000007c9c80000,0x00000007cd21c650,0x00000007ce380000)
  to   space 77824K, 0% used [0x00000007c5080000,0x00000007c5080000,0x00000007c9c80000)
 ParOldGen       total 269824K, used 193362K [0x0000000700000000, 0x0000000710780000, 0x00000007aaa80000)
  object space 269824K, 71% used [0x0000000700000000,0x000000070bcd4880,0x0000000710780000)
 PSPermGen       total 21504K, used 6254K [0x00000006f5a00000, 0x00000006f6f00000, 0x0000000700000000)
  object space 21504K, 29% used [0x00000006f5a00000,0x00000006f601bbd0,0x00000006f6f00000)
Event: 70.291 GC heap after
Heap after GC invocations=15 (full 2):
 PSYoungGen      total 509952K, used 72035K [0x00000007aaa80000, 0x00000007d8200000, 0x0000000800000000)
  eden space 432128K, 0% used [0x00000007aaa80000,0x00000007aaa80000,0x00000007c5080000)
  from space 77824K, 92% used [0x00000007c5080000,0x00000007c96d8d20,0x00000007c9c80000)
  to   space 88064K, 0% used [0x00000007d2c00000,0x00000007d2c00000,0x00000007d8200000)
 ParOldGen       total 269824K, used 246374K [0x0000000700000000, 0x0000000710780000, 0x00000007aaa80000)
  object space 269824K, 91% used [0x0000000700000000,0x000000070f099950,0x0000000710780000)
 PSPermGen       total 21504K, used 6254K [0x00000006f5a00000, 0x00000006f6f00000, 0x0000000700000000)
  object space 21504K, 29% used [0x00000006f5a00000,0x00000006f601bbd0,0x00000006f6f00000)
}
Event: 72.013 GC heap before
{Heap before GC invocations=16 (full 3):
 PSYoungGen      total 509952K, used 72035K [0x00000007aaa80000, 0x00000007d8200000, 0x0000000800000000)
  eden space 432128K, 0% used [0x00000007aaa80000,0x00000007aaa80000,0x00000007c5080000)
  from space 77824K, 92% used [0x00000007c5080000,0x00000007c96d8d20,0x00000007c9c80000)
  to   space 88064K, 0% used [0x00000007d2c00000,0x00000007d2c00000,0x00000007d8200000)
 ParOldGen       total 269824K, used 246374K [0x0000000700000000, 0x0000000710780000, 0x00000007aaa80000)
  object space 269824K, 91% used [0x0000000700000000,0x000000070f099950,0x0000000710780000)
 PSPermGen       total 21504K, used 6254K [0x00000006f5a00000, 0x00000006f6f00000, 0x0000000700000000)
  object space 21504K, 29% used [0x00000006f5a00000,0x00000006f601bbd0,0x00000006f6f00000)

