# JRE version: OpenJDK Runtime Environment (7.0_79-b14) (build 1.7.0_79-b14)
# Java VM: OpenJDK 64-Bit Server VM (24.79-b02 mixed mode linux-amd64 compressed oops)
Heap
 PSYoungGen      total 779264K, used 165364K [0x00000007aaa80000, 0x00000007e4b80000, 0x0000000800000000)
  eden space 613888K, 0% used [0x00000007aaa80000,0x00000007aaa80000,0x00000007d0200000)
  from space 165376K, 99% used [0x00000007d0200000,0x00000007da37d2c0,0x00000007da380000)
  to   space 152064K, 0% used [0x00000007da380000,0x00000007da380000,0x00000007e3800000)
 ParOldGen       total 440320K, used 334640K [0x0000000700000000, 0x000000071ae00000, 0x00000007aaa80000)
  object space 440320K, 75% used [0x0000000700000000,0x00000007146cc320,0x000000071ae00000)
 PSPermGen       total 21504K, used 6284K [0x00000006f5a00000, 0x00000006f6f00000, 0x0000000700000000)
  object space 21504K, 29% used [0x00000006f5a00000,0x00000006f6023028,0x00000006f6f00000)
GC Heap History (10 events):
Event: 19.130 GC heap after
Heap after GC invocations=15 (full 2):
 PSYoungGen      total 505344K, used 60484K [0x00000007aaa80000, 0x00000007d6080000, 0x0000000800000000)
  eden space 404992K, 0% used [0x00000007aaa80000,0x00000007aaa80000,0x00000007c3600000)
  from space 100352K, 60% used [0x00000007c3600000,0x00000007c7111388,0x00000007c9800000)
  to   space 102400K, 0% used [0x00000007cfc80000,0x00000007cfc80000,0x00000007d6080000)
 ParOldGen       total 284672K, used 218426K [0x0000000700000000, 0x0000000711600000, 0x00000007aaa80000)
  object space 284672K, 76% used [0x0000000700000000,0x000000070d54ebd0,0x0000000711600000)
 PSPermGen       total 21504K, used 6203K [0x00000006f5a00000, 0x00000006f6f00000, 0x0000000700000000)
  object space 21504K, 28% used [0x00000006f5a00000,0x00000006f600eea0,0x00000006f6f00000)
}
Event: 20.269 GC heap before
{Heap before GC invocations=16 (full 2):
 PSYoungGen      total 505344K, used 465476K [0x00000007aaa80000, 0x00000007d6080000, 0x0000000800000000)
  eden space 404992K, 100% used [0x00000007aaa80000,0x00000007c3600000,0x00000007c3600000)
  from space 100352K, 60% used [0x00000007c3600000,0x00000007c7111388,0x00000007c9800000)
  to   space 102400K, 0% used [0x00000007cfc80000,0x00000007cfc80000,0x00000007d6080000)
 ParOldGen       total 284672K, used 218426K [0x0000000700000000, 0x0000000711600000, 0x00000007aaa80000)
  object space 284672K, 76% used [0x0000000700000000,0x000000070d54ebd0,0x0000000711600000)
 PSPermGen       total 21504K, used 6203K [0x00000006f5a00000, 0x00000006f6f00000, 0x0000000700000000)
  object space 21504K, 28% used [0x00000006f5a00000,0x00000006f600efd8,0x00000006f6f00000)
Event: 20.445 GC heap after
Heap after GC invocations=16 (full 2):
 PSYoungGen      total 593408K, used 98434K [0x00000007aaa80000, 0x00000007d8280000, 0x0000000800000000)
  eden space 491008K, 0% used [0x00000007aaa80000,0x00000007aaa80000,0x00000007c8a00000)
  from space 102400K, 96% used [0x00000007cfc80000,0x00000007d5ca0a90,0x00000007d6080000)
  to   space 117248K, 0% used [0x00000007c8a00000,0x00000007c8a00000,0x00000007cfc80000)
 ParOldGen       total 284672K, used 218426K [0x0000000700000000, 0x0000000711600000, 0x00000007aaa80000)
  object space 284672K, 76% used [0x0000000700000000,0x000000070d54ebd0,0x0000000711600000)
 PSPermGen       total 21504K, used 6203K [0x00000006f5a00000, 0x00000006f6f00000, 0x0000000700000000)
  object space 21504K, 28% used [0x00000006f5a00000,0x00000006f600efd8,0x00000006f6f00000)
}
Event: 21.694 GC heap before
{Heap before GC invocations=17 (full 2):
 PSYoungGen      total 593408K, used 589442K [0x00000007aaa80000, 0x00000007d8280000, 0x0000000800000000)
  eden space 491008K, 100% used [0x00000007aaa80000,0x00000007c8a00000,0x00000007c8a00000)
  from space 102400K, 96% used [0x00000007cfc80000,0x00000007d5ca0a90,0x00000007d6080000)
  to   space 117248K, 0% used [0x00000007c8a00000,0x00000007c8a00000,0x00000007cfc80000)
 ParOldGen       total 284672K, used 218426K [0x0000000700000000, 0x0000000711600000, 0x00000007aaa80000)
  object space 284672K, 76% used [0x0000000700000000,0x000000070d54ebd0,0x0000000711600000)
 PSPermGen       total 21504K, used 6220K [0x00000006f5a00000, 0x00000006f6f00000, 0x0000000700000000)
  object space 21504K, 28% used [0x00000006f5a00000,0x00000006f6013378,0x00000006f6f00000)
Event: 21.920 GC heap after
Heap after GC invocations=17 (full 2):
 PSYoungGen      total 608256K, used 117238K [0x00000007aaa80000, 0x00000007e3800000, 0x0000000800000000)
  eden space 491008K, 0% used [0x00000007aaa80000,0x00000007aaa80000,0x00000007c8a00000)
  from space 117248K, 99% used [0x00000007c8a00000,0x00000007cfc7d9f0,0x00000007cfc80000)
  to   space 152064K, 0% used [0x00000007da380000,0x00000007da380000,0x00000007e3800000)
 ParOldGen       total 284672K, used 259838K [0x0000000700000000, 0x0000000711600000, 0x00000007aaa80000)
  object space 284672K, 91% used [0x0000000700000000,0x000000070fdbfa38,0x0000000711600000)
 PSPermGen       total 21504K, used 6220K [0x00000006f5a00000, 0x00000006f6f00000, 0x0000000700000000)
  object space 21504K, 28% used [0x00000006f5a00000,0x00000006f6013378,0x00000006f6f00000)
}
Event: 21.920 GC heap before
{Heap before GC invocations=18 (full 3):
 PSYoungGen      total 608256K, used 117238K [0x00000007aaa80000, 0x00000007e3800000, 0x0000000800000000)
  eden space 491008K, 0% used [0x00000007aaa80000,0x00000007aaa80000,0x00000007c8a00000)
  from space 117248K, 99% used [0x00000007c8a00000,0x00000007cfc7d9f0,0x00000007cfc80000)
  to   space 152064K, 0% used [0x00000007da380000,0x00000007da380000,0x00000007e3800000)
 ParOldGen       total 284672K, used 259838K [0x0000000700000000, 0x0000000711600000, 0x00000007aaa80000)
  object space 284672K, 91% used [0x0000000700000000,0x000000070fdbfa38,0x0000000711600000)
 PSPermGen       total 21504K, used 6220K [0x00000006f5a00000, 0x00000006f6f00000, 0x0000000700000000)
  object space 21504K, 28% used [0x00000006f5a00000,0x00000006f6013378,0x00000006f6f00000)
Event: 23.403 GC heap after
Heap after GC invocations=18 (full 3):
 PSYoungGen      total 608256K, used 51663K [0x00000007aaa80000, 0x00000007e3800000, 0x0000000800000000)
  eden space 491008K, 0% used [0x00000007aaa80000,0x00000007aaa80000,0x00000007c8a00000)
  from space 117248K, 44% used [0x00000007c8a00000,0x00000007cbc73db8,0x00000007cfc80000)
  to   space 152064K, 0% used [0x00000007da380000,0x00000007da380000,0x00000007e3800000)
 ParOldGen       total 440320K, used 284279K [0x0000000700000000, 0x000000071ae00000, 0x00000007aaa80000)
  object space 440320K, 64% used [0x0000000700000000,0x000000071159dd60,0x000000071ae00000)
 PSPermGen       total 21504K, used 6220K [0x00000006f5a00000, 0x00000006f6f00000, 0x0000000700000000)
  object space 21504K, 28% used [0x00000006f5a00000,0x00000006f60132b8,0x00000006f6f00000)
}
Event: 24.644 GC heap before
{Heap before GC invocations=19 (full 3):
 PSYoungGen      total 608256K, used 542671K [0x00000007aaa80000, 0x00000007e3800000, 0x0000000800000000)
  eden space 491008K, 100% used [0x00000007aaa80000,0x00000007c8a00000,0x00000007c8a00000)
  from space 117248K, 44% used [0x00000007c8a00000,0x00000007cbc73db8,0x00000007cfc80000)
  to   space 152064K, 0% used [0x00000007da380000,0x00000007da380000,0x00000007e3800000)
 ParOldGen       total 440320K, used 284279K [0x0000000700000000, 0x000000071ae00000, 0x00000007aaa80000)
  object space 440320K, 64% used [0x0000000700000000,0x000000071159dd60,0x000000071ae00000)
 PSPermGen       total 21504K, used 6242K [0x00000006f5a00000, 0x00000006f6f00000, 0x0000000700000000)
  object space 21504K, 29% used [0x00000006f5a00000,0x00000006f6018a80,0x00000006f6f00000)
Event: 25.086 GC heap after
Heap after GC invocations=19 (full 3):
 PSYoungGen      total 765952K, used 119574K [0x00000007aaa80000, 0x00000007e4b80000, 0x0000000800000000)
  eden space 613888K, 0% used [0x00000007aaa80000,0x00000007aaa80000,0x00000007d0200000)
  from space 152064K, 78% used [0x00000007da380000,0x00000007e1845888,0x00000007e3800000)
  to   space 165376K, 0% used [0x00000007d0200000,0x00000007d0200000,0x00000007da380000)
 ParOldGen       total 440320K, used 293093K [0x0000000700000000, 0x000000071ae00000, 0x00000007aaa80000)
  object space 440320K, 66% used [0x0000000700000000,0x0000000711e395e0,0x000000071ae00000)
 PSPermGen       total 21504K, used 6242K [0x00000006f5a00000, 0x00000006f6f00000, 0x0000000700000000)
  object space 21504K, 29% used [0x00000006f5a00000,0x00000006f6018a80,0x00000006f6f00000)
}
Event: 26.841 GC heap before
{Heap before GC invocations=20 (full 3):
 PSYoungGen      total 765952K, used 733462K [0x00000007aaa80000, 0x00000007e4b80000, 0x0000000800000000)
  eden space 613888K, 100% used [0x00000007aaa80000,0x00000007d0200000,0x00000007d0200000)
  from space 152064K, 78% used [0x00000007da380000,0x00000007e1845888,0x00000007e3800000)
  to   space 165376K, 0% used [0x00000007d0200000,0x00000007d0200000,0x00000007da380000)
 ParOldGen       total 440320K, used 293093K [0x0000000700000000, 0x000000071ae00000, 0x00000007aaa80000)
  object space 440320K, 66% used [0x0000000700000000,0x0000000711e395e0,0x000000071ae00000)
 PSPermGen       total 21504K, used 6284K [0x00000006f5a00000, 0x00000006f6f00000, 0x0000000700000000)
  object space 21504K, 29% used [0x00000006f5a00000,0x00000006f6023028,0x00000006f6f00000)

