# JRE version: OpenJDK Runtime Environment (7.0_79-b14) (build 1.7.0_79-b14)
# Java VM: OpenJDK 64-Bit Server VM (24.79-b02 mixed mode linux-amd64 compressed oops)
Heap
 PSYoungGen      total 801280K, used 77062K [0x00000007aaa80000, 0x00000007ea880000, 0x0000000800000000)
  eden space 591360K, 0% used [0x00000007aaa80000,0x00000007aaa80000,0x00000007cec00000)
  from space 209920K, 36% used [0x00000007dc280000,0x00000007e0dc1998,0x00000007e8f80000)
  to   space 219648K, 0% used [0x00000007cec00000,0x00000007cec00000,0x00000007dc280000)
 ParOldGen       total 462336K, used 462063K [0x0000000700000000, 0x000000071c380000, 0x00000007aaa80000)
  object space 462336K, 99% used [0x0000000700000000,0x000000071c33bef8,0x000000071c380000)
 PSPermGen       total 21504K, used 6286K [0x00000006f5a00000, 0x00000006f6f00000, 0x0000000700000000)
  object space 21504K, 29% used [0x00000006f5a00000,0x00000006f6023be8,0x00000006f6f00000)
GC Heap History (10 events):
Event: 14.522 GC heap after
Heap after GC invocations=17 (full 3):
 PSYoungGen      total 581120K, used 9239K [0x00000007aaa80000, 0x00000007d8080000, 0x0000000800000000)
  eden space 454656K, 0% used [0x00000007aaa80000,0x00000007aaa80000,0x00000007c6680000)
  from space 126464K, 7% used [0x00000007cea80000,0x00000007cf385d30,0x00000007d6600000)
  to   space 135168K, 0% used [0x00000007c6680000,0x00000007c6680000,0x00000007cea80000)
 ParOldGen       total 462336K, used 292047K [0x0000000700000000, 0x000000071c380000, 0x00000007aaa80000)
  object space 462336K, 63% used [0x0000000700000000,0x0000000711d33d10,0x000000071c380000)
 PSPermGen       total 21504K, used 6205K [0x00000006f5a00000, 0x00000006f6f00000, 0x0000000700000000)
  object space 21504K, 28% used [0x00000006f5a00000,0x00000006f600f568,0x00000006f6f00000)
}
Event: 15.828 GC heap before
{Heap before GC invocations=18 (full 3):
 PSYoungGen      total 581120K, used 463895K [0x00000007aaa80000, 0x00000007d8080000, 0x0000000800000000)
  eden space 454656K, 100% used [0x00000007aaa80000,0x00000007c6680000,0x00000007c6680000)
  from space 126464K, 7% used [0x00000007cea80000,0x00000007cf385d30,0x00000007d6600000)
  to   space 135168K, 0% used [0x00000007c6680000,0x00000007c6680000,0x00000007cea80000)
 ParOldGen       total 462336K, used 292047K [0x0000000700000000, 0x000000071c380000, 0x00000007aaa80000)
  object space 462336K, 63% used [0x0000000700000000,0x0000000711d33d10,0x000000071c380000)
 PSPermGen       total 21504K, used 6220K [0x00000006f5a00000, 0x00000006f6f00000, 0x0000000700000000)
  object space 21504K, 28% used [0x00000006f5a00000,0x00000006f60131e0,0x00000006f6f00000)
Event: 15.974 GC heap after
Heap after GC invocations=18 (full 3):
 PSYoungGen      total 589824K, used 74759K [0x00000007aaa80000, 0x00000007dc880000, 0x0000000800000000)
  eden space 454656K, 0% used [0x00000007aaa80000,0x00000007aaa80000,0x00000007c6680000)
  from space 135168K, 55% used [0x00000007c6680000,0x00000007caf81d60,0x00000007cea80000)
  to   space 135168K, 0% used [0x00000007d4480000,0x00000007d4480000,0x00000007dc880000)
 ParOldGen       total 462336K, used 292047K [0x0000000700000000, 0x000000071c380000, 0x00000007aaa80000)
  object space 462336K, 63% used [0x0000000700000000,0x0000000711d33d10,0x000000071c380000)
 PSPermGen       total 21504K, used 6220K [0x00000006f5a00000, 0x00000006f6f00000, 0x0000000700000000)
  object space 21504K, 28% used [0x00000006f5a00000,0x00000006f60131e0,0x00000006f6f00000)
}
Event: 17.120 GC heap before
{Heap before GC invocations=19 (full 3):
 PSYoungGen      total 589824K, used 529415K [0x00000007aaa80000, 0x00000007dc880000, 0x0000000800000000)
  eden space 454656K, 100% used [0x00000007aaa80000,0x00000007c6680000,0x00000007c6680000)
  from space 135168K, 55% used [0x00000007c6680000,0x00000007caf81d60,0x00000007cea80000)
  to   space 135168K, 0% used [0x00000007d4480000,0x00000007d4480000,0x00000007dc880000)
 ParOldGen       total 462336K, used 292047K [0x0000000700000000, 0x000000071c380000, 0x00000007aaa80000)
  object space 462336K, 63% used [0x0000000700000000,0x0000000711d33d10,0x000000071c380000)
 PSPermGen       total 21504K, used 6240K [0x00000006f5a00000, 0x00000006f6f00000, 0x0000000700000000)
  object space 21504K, 29% used [0x00000006f5a00000,0x00000006f6018010,0x00000006f6f00000)
Event: 17.305 GC heap after
Heap after GC invocations=19 (full 3):
 PSYoungGen      total 655872K, used 135137K [0x00000007aaa80000, 0x00000007e0180000, 0x0000000800000000)
  eden space 520704K, 0% used [0x00000007aaa80000,0x00000007aaa80000,0x00000007ca700000)
  from space 135168K, 99% used [0x00000007d4480000,0x00000007dc8784f8,0x00000007dc880000)
  to   space 161280K, 0% used [0x00000007ca700000,0x00000007ca700000,0x00000007d4480000)
 ParOldGen       total 462336K, used 304081K [0x0000000700000000, 0x000000071c380000, 0x00000007aaa80000)
  object space 462336K, 65% used [0x0000000700000000,0x00000007128f4688,0x000000071c380000)
 PSPermGen       total 21504K, used 6240K [0x00000006f5a00000, 0x00000006f6f00000, 0x0000000700000000)
  object space 21504K, 29% used [0x00000006f5a00000,0x00000006f6018010,0x00000006f6f00000)
}
Event: 18.516 GC heap before
{Heap before GC invocations=20 (full 3):
 PSYoungGen      total 655872K, used 655841K [0x00000007aaa80000, 0x00000007e0180000, 0x0000000800000000)
  eden space 520704K, 100% used [0x00000007aaa80000,0x00000007ca700000,0x00000007ca700000)
  from space 135168K, 99% used [0x00000007d4480000,0x00000007dc8784f8,0x00000007dc880000)
  to   space 161280K, 0% used [0x00000007ca700000,0x00000007ca700000,0x00000007d4480000)
 ParOldGen       total 462336K, used 304081K [0x0000000700000000, 0x000000071c380000, 0x00000007aaa80000)
  object space 462336K, 65% used [0x0000000700000000,0x00000007128f4688,0x000000071c380000)
 PSPermGen       total 21504K, used 6285K [0x00000006f5a00000, 0x00000006f6f00000, 0x0000000700000000)
  object space 21504K, 29% used [0x00000006f5a00000,0x00000006f6023790,0x00000006f6f00000)
Event: 18.740 GC heap after
Heap after GC invocations=20 (full 3):
 PSYoungGen      total 681984K, used 161262K [0x00000007aaa80000, 0x00000007e8f80000, 0x0000000800000000)
  eden space 520704K, 0% used [0x00000007aaa80000,0x00000007aaa80000,0x00000007ca700000)
  from space 161280K, 99% used [0x00000007ca700000,0x00000007d447b938,0x00000007d4480000)
  to   space 209920K, 0% used [0x00000007dc280000,0x00000007dc280000,0x00000007e8f80000)
 ParOldGen       total 462336K, used 363321K [0x0000000700000000, 0x000000071c380000, 0x00000007aaa80000)
  object space 462336K, 78% used [0x0000000700000000,0x00000007162ce5f8,0x000000071c380000)
 PSPermGen       total 21504K, used 6285K [0x00000006f5a00000, 0x00000006f6f00000, 0x0000000700000000)
  object space 21504K, 29% used [0x00000006f5a00000,0x00000006f6023790,0x00000006f6f00000)
}
Event: 20.031 GC heap before
{Heap before GC invocations=21 (full 3):
 PSYoungGen      total 681984K, used 681966K [0x00000007aaa80000, 0x00000007e8f80000, 0x0000000800000000)
  eden space 520704K, 100% used [0x00000007aaa80000,0x00000007ca700000,0x00000007ca700000)
  from space 161280K, 99% used [0x00000007ca700000,0x00000007d447b938,0x00000007d4480000)
  to   space 209920K, 0% used [0x00000007dc280000,0x00000007dc280000,0x00000007e8f80000)
 ParOldGen       total 462336K, used 363321K [0x0000000700000000, 0x000000071c380000, 0x00000007aaa80000)
  object space 462336K, 78% used [0x0000000700000000,0x00000007162ce5f8,0x000000071c380000)
 PSPermGen       total 21504K, used 6287K [0x00000006f5a00000, 0x00000006f6f00000, 0x0000000700000000)
  object space 21504K, 29% used [0x00000006f5a00000,0x00000006f6023ce8,0x00000006f6f00000)
Event: 20.325 GC heap after
Heap after GC invocations=21 (full 3):
 PSYoungGen      total 801280K, used 140431K [0x00000007aaa80000, 0x00000007ea880000, 0x0000000800000000)
  eden space 591360K, 0% used [0x00000007aaa80000,0x00000007aaa80000,0x00000007cec00000)
  from space 209920K, 66% used [0x00000007dc280000,0x00000007e4ba3f58,0x00000007e8f80000)
  to   space 219648K, 0% used [0x00000007cec00000,0x00000007cec00000,0x00000007dc280000)
 ParOldGen       total 462336K, used 456391K [0x0000000700000000, 0x000000071c380000, 0x00000007aaa80000)
  object space 462336K, 98% used [0x0000000700000000,0x000000071bdb1c60,0x000000071c380000)
 PSPermGen       total 21504K, used 6287K [0x00000006f5a00000, 0x00000006f6f00000, 0x0000000700000000)
  object space 21504K, 29% used [0x00000006f5a00000,0x00000006f6023ce8,0x00000006f6f00000)
}
Event: 20.325 GC heap before
{Heap before GC invocations=22 (full 4):
 PSYoungGen      total 801280K, used 140431K [0x00000007aaa80000, 0x00000007ea880000, 0x0000000800000000)
  eden space 591360K, 0% used [0x00000007aaa80000,0x00000007aaa80000,0x00000007cec00000)
  from space 209920K, 66% used [0x00000007dc280000,0x00000007e4ba3f58,0x00000007e8f80000)
  to   space 219648K, 0% used [0x00000007cec00000,0x00000007cec00000,0x00000007dc280000)
 ParOldGen       total 462336K, used 456391K [0x0000000700000000, 0x000000071c380000, 0x00000007aaa80000)
  object space 462336K, 98% used [0x0000000700000000,0x000000071bdb1c60,0x000000071c380000)
 PSPermGen       total 21504K, used 6287K [0x00000006f5a00000, 0x00000006f6f00000, 0x0000000700000000)
  object space 21504K, 29% used [0x00000006f5a00000,0x00000006f6023ce8,0x00000006f6f00000)

