# JRE version: OpenJDK Runtime Environment (7.0_79-b14) (build 1.7.0_79-b14)
# Java VM: OpenJDK 64-Bit Server VM (24.79-b02 mixed mode linux-amd64 compressed oops)
Heap
 PSYoungGen      total 682496K, used 84458K [0x00000007aaa80000, 0x00000007dd600000, 0x0000000800000000)
  eden space 542208K, 0% used [0x00000007aaa80000,0x00000007aaa80000,0x00000007cbc00000)
  from space 140288K, 60% used [0x00000007cbc00000,0x00000007d0e7aaf0,0x00000007d4500000)
  to   space 118784K, 0% used [0x00000007d4500000,0x00000007d4500000,0x00000007db900000)
 ParOldGen       total 461312K, used 408684K [0x0000000700000000, 0x000000071c280000, 0x00000007aaa80000)
  object space 461312K, 88% used [0x0000000700000000,0x0000000718f1b118,0x000000071c280000)
 PSPermGen       total 21504K, used 6314K [0x00000006f5a00000, 0x00000006f6f00000, 0x0000000700000000)
  object space 21504K, 29% used [0x00000006f5a00000,0x00000006f602a920,0x00000006f6f00000)
GC Heap History (10 events):
Event: 9.842 GC heap after
Heap after GC invocations=11 (full 2):
 PSYoungGen      total 537600K, used 32637K [0x00000007aaa80000, 0x00000007d3000000, 0x0000000800000000)
  eden space 471040K, 0% used [0x00000007aaa80000,0x00000007aaa80000,0x00000007c7680000)
  from space 66560K, 49% used [0x00000007c7680000,0x00000007c965f658,0x00000007cb780000)
  to   space 94208K, 0% used [0x00000007cd400000,0x00000007cd400000,0x00000007d3000000)
 ParOldGen       total 283648K, used 162898K [0x0000000700000000, 0x0000000711500000, 0x00000007aaa80000)
  object space 283648K, 57% used [0x0000000700000000,0x0000000709f14bb0,0x0000000711500000)
 PSPermGen       total 21504K, used 6118K [0x00000006f5a00000, 0x00000006f6f00000, 0x0000000700000000)
  object space 21504K, 28% used [0x00000006f5a00000,0x00000006f5ff98d8,0x00000006f6f00000)
}
Event: 10.997 GC heap before
{Heap before GC invocations=12 (full 2):
 PSYoungGen      total 537600K, used 503677K [0x00000007aaa80000, 0x00000007d3000000, 0x0000000800000000)
  eden space 471040K, 100% used [0x00000007aaa80000,0x00000007c7680000,0x00000007c7680000)
  from space 66560K, 49% used [0x00000007c7680000,0x00000007c965f658,0x00000007cb780000)
  to   space 94208K, 0% used [0x00000007cd400000,0x00000007cd400000,0x00000007d3000000)
 ParOldGen       total 283648K, used 162898K [0x0000000700000000, 0x0000000711500000, 0x00000007aaa80000)
  object space 283648K, 57% used [0x0000000700000000,0x0000000709f14bb0,0x0000000711500000)
 PSPermGen       total 21504K, used 6241K [0x00000006f5a00000, 0x00000006f6f00000, 0x0000000700000000)
  object space 21504K, 29% used [0x00000006f5a00000,0x00000006f6018458,0x00000006f6f00000)
Event: 11.186 GC heap after
Heap after GC invocations=12 (full 2):
 PSYoungGen      total 546816K, used 94206K [0x00000007aaa80000, 0x00000007db680000, 0x0000000800000000)
  eden space 452608K, 0% used [0x00000007aaa80000,0x00000007aaa80000,0x00000007c6480000)
  from space 94208K, 99% used [0x00000007cd400000,0x00000007d2fff988,0x00000007d3000000)
  to   space 114176K, 0% used [0x00000007c6480000,0x00000007c6480000,0x00000007cd400000)
 ParOldGen       total 283648K, used 174364K [0x0000000700000000, 0x0000000711500000, 0x00000007aaa80000)
  object space 283648K, 61% used [0x0000000700000000,0x000000070aa471f0,0x0000000711500000)
 PSPermGen       total 21504K, used 6241K [0x00000006f5a00000, 0x00000006f6f00000, 0x0000000700000000)
  object space 21504K, 29% used [0x00000006f5a00000,0x00000006f6018458,0x00000006f6f00000)
}
Event: 12.393 GC heap before
{Heap before GC invocations=13 (full 2):
 PSYoungGen      total 546816K, used 546814K [0x00000007aaa80000, 0x00000007db680000, 0x0000000800000000)
  eden space 452608K, 100% used [0x00000007aaa80000,0x00000007c6480000,0x00000007c6480000)
  from space 94208K, 99% used [0x00000007cd400000,0x00000007d2fff988,0x00000007d3000000)
  to   space 114176K, 0% used [0x00000007c6480000,0x00000007c6480000,0x00000007cd400000)
 ParOldGen       total 283648K, used 174364K [0x0000000700000000, 0x0000000711500000, 0x00000007aaa80000)
  object space 283648K, 61% used [0x0000000700000000,0x000000070aa471f0,0x0000000711500000)
 PSPermGen       total 21504K, used 6301K [0x00000006f5a00000, 0x00000006f6f00000, 0x0000000700000000)
  object space 21504K, 29% used [0x00000006f5a00000,0x00000006f6027480,0x00000006f6f00000)
Event: 12.664 GC heap after
Heap after GC invocations=13 (full 2):
 PSYoungGen      total 566784K, used 74245K [0x00000007aaa80000, 0x00000007db900000, 0x0000000800000000)
  eden space 452608K, 0% used [0x00000007aaa80000,0x00000007aaa80000,0x00000007c6480000)
  from space 114176K, 65% used [0x00000007c6480000,0x00000007cad01748,0x00000007cd400000)
  to   space 118784K, 0% used [0x00000007d4500000,0x00000007d4500000,0x00000007db900000)
 ParOldGen       total 283648K, used 266519K [0x0000000700000000, 0x0000000711500000, 0x00000007aaa80000)
  object space 283648K, 93% used [0x0000000700000000,0x0000000710445df8,0x0000000711500000)
 PSPermGen       total 21504K, used 6301K [0x00000006f5a00000, 0x00000006f6f00000, 0x0000000700000000)
  object space 21504K, 29% used [0x00000006f5a00000,0x00000006f6027480,0x00000006f6f00000)
}
Event: 12.664 GC heap before
{Heap before GC invocations=14 (full 3):
 PSYoungGen      total 566784K, used 74245K [0x00000007aaa80000, 0x00000007db900000, 0x0000000800000000)
  eden space 452608K, 0% used [0x00000007aaa80000,0x00000007aaa80000,0x00000007c6480000)
  from space 114176K, 65% used [0x00000007c6480000,0x00000007cad01748,0x00000007cd400000)
  to   space 118784K, 0% used [0x00000007d4500000,0x00000007d4500000,0x00000007db900000)
 ParOldGen       total 283648K, used 266519K [0x0000000700000000, 0x0000000711500000, 0x00000007aaa80000)
  object space 283648K, 93% used [0x0000000700000000,0x0000000710445df8,0x0000000711500000)
 PSPermGen       total 21504K, used 6301K [0x00000006f5a00000, 0x00000006f6f00000, 0x0000000700000000)
  object space 21504K, 29% used [0x00000006f5a00000,0x00000006f6027480,0x00000006f6f00000)
Event: 13.758 GC heap after
Heap after GC invocations=14 (full 3):
 PSYoungGen      total 566784K, used 52129K [0x00000007aaa80000, 0x00000007db900000, 0x0000000800000000)
  eden space 452608K, 0% used [0x00000007aaa80000,0x00000007aaa80000,0x00000007c6480000)
  from space 114176K, 45% used [0x00000007c6480000,0x00000007c97684c8,0x00000007cd400000)
  to   space 118784K, 0% used [0x00000007d4500000,0x00000007d4500000,0x00000007db900000)
 ParOldGen       total 461312K, used 283496K [0x0000000700000000, 0x000000071c280000, 0x00000007aaa80000)
  object space 461312K, 61% used [0x0000000700000000,0x00000007114da018,0x000000071c280000)
 PSPermGen       total 21504K, used 6300K [0x00000006f5a00000, 0x00000006f6f00000, 0x0000000700000000)
  object space 21504K, 29% used [0x00000006f5a00000,0x00000006f6027320,0x00000006f6f00000)
}
Event: 14.707 GC heap before
{Heap before GC invocations=15 (full 3):
 PSYoungGen      total 566784K, used 504737K [0x00000007aaa80000, 0x00000007db900000, 0x0000000800000000)
  eden space 452608K, 100% used [0x00000007aaa80000,0x00000007c6480000,0x00000007c6480000)
  from space 114176K, 45% used [0x00000007c6480000,0x00000007c97684c8,0x00000007cd400000)
  to   space 118784K, 0% used [0x00000007d4500000,0x00000007d4500000,0x00000007db900000)
 ParOldGen       total 461312K, used 283496K [0x0000000700000000, 0x000000071c280000, 0x00000007aaa80000)
  object space 461312K, 61% used [0x0000000700000000,0x00000007114da018,0x000000071c280000)
 PSPermGen       total 21504K, used 6310K [0x00000006f5a00000, 0x00000006f6f00000, 0x0000000700000000)
  object space 21504K, 29% used [0x00000006f5a00000,0x00000006f6029a30,0x00000006f6f00000)
Event: 14.975 GC heap after
Heap after GC invocations=15 (full 3):
 PSYoungGen      total 660992K, used 118764K [0x00000007aaa80000, 0x00000007dd600000, 0x0000000800000000)
  eden space 542208K, 0% used [0x00000007aaa80000,0x00000007aaa80000,0x00000007cbc00000)
  from space 118784K, 99% used [0x00000007d4500000,0x00000007db8fb030,0x00000007db900000)
  to   space 140288K, 0% used [0x00000007cbc00000,0x00000007cbc00000,0x00000007d4500000)
 ParOldGen       total 461312K, used 289234K [0x0000000700000000, 0x000000071c280000, 0x00000007aaa80000)
  object space 461312K, 62% used [0x0000000700000000,0x0000000711a74a48,0x000000071c280000)
 PSPermGen       total 21504K, used 6310K [0x00000006f5a00000, 0x00000006f6f00000, 0x0000000700000000)
  object space 21504K, 29% used [0x00000006f5a00000,0x00000006f6029a30,0x00000006f6f00000)
}
Event: 16.621 GC heap before
{Heap before GC invocations=16 (full 3):
 PSYoungGen      total 660992K, used 660972K [0x00000007aaa80000, 0x00000007dd600000, 0x0000000800000000)
  eden space 542208K, 100% used [0x00000007aaa80000,0x00000007cbc00000,0x00000007cbc00000)
  from space 118784K, 99% used [0x00000007d4500000,0x00000007db8fb030,0x00000007db900000)
  to   space 140288K, 0% used [0x00000007cbc00000,0x00000007cbc00000,0x00000007d4500000)
 ParOldGen       total 461312K, used 289234K [0x0000000700000000, 0x000000071c280000, 0x00000007aaa80000)
  object space 461312K, 62% used [0x0000000700000000,0x0000000711a74a48,0x000000071c280000)
 PSPermGen       total 21504K, used 6314K [0x00000006f5a00000, 0x00000006f6f00000, 0x0000000700000000)
  object space 21504K, 29% used [0x00000006f5a00000,0x00000006f602a920,0x00000006f6f00000)

