# JRE version: OpenJDK Runtime Environment (7.0_79-b14) (build 1.7.0_79-b14)
# Java VM: OpenJDK 64-Bit Server VM (24.79-b02 mixed mode linux-amd64 compressed oops)
Heap
 PSYoungGen      total 648704K, used 55025K [0x00000007aaa80000, 0x00000007e5f80000, 0x0000000800000000)
  eden space 533504K, 0% used [0x00000007aaa80000,0x00000007aaa80000,0x00000007cb380000)
  from space 115200K, 47% used [0x00000007cb380000,0x00000007ce93c6f8,0x00000007d2400000)
  to   space 148992K, 0% used [0x00000007dce00000,0x00000007dce00000,0x00000007e5f80000)
 ParOldGen       total 412160K, used 411990K [0x0000000700000000, 0x0000000719280000, 0x00000007aaa80000)
  object space 412160K, 99% used [0x0000000700000000,0x0000000719255810,0x0000000719280000)
 PSPermGen       total 21504K, used 6312K [0x00000006f5a00000, 0x00000006f6f00000, 0x0000000700000000)
  object space 21504K, 29% used [0x00000006f5a00000,0x00000006f602a020,0x00000006f6f00000)
GC Heap History (10 events):
Event: 11.720 GC heap after
Heap after GC invocations=14 (full 2):
 PSYoungGen      total 510464K, used 55148K [0x00000007aaa80000, 0x00000007cfb00000, 0x0000000800000000)
  eden space 436736K, 0% used [0x00000007aaa80000,0x00000007aaa80000,0x00000007c5500000)
  from space 73728K, 74% used [0x00000007ca200000,0x00000007cd7db048,0x00000007cea00000)
  to   space 78848K, 0% used [0x00000007c5500000,0x00000007c5500000,0x00000007ca200000)
 ParOldGen       total 258560K, used 195572K [0x0000000700000000, 0x000000070fc80000, 0x00000007aaa80000)
  object space 258560K, 75% used [0x0000000700000000,0x000000070befd218,0x000000070fc80000)
 PSPermGen       total 21504K, used 6236K [0x00000006f5a00000, 0x00000006f6f00000, 0x0000000700000000)
  object space 21504K, 29% used [0x00000006f5a00000,0x00000006f6017140,0x00000006f6f00000)
}
Event: 12.705 GC heap before
{Heap before GC invocations=15 (full 2):
 PSYoungGen      total 510464K, used 491884K [0x00000007aaa80000, 0x00000007cfb00000, 0x0000000800000000)
  eden space 436736K, 100% used [0x00000007aaa80000,0x00000007c5500000,0x00000007c5500000)
  from space 73728K, 74% used [0x00000007ca200000,0x00000007cd7db048,0x00000007cea00000)
  to   space 78848K, 0% used [0x00000007c5500000,0x00000007c5500000,0x00000007ca200000)
 ParOldGen       total 258560K, used 195572K [0x0000000700000000, 0x000000070fc80000, 0x00000007aaa80000)
  object space 258560K, 75% used [0x0000000700000000,0x000000070befd218,0x000000070fc80000)
 PSPermGen       total 21504K, used 6260K [0x00000006f5a00000, 0x00000006f6f00000, 0x0000000700000000)
  object space 21504K, 29% used [0x00000006f5a00000,0x00000006f601d0a0,0x00000006f6f00000)
Event: 12.877 GC heap after
Heap after GC invocations=15 (full 2):
 PSYoungGen      total 515584K, used 78838K [0x00000007aaa80000, 0x00000007d9700000, 0x0000000800000000)
  eden space 436736K, 0% used [0x00000007aaa80000,0x00000007aaa80000,0x00000007c5500000)
  from space 78848K, 99% used [0x00000007c5500000,0x00000007ca1fd908,0x00000007ca200000)
  to   space 110080K, 0% used [0x00000007d2b80000,0x00000007d2b80000,0x00000007d9700000)
 ParOldGen       total 258560K, used 246375K [0x0000000700000000, 0x000000070fc80000, 0x00000007aaa80000)
  object space 258560K, 95% used [0x0000000700000000,0x000000070f099de8,0x000000070fc80000)
 PSPermGen       total 21504K, used 6260K [0x00000006f5a00000, 0x00000006f6f00000, 0x0000000700000000)
  object space 21504K, 29% used [0x00000006f5a00000,0x00000006f601d0a0,0x00000006f6f00000)
}
Event: 12.877 GC heap before
{Heap before GC invocations=16 (full 3):
 PSYoungGen      total 515584K, used 78838K [0x00000007aaa80000, 0x00000007d9700000, 0x0000000800000000)
  eden space 436736K, 0% used [0x00000007aaa80000,0x00000007aaa80000,0x00000007c5500000)
  from space 78848K, 99% used [0x00000007c5500000,0x00000007ca1fd908,0x00000007ca200000)
  to   space 110080K, 0% used [0x00000007d2b80000,0x00000007d2b80000,0x00000007d9700000)
 ParOldGen       total 258560K, used 246375K [0x0000000700000000, 0x000000070fc80000, 0x00000007aaa80000)
  object space 258560K, 95% used [0x0000000700000000,0x000000070f099de8,0x000000070fc80000)
 PSPermGen       total 21504K, used 6260K [0x00000006f5a00000, 0x00000006f6f00000, 0x0000000700000000)
  object space 21504K, 29% used [0x00000006f5a00000,0x00000006f601d0a0,0x00000006f6f00000)
Event: 13.891 GC heap after
Heap after GC invocations=16 (full 3):
 PSYoungGen      total 515584K, used 64327K [0x00000007aaa80000, 0x00000007d9700000, 0x0000000800000000)
  eden space 436736K, 0% used [0x00000007aaa80000,0x00000007aaa80000,0x00000007c5500000)
  from space 78848K, 81% used [0x00000007c5500000,0x00000007c93d1f70,0x00000007ca200000)
  to   space 110080K, 0% used [0x00000007d2b80000,0x00000007d2b80000,0x00000007d9700000)
 ParOldGen       total 412160K, used 258168K [0x0000000700000000, 0x0000000719280000, 0x00000007aaa80000)
  object space 412160K, 62% used [0x0000000700000000,0x000000070fc1e210,0x0000000719280000)
 PSPermGen       total 21504K, used 6259K [0x00000006f5a00000, 0x00000006f6f00000, 0x0000000700000000)
  object space 21504K, 29% used [0x00000006f5a00000,0x00000006f601cfc0,0x00000006f6f00000)
}
Event: 14.689 GC heap before
{Heap before GC invocations=17 (full 3):
 PSYoungGen      total 515584K, used 501063K [0x00000007aaa80000, 0x00000007d9700000, 0x0000000800000000)
  eden space 436736K, 100% used [0x00000007aaa80000,0x00000007c5500000,0x00000007c5500000)
  from space 78848K, 81% used [0x00000007c5500000,0x00000007c93d1f70,0x00000007ca200000)
  to   space 110080K, 0% used [0x00000007d2b80000,0x00000007d2b80000,0x00000007d9700000)
 ParOldGen       total 412160K, used 258168K [0x0000000700000000, 0x0000000719280000, 0x00000007aaa80000)
  object space 412160K, 62% used [0x0000000700000000,0x000000070fc1e210,0x0000000719280000)
 PSPermGen       total 21504K, used 6302K [0x00000006f5a00000, 0x00000006f6f00000, 0x0000000700000000)
  object space 21504K, 29% used [0x00000006f5a00000,0x00000006f6027958,0x00000006f6f00000)
Event: 14.960 GC heap after
Heap after GC invocations=17 (full 3):
 PSYoungGen      total 641024K, used 74680K [0x00000007aaa80000, 0x00000007d9480000, 0x0000000800000000)
  eden space 533504K, 0% used [0x00000007aaa80000,0x00000007aaa80000,0x00000007cb380000)
  from space 107520K, 69% used [0x00000007d2b80000,0x00000007d746e380,0x00000007d9480000)
  to   space 115200K, 0% used [0x00000007cb380000,0x00000007cb380000,0x00000007d2400000)
 ParOldGen       total 412160K, used 323033K [0x0000000700000000, 0x0000000719280000, 0x00000007aaa80000)
  object space 412160K, 78% used [0x0000000700000000,0x0000000713b76490,0x0000000719280000)
 PSPermGen       total 21504K, used 6302K [0x00000006f5a00000, 0x00000006f6f00000, 0x0000000700000000)
  object space 21504K, 29% used [0x00000006f5a00000,0x00000006f6027958,0x00000006f6f00000)
}
Event: 15.861 GC heap before
{Heap before GC invocations=18 (full 3):
 PSYoungGen      total 641024K, used 608184K [0x00000007aaa80000, 0x00000007d9480000, 0x0000000800000000)
  eden space 533504K, 100% used [0x00000007aaa80000,0x00000007cb380000,0x00000007cb380000)
  from space 107520K, 69% used [0x00000007d2b80000,0x00000007d746e380,0x00000007d9480000)
  to   space 115200K, 0% used [0x00000007cb380000,0x00000007cb380000,0x00000007d2400000)
 ParOldGen       total 412160K, used 323033K [0x0000000700000000, 0x0000000719280000, 0x00000007aaa80000)
  object space 412160K, 78% used [0x0000000700000000,0x0000000713b76490,0x0000000719280000)
 PSPermGen       total 21504K, used 6312K [0x00000006f5a00000, 0x00000006f6f00000, 0x0000000700000000)
  object space 21504K, 29% used [0x00000006f5a00000,0x00000006f602a080,0x00000006f6f00000)
Event: 16.223 GC heap after
Heap after GC invocations=18 (full 3):
 PSYoungGen      total 648704K, used 115169K [0x00000007aaa80000, 0x00000007e5f80000, 0x0000000800000000)
  eden space 533504K, 0% used [0x00000007aaa80000,0x00000007aaa80000,0x00000007cb380000)
  from space 115200K, 99% used [0x00000007cb380000,0x00000007d23f8730,0x00000007d2400000)
  to   space 148992K, 0% used [0x00000007dce00000,0x00000007dce00000,0x00000007e5f80000)
 ParOldGen       total 412160K, used 363392K [0x0000000700000000, 0x0000000719280000, 0x00000007aaa80000)
  object space 412160K, 88% used [0x0000000700000000,0x00000007162e03a0,0x0000000719280000)
 PSPermGen       total 21504K, used 6312K [0x00000006f5a00000, 0x00000006f6f00000, 0x0000000700000000)
  object space 21504K, 29% used [0x00000006f5a00000,0x00000006f602a080,0x00000006f6f00000)
}
Event: 16.223 GC heap before
{Heap before GC invocations=19 (full 4):
 PSYoungGen      total 648704K, used 115169K [0x00000007aaa80000, 0x00000007e5f80000, 0x0000000800000000)
  eden space 533504K, 0% used [0x00000007aaa80000,0x00000007aaa80000,0x00000007cb380000)
  from space 115200K, 99% used [0x00000007cb380000,0x00000007d23f8730,0x00000007d2400000)
  to   space 148992K, 0% used [0x00000007dce00000,0x00000007dce00000,0x00000007e5f80000)
 ParOldGen       total 412160K, used 363392K [0x0000000700000000, 0x0000000719280000, 0x00000007aaa80000)
  object space 412160K, 88% used [0x0000000700000000,0x00000007162e03a0,0x0000000719280000)
 PSPermGen       total 21504K, used 6312K [0x00000006f5a00000, 0x00000006f6f00000, 0x0000000700000000)
  object space 21504K, 29% used [0x00000006f5a00000,0x00000006f602a080,0x00000006f6f00000)

