# JRE version: OpenJDK Runtime Environment (7.0_79-b14) (build 1.7.0_79-b14)
# Java VM: OpenJDK 64-Bit Server VM (24.79-b02 mixed mode linux-amd64 compressed oops)
Heap
 PSYoungGen      total 741376K, used 71763K [0x00000007aaa80000, 0x00000007e1400000, 0x0000000800000000)
  eden space 601088K, 0% used [0x00000007aaa80000,0x00000007aaa80000,0x00000007cf580000)
  from space 140288K, 51% used [0x00000007d7e80000,0x00000007dc494e48,0x00000007e0780000)
  to   space 140288K, 0% used [0x00000007cf580000,0x00000007cf580000,0x00000007d7e80000)
 ParOldGen       total 457216K, used 456788K [0x0000000700000000, 0x000000071be80000, 0x00000007aaa80000)
  object space 457216K, 99% used [0x0000000700000000,0x000000071be15048,0x000000071be80000)
 PSPermGen       total 21504K, used 6313K [0x00000006f5a00000, 0x00000006f6f00000, 0x0000000700000000)
  object space 21504K, 29% used [0x00000006f5a00000,0x00000006f602a500,0x00000006f6f00000)
GC Heap History (10 events):
Event: 11.522 GC heap after
Heap after GC invocations=15 (full 2):
 PSYoungGen      total 493056K, used 77307K [0x00000007aaa80000, 0x00000007d6e00000, 0x0000000800000000)
  eden space 415744K, 0% used [0x00000007aaa80000,0x00000007aaa80000,0x00000007c4080000)
  from space 77312K, 99% used [0x00000007c4080000,0x00000007c8bfef38,0x00000007c8c00000)
  to   space 105984K, 0% used [0x00000007d0680000,0x00000007d0680000,0x00000007d6e00000)
 ParOldGen       total 271360K, used 236952K [0x0000000700000000, 0x0000000710900000, 0x00000007aaa80000)
  object space 271360K, 87% used [0x0000000700000000,0x000000070e766370,0x0000000710900000)
 PSPermGen       total 21504K, used 6251K [0x00000006f5a00000, 0x00000006f6f00000, 0x0000000700000000)
  object space 21504K, 29% used [0x00000006f5a00000,0x00000006f601af68,0x00000006f6f00000)
}
Event: 11.522 GC heap before
{Heap before GC invocations=16 (full 3):
 PSYoungGen      total 493056K, used 77307K [0x00000007aaa80000, 0x00000007d6e00000, 0x0000000800000000)
  eden space 415744K, 0% used [0x00000007aaa80000,0x00000007aaa80000,0x00000007c4080000)
  from space 77312K, 99% used [0x00000007c4080000,0x00000007c8bfef38,0x00000007c8c00000)
  to   space 105984K, 0% used [0x00000007d0680000,0x00000007d0680000,0x00000007d6e00000)
 ParOldGen       total 271360K, used 236952K [0x0000000700000000, 0x0000000710900000, 0x00000007aaa80000)
  object space 271360K, 87% used [0x0000000700000000,0x000000070e766370,0x0000000710900000)
 PSPermGen       total 21504K, used 6251K [0x00000006f5a00000, 0x00000006f6f00000, 0x0000000700000000)
  object space 21504K, 29% used [0x00000006f5a00000,0x00000006f601af68,0x00000006f6f00000)
Event: 12.557 GC heap after
Heap after GC invocations=16 (full 3):
 PSYoungGen      total 493056K, used 40837K [0x00000007aaa80000, 0x00000007d6e00000, 0x0000000800000000)
  eden space 415744K, 0% used [0x00000007aaa80000,0x00000007aaa80000,0x00000007c4080000)
  from space 77312K, 52% used [0x00000007c4080000,0x00000007c6861530,0x00000007c8c00000)
  to   space 105984K, 0% used [0x00000007d0680000,0x00000007d0680000,0x00000007d6e00000)
 ParOldGen       total 433152K, used 270885K [0x0000000700000000, 0x000000071a700000, 0x00000007aaa80000)
  object space 433152K, 62% used [0x0000000700000000,0x0000000710889560,0x000000071a700000)
 PSPermGen       total 21504K, used 6251K [0x00000006f5a00000, 0x00000006f6f00000, 0x0000000700000000)
  object space 21504K, 29% used [0x00000006f5a00000,0x00000006f601ae08,0x00000006f6f00000)
}
Event: 13.642 GC heap before
{Heap before GC invocations=17 (full 3):
 PSYoungGen      total 493056K, used 456581K [0x00000007aaa80000, 0x00000007d6e00000, 0x0000000800000000)
  eden space 415744K, 100% used [0x00000007aaa80000,0x00000007c4080000,0x00000007c4080000)
  from space 77312K, 52% used [0x00000007c4080000,0x00000007c6861530,0x00000007c8c00000)
  to   space 105984K, 0% used [0x00000007d0680000,0x00000007d0680000,0x00000007d6e00000)
 ParOldGen       total 433152K, used 270885K [0x0000000700000000, 0x000000071a700000, 0x00000007aaa80000)
  object space 433152K, 62% used [0x0000000700000000,0x0000000710889560,0x000000071a700000)
 PSPermGen       total 21504K, used 6301K [0x00000006f5a00000, 0x00000006f6f00000, 0x0000000700000000)
  object space 21504K, 29% used [0x00000006f5a00000,0x00000006f60274e0,0x00000006f6f00000)
Event: 13.870 GC heap after
Heap after GC invocations=17 (full 3):
 PSYoungGen      total 593920K, used 67790K [0x00000007aaa80000, 0x00000007d6580000, 0x0000000800000000)
  eden space 496640K, 0% used [0x00000007aaa80000,0x00000007aaa80000,0x00000007c8f80000)
  from space 97280K, 69% used [0x00000007d0680000,0x00000007d48b3b50,0x00000007d6580000)
  to   space 109568K, 0% used [0x00000007c8f80000,0x00000007c8f80000,0x00000007cfa80000)
 ParOldGen       total 433152K, used 312048K [0x0000000700000000, 0x000000071a700000, 0x00000007aaa80000)
  object space 433152K, 72% used [0x0000000700000000,0x00000007130bc1a8,0x000000071a700000)
 PSPermGen       total 21504K, used 6301K [0x00000006f5a00000, 0x00000006f6f00000, 0x0000000700000000)
  object space 21504K, 29% used [0x00000006f5a00000,0x00000006f60274e0,0x00000006f6f00000)
}
Event: 14.686 GC heap before
{Heap before GC invocations=18 (full 3):
 PSYoungGen      total 593920K, used 564430K [0x00000007aaa80000, 0x00000007d6580000, 0x0000000800000000)
  eden space 496640K, 100% used [0x00000007aaa80000,0x00000007c8f80000,0x00000007c8f80000)
  from space 97280K, 69% used [0x00000007d0680000,0x00000007d48b3b50,0x00000007d6580000)
  to   space 109568K, 0% used [0x00000007c8f80000,0x00000007c8f80000,0x00000007cfa80000)
 ParOldGen       total 433152K, used 312048K [0x0000000700000000, 0x000000071a700000, 0x00000007aaa80000)
  object space 433152K, 72% used [0x0000000700000000,0x00000007130bc1a8,0x000000071a700000)
 PSPermGen       total 21504K, used 6310K [0x00000006f5a00000, 0x00000006f6f00000, 0x0000000700000000)
  object space 21504K, 29% used [0x00000006f5a00000,0x00000006f6029918,0x00000006f6f00000)
Event: 14.857 GC heap after
Heap after GC invocations=18 (full 3):
 PSYoungGen      total 606208K, used 109541K [0x00000007aaa80000, 0x00000007e0780000, 0x0000000800000000)
  eden space 496640K, 0% used [0x00000007aaa80000,0x00000007aaa80000,0x00000007c8f80000)
  from space 109568K, 99% used [0x00000007c8f80000,0x00000007cfa79530,0x00000007cfa80000)
  to   space 140288K, 0% used [0x00000007d7e80000,0x00000007d7e80000,0x00000007e0780000)
 ParOldGen       total 433152K, used 346700K [0x0000000700000000, 0x000000071a700000, 0x00000007aaa80000)
  object space 433152K, 80% used [0x0000000700000000,0x00000007152930b8,0x000000071a700000)
 PSPermGen       total 21504K, used 6310K [0x00000006f5a00000, 0x00000006f6f00000, 0x0000000700000000)
  object space 21504K, 29% used [0x00000006f5a00000,0x00000006f6029918,0x00000006f6f00000)
}
Event: 15.703 GC heap before
{Heap before GC invocations=19 (full 3):
 PSYoungGen      total 606208K, used 606181K [0x00000007aaa80000, 0x00000007e0780000, 0x0000000800000000)
  eden space 496640K, 100% used [0x00000007aaa80000,0x00000007c8f80000,0x00000007c8f80000)
  from space 109568K, 99% used [0x00000007c8f80000,0x00000007cfa79530,0x00000007cfa80000)
  to   space 140288K, 0% used [0x00000007d7e80000,0x00000007d7e80000,0x00000007e0780000)
 ParOldGen       total 433152K, used 346700K [0x0000000700000000, 0x000000071a700000, 0x00000007aaa80000)
  object space 433152K, 80% used [0x0000000700000000,0x00000007152930b8,0x000000071a700000)
 PSPermGen       total 21504K, used 6313K [0x00000006f5a00000, 0x00000006f6f00000, 0x0000000700000000)
  object space 21504K, 29% used [0x00000006f5a00000,0x00000006f602a580,0x00000006f6f00000)
Event: 15.963 GC heap after
Heap after GC invocations=19 (full 3):
 PSYoungGen      total 741376K, used 76815K [0x00000007aaa80000, 0x00000007e1400000, 0x0000000800000000)
  eden space 601088K, 0% used [0x00000007aaa80000,0x00000007aaa80000,0x00000007cf580000)
  from space 140288K, 54% used [0x00000007d7e80000,0x00000007dc983f40,0x00000007e0780000)
  to   space 140288K, 0% used [0x00000007cf580000,0x00000007cf580000,0x00000007d7e80000)
 ParOldGen       total 457216K, used 456903K [0x0000000700000000, 0x000000071be80000, 0x00000007aaa80000)
  object space 457216K, 99% used [0x0000000700000000,0x000000071be31e78,0x000000071be80000)
 PSPermGen       total 21504K, used 6313K [0x00000006f5a00000, 0x00000006f6f00000, 0x0000000700000000)
  object space 21504K, 29% used [0x00000006f5a00000,0x00000006f602a580,0x00000006f6f00000)
}
Event: 15.963 GC heap before
{Heap before GC invocations=20 (full 4):
 PSYoungGen      total 741376K, used 76815K [0x00000007aaa80000, 0x00000007e1400000, 0x0000000800000000)
  eden space 601088K, 0% used [0x00000007aaa80000,0x00000007aaa80000,0x00000007cf580000)
  from space 140288K, 54% used [0x00000007d7e80000,0x00000007dc983f40,0x00000007e0780000)
  to   space 140288K, 0% used [0x00000007cf580000,0x00000007cf580000,0x00000007d7e80000)
 ParOldGen       total 457216K, used 456903K [0x0000000700000000, 0x000000071be80000, 0x00000007aaa80000)
  object space 457216K, 99% used [0x0000000700000000,0x000000071be31e78,0x000000071be80000)
 PSPermGen       total 21504K, used 6313K [0x00000006f5a00000, 0x00000006f6f00000, 0x0000000700000000)
  object space 21504K, 29% used [0x00000006f5a00000,0x00000006f602a580,0x00000006f6f00000)

