# JRE version: OpenJDK Runtime Environment (7.0_79-b14) (build 1.7.0_79-b14)
# Java VM: OpenJDK 64-Bit Server VM (24.79-b02 mixed mode linux-amd64 compressed oops)
Heap
 PSYoungGen      total 923136K, used 56072K [0x00000007aaa80000, 0x00000007ee680000, 0x0000000800000000)
  eden space 758784K, 0% used [0x00000007aaa80000,0x00000007aaa80000,0x00000007d8f80000)
  from space 164352K, 34% used [0x00000007e4600000,0x00000007e7cc20e8,0x00000007ee680000)
  to   space 175616K, 0% used [0x00000007d8f80000,0x00000007d8f80000,0x00000007e3b00000)
 ParOldGen       total 651776K, used 651744K [0x0000000700000000, 0x0000000727c80000, 0x00000007aaa80000)
  object space 651776K, 99% used [0x0000000700000000,0x0000000727c78188,0x0000000727c80000)
 PSPermGen       total 21504K, used 6382K [0x00000006f5a00000, 0x00000006f6f00000, 0x0000000700000000)
  object space 21504K, 29% used [0x00000006f5a00000,0x00000006f603b808,0x00000006f6f00000)
GC Heap History (10 events):
Event: 16.045 GC heap after
Heap after GC invocations=18 (full 3):
 PSYoungGen      total 667136K, used 115192K [0x00000007aaa80000, 0x00000007e7080000, 0x0000000800000000)
  eden space 551936K, 0% used [0x00000007aaa80000,0x00000007aaa80000,0x00000007cc580000)
  from space 115200K, 99% used [0x00000007cc580000,0x00000007d35fe0a0,0x00000007d3600000)
  to   space 150016K, 0% used [0x00000007dde00000,0x00000007dde00000,0x00000007e7080000)
 ParOldGen       total 411648K, used 364401K [0x0000000700000000, 0x0000000719200000, 0x00000007aaa80000)
  object space 411648K, 88% used [0x0000000700000000,0x00000007163dc460,0x0000000719200000)
 PSPermGen       total 21504K, used 6375K [0x00000006f5a00000, 0x00000006f6f00000, 0x0000000700000000)
  object space 21504K, 29% used [0x00000006f5a00000,0x00000006f6039d70,0x00000006f6f00000)
}
Event: 16.045 GC heap before
{Heap before GC invocations=19 (full 4):
 PSYoungGen      total 667136K, used 115192K [0x00000007aaa80000, 0x00000007e7080000, 0x0000000800000000)
  eden space 551936K, 0% used [0x00000007aaa80000,0x00000007aaa80000,0x00000007cc580000)
  from space 115200K, 99% used [0x00000007cc580000,0x00000007d35fe0a0,0x00000007d3600000)
  to   space 150016K, 0% used [0x00000007dde00000,0x00000007dde00000,0x00000007e7080000)
 ParOldGen       total 411648K, used 364401K [0x0000000700000000, 0x0000000719200000, 0x00000007aaa80000)
  object space 411648K, 88% used [0x0000000700000000,0x00000007163dc460,0x0000000719200000)
 PSPermGen       total 21504K, used 6375K [0x00000006f5a00000, 0x00000006f6f00000, 0x0000000700000000)
  object space 21504K, 29% used [0x00000006f5a00000,0x00000006f6039d70,0x00000006f6f00000)
Event: 17.401 GC heap after
Heap after GC invocations=19 (full 4):
 PSYoungGen      total 667136K, used 63760K [0x00000007aaa80000, 0x00000007e7080000, 0x0000000800000000)
  eden space 551936K, 0% used [0x00000007aaa80000,0x00000007aaa80000,0x00000007cc580000)
  from space 115200K, 55% used [0x00000007cc580000,0x00000007d03c4138,0x00000007d3600000)
  to   space 150016K, 0% used [0x00000007dde00000,0x00000007dde00000,0x00000007e7080000)
 ParOldGen       total 616448K, used 411503K [0x0000000700000000, 0x0000000725a00000, 0x00000007aaa80000)
  object space 616448K, 66% used [0x0000000700000000,0x00000007191dbe98,0x0000000725a00000)
 PSPermGen       total 21504K, used 6375K [0x00000006f5a00000, 0x00000006f6f00000, 0x0000000700000000)
  object space 21504K, 29% used [0x00000006f5a00000,0x00000006f6039cd0,0x00000006f6f00000)
}
Event: 18.543 GC heap before
{Heap before GC invocations=20 (full 4):
 PSYoungGen      total 667136K, used 615696K [0x00000007aaa80000, 0x00000007e7080000, 0x0000000800000000)
  eden space 551936K, 100% used [0x00000007aaa80000,0x00000007cc580000,0x00000007cc580000)
  from space 115200K, 55% used [0x00000007cc580000,0x00000007d03c4138,0x00000007d3600000)
  to   space 150016K, 0% used [0x00000007dde00000,0x00000007dde00000,0x00000007e7080000)
 ParOldGen       total 616448K, used 411503K [0x0000000700000000, 0x0000000725a00000, 0x00000007aaa80000)
  object space 616448K, 66% used [0x0000000700000000,0x00000007191dbe98,0x0000000725a00000)
 PSPermGen       total 21504K, used 6377K [0x00000006f5a00000, 0x00000006f6f00000, 0x0000000700000000)
  object space 21504K, 29% used [0x00000006f5a00000,0x00000006f603a528,0x00000006f6f00000)
Event: 18.832 GC heap after
Heap after GC invocations=20 (full 4):
 PSYoungGen      total 802304K, used 88687K [0x00000007aaa80000, 0x00000007e6100000, 0x0000000800000000)
  eden space 668160K, 0% used [0x00000007aaa80000,0x00000007aaa80000,0x00000007d3700000)
  from space 134144K, 66% used [0x00000007dde00000,0x00000007e349bca8,0x00000007e6100000)
  to   space 152576K, 0% used [0x00000007d3700000,0x00000007d3700000,0x00000007dcc00000)
 ParOldGen       total 616448K, used 475877K [0x0000000700000000, 0x0000000725a00000, 0x00000007aaa80000)
  object space 616448K, 77% used [0x0000000700000000,0x000000071d0b9780,0x0000000725a00000)
 PSPermGen       total 21504K, used 6377K [0x00000006f5a00000, 0x00000006f6f00000, 0x0000000700000000)
  object space 21504K, 29% used [0x00000006f5a00000,0x00000006f603a528,0x00000006f6f00000)
}
Event: 20.236 GC heap before
{Heap before GC invocations=21 (full 4):
 PSYoungGen      total 802304K, used 756847K [0x00000007aaa80000, 0x00000007e6100000, 0x0000000800000000)
  eden space 668160K, 100% used [0x00000007aaa80000,0x00000007d3700000,0x00000007d3700000)
  from space 134144K, 66% used [0x00000007dde00000,0x00000007e349bca8,0x00000007e6100000)
  to   space 152576K, 0% used [0x00000007d3700000,0x00000007d3700000,0x00000007dcc00000)
 ParOldGen       total 616448K, used 475877K [0x0000000700000000, 0x0000000725a00000, 0x00000007aaa80000)
  object space 616448K, 77% used [0x0000000700000000,0x000000071d0b9780,0x0000000725a00000)
 PSPermGen       total 21504K, used 6377K [0x00000006f5a00000, 0x00000006f6f00000, 0x0000000700000000)
  object space 21504K, 29% used [0x00000006f5a00000,0x00000006f603a6b8,0x00000006f6f00000)
Event: 20.408 GC heap after
Heap after GC invocations=21 (full 4):
 PSYoungGen      total 820736K, used 152565K [0x00000007aaa80000, 0x00000007efc00000, 0x0000000800000000)
  eden space 668160K, 0% used [0x00000007aaa80000,0x00000007aaa80000,0x00000007d3700000)
  from space 152576K, 99% used [0x00000007d3700000,0x00000007dcbfd538,0x00000007dcc00000)
  to   space 186368K, 0% used [0x00000007e4600000,0x00000007e4600000,0x00000007efc00000)
 ParOldGen       total 616448K, used 498361K [0x0000000700000000, 0x0000000725a00000, 0x00000007aaa80000)
  object space 616448K, 80% used [0x0000000700000000,0x000000071e6ae528,0x0000000725a00000)
 PSPermGen       total 21504K, used 6377K [0x00000006f5a00000, 0x00000006f6f00000, 0x0000000700000000)
  object space 21504K, 29% used [0x00000006f5a00000,0x00000006f603a6b8,0x00000006f6f00000)
}
Event: 22.227 GC heap before
{Heap before GC invocations=22 (full 4):
 PSYoungGen      total 820736K, used 820725K [0x00000007aaa80000, 0x00000007efc00000, 0x0000000800000000)
  eden space 668160K, 100% used [0x00000007aaa80000,0x00000007d3700000,0x00000007d3700000)
  from space 152576K, 99% used [0x00000007d3700000,0x00000007dcbfd538,0x00000007dcc00000)
  to   space 186368K, 0% used [0x00000007e4600000,0x00000007e4600000,0x00000007efc00000)
 ParOldGen       total 616448K, used 498361K [0x0000000700000000, 0x0000000725a00000, 0x00000007aaa80000)
  object space 616448K, 80% used [0x0000000700000000,0x000000071e6ae528,0x0000000725a00000)
 PSPermGen       total 21504K, used 6382K [0x00000006f5a00000, 0x00000006f6f00000, 0x0000000700000000)
  object space 21504K, 29% used [0x00000006f5a00000,0x00000006f603b8a8,0x00000006f6f00000)
Event: 22.486 GC heap after
Heap after GC invocations=22 (full 4):
 PSYoungGen      total 923136K, used 66596K [0x00000007aaa80000, 0x00000007ee680000, 0x0000000800000000)
  eden space 758784K, 0% used [0x00000007aaa80000,0x00000007aaa80000,0x00000007d8f80000)
  from space 164352K, 40% used [0x00000007e4600000,0x00000007e87093f8,0x00000007ee680000)
  to   space 175616K, 0% used [0x00000007d8f80000,0x00000007d8f80000,0x00000007e3b00000)
 ParOldGen       total 651776K, used 651658K [0x0000000700000000, 0x0000000727c80000, 0x00000007aaa80000)
  object space 651776K, 99% used [0x0000000700000000,0x0000000727c62890,0x0000000727c80000)
 PSPermGen       total 21504K, used 6382K [0x00000006f5a00000, 0x00000006f6f00000, 0x0000000700000000)
  object space 21504K, 29% used [0x00000006f5a00000,0x00000006f603b8a8,0x00000006f6f00000)
}
Event: 22.486 GC heap before
{Heap before GC invocations=23 (full 5):
 PSYoungGen      total 923136K, used 66596K [0x00000007aaa80000, 0x00000007ee680000, 0x0000000800000000)
  eden space 758784K, 0% used [0x00000007aaa80000,0x00000007aaa80000,0x00000007d8f80000)
  from space 164352K, 40% used [0x00000007e4600000,0x00000007e87093f8,0x00000007ee680000)
  to   space 175616K, 0% used [0x00000007d8f80000,0x00000007d8f80000,0x00000007e3b00000)
 ParOldGen       total 651776K, used 651658K [0x0000000700000000, 0x0000000727c80000, 0x00000007aaa80000)
  object space 651776K, 99% used [0x0000000700000000,0x0000000727c62890,0x0000000727c80000)
 PSPermGen       total 21504K, used 6382K [0x00000006f5a00000, 0x00000006f6f00000, 0x0000000700000000)
  object space 21504K, 29% used [0x00000006f5a00000,0x00000006f603b8a8,0x00000006f6f00000)

