# JRE version: OpenJDK Runtime Environment (7.0_79-b14) (build 1.7.0_79-b14)
# Java VM: OpenJDK 64-Bit Server VM (24.79-b02 mixed mode linux-amd64 compressed oops)
Heap
 PSYoungGen      total 772608K, used 56915K [0x00000007aaa80000, 0x00000007e9900000, 0x0000000800000000)
  eden space 562688K, 0% used [0x00000007aaa80000,0x00000007aaa80000,0x00000007cd000000)
  from space 209920K, 27% used [0x00000007dab00000,0x00000007de294e88,0x00000007e7800000)
  to   space 224256K, 0% used [0x00000007cd000000,0x00000007cd000000,0x00000007dab00000)
 ParOldGen       total 715264K, used 715184K [0x0000000700000000, 0x000000072ba80000, 0x00000007aaa80000)
  object space 715264K, 99% used [0x0000000700000000,0x000000072ba6c140,0x000000072ba80000)
 PSPermGen       total 21504K, used 6393K [0x00000006f5a00000, 0x00000006f6f00000, 0x0000000700000000)
  object space 21504K, 29% used [0x00000006f5a00000,0x00000006f603e6c0,0x00000006f6f00000)
GC Heap History (10 events):
Event: 20.836 GC heap after
Heap after GC invocations=23 (full 4):
 PSYoungGen      total 576000K, used 138741K [0x00000007aaa80000, 0x00000007df280000, 0x0000000800000000)
  eden space 437248K, 0% used [0x00000007aaa80000,0x00000007aaa80000,0x00000007c5580000)
  from space 138752K, 99% used [0x00000007c5580000,0x00000007cdcfd4d8,0x00000007cdd00000)
  to   space 173056K, 0% used [0x00000007d4980000,0x00000007d4980000,0x00000007df280000)
 ParOldGen       total 464896K, used 418860K [0x0000000700000000, 0x000000071c600000, 0x00000007aaa80000)
  object space 464896K, 90% used [0x0000000700000000,0x000000071990b150,0x000000071c600000)
 PSPermGen       total 21504K, used 6288K [0x00000006f5a00000, 0x00000006f6f00000, 0x0000000700000000)
  object space 21504K, 29% used [0x00000006f5a00000,0x00000006f60242a8,0x00000006f6f00000)
}
Event: 20.836 GC heap before
{Heap before GC invocations=24 (full 5):
 PSYoungGen      total 576000K, used 138741K [0x00000007aaa80000, 0x00000007df280000, 0x0000000800000000)
  eden space 437248K, 0% used [0x00000007aaa80000,0x00000007aaa80000,0x00000007c5580000)
  from space 138752K, 99% used [0x00000007c5580000,0x00000007cdcfd4d8,0x00000007cdd00000)
  to   space 173056K, 0% used [0x00000007d4980000,0x00000007d4980000,0x00000007df280000)
 ParOldGen       total 464896K, used 418860K [0x0000000700000000, 0x000000071c600000, 0x00000007aaa80000)
  object space 464896K, 90% used [0x0000000700000000,0x000000071990b150,0x000000071c600000)
 PSPermGen       total 21504K, used 6288K [0x00000006f5a00000, 0x00000006f6f00000, 0x0000000700000000)
  object space 21504K, 29% used [0x00000006f5a00000,0x00000006f60242a8,0x00000006f6f00000)
Event: 23.041 GC heap after
Heap after GC invocations=24 (full 5):
 PSYoungGen      total 576000K, used 87787K [0x00000007aaa80000, 0x00000007df280000, 0x0000000800000000)
  eden space 437248K, 0% used [0x00000007aaa80000,0x00000007aaa80000,0x00000007c5580000)
  from space 138752K, 63% used [0x00000007c5580000,0x00000007cab3ae28,0x00000007cdd00000)
  to   space 173056K, 0% used [0x00000007d4980000,0x00000007d4980000,0x00000007df280000)
 ParOldGen       total 715264K, used 464435K [0x0000000700000000, 0x000000072ba80000, 0x00000007aaa80000)
  object space 715264K, 64% used [0x0000000700000000,0x000000071c58cf48,0x000000072ba80000)
 PSPermGen       total 21504K, used 6288K [0x00000006f5a00000, 0x00000006f6f00000, 0x0000000700000000)
  object space 21504K, 29% used [0x00000006f5a00000,0x00000006f60241c8,0x00000006f6f00000)
}
Event: 23.976 GC heap before
{Heap before GC invocations=25 (full 5):
 PSYoungGen      total 576000K, used 525035K [0x00000007aaa80000, 0x00000007df280000, 0x0000000800000000)
  eden space 437248K, 100% used [0x00000007aaa80000,0x00000007c5580000,0x00000007c5580000)
  from space 138752K, 63% used [0x00000007c5580000,0x00000007cab3ae28,0x00000007cdd00000)
  to   space 173056K, 0% used [0x00000007d4980000,0x00000007d4980000,0x00000007df280000)
 ParOldGen       total 715264K, used 464435K [0x0000000700000000, 0x000000072ba80000, 0x00000007aaa80000)
  object space 715264K, 64% used [0x0000000700000000,0x000000071c58cf48,0x000000072ba80000)
 PSPermGen       total 21504K, used 6295K [0x00000006f5a00000, 0x00000006f6f00000, 0x0000000700000000)
  object space 21504K, 29% used [0x00000006f5a00000,0x00000006f6025c60,0x00000006f6f00000)
Event: 24.277 GC heap after
Heap after GC invocations=25 (full 5):
 PSYoungGen      total 673792K, used 108964K [0x00000007aaa80000, 0x00000007df080000, 0x0000000800000000)
  eden space 502784K, 0% used [0x00000007aaa80000,0x00000007aaa80000,0x00000007c9580000)
  from space 171008K, 63% used [0x00000007d4980000,0x00000007db3e90e8,0x00000007df080000)
  to   space 177664K, 0% used [0x00000007c9580000,0x00000007c9580000,0x00000007d4300000)
 ParOldGen       total 715264K, used 514519K [0x0000000700000000, 0x000000072ba80000, 0x00000007aaa80000)
  object space 715264K, 71% used [0x0000000700000000,0x000000071f675da8,0x000000072ba80000)
 PSPermGen       total 21504K, used 6295K [0x00000006f5a00000, 0x00000006f6f00000, 0x0000000700000000)
  object space 21504K, 29% used [0x00000006f5a00000,0x00000006f6025c60,0x00000006f6f00000)
}
Event: 25.593 GC heap before
{Heap before GC invocations=26 (full 5):
 PSYoungGen      total 673792K, used 611748K [0x00000007aaa80000, 0x00000007df080000, 0x0000000800000000)
  eden space 502784K, 100% used [0x00000007aaa80000,0x00000007c9580000,0x00000007c9580000)
  from space 171008K, 63% used [0x00000007d4980000,0x00000007db3e90e8,0x00000007df080000)
  to   space 177664K, 0% used [0x00000007c9580000,0x00000007c9580000,0x00000007d4300000)
 ParOldGen       total 715264K, used 514519K [0x0000000700000000, 0x000000072ba80000, 0x00000007aaa80000)
  object space 715264K, 71% used [0x0000000700000000,0x000000071f675da8,0x000000072ba80000)
 PSPermGen       total 21504K, used 6391K [0x00000006f5a00000, 0x00000006f6f00000, 0x0000000700000000)
  object space 21504K, 29% used [0x00000006f5a00000,0x00000006f603df78,0x00000006f6f00000)
Event: 25.785 GC heap after
Heap after GC invocations=26 (full 5):
 PSYoungGen      total 680448K, used 177649K [0x00000007aaa80000, 0x00000007e7800000, 0x0000000800000000)
  eden space 502784K, 0% used [0x00000007aaa80000,0x00000007aaa80000,0x00000007c9580000)
  from space 177664K, 99% used [0x00000007c9580000,0x00000007d42fc518,0x00000007d4300000)
  to   space 209920K, 0% used [0x00000007dab00000,0x00000007dab00000,0x00000007e7800000)
 ParOldGen       total 715264K, used 524802K [0x0000000700000000, 0x000000072ba80000, 0x00000007aaa80000)
  object space 715264K, 73% used [0x0000000700000000,0x0000000720080b18,0x000000072ba80000)
 PSPermGen       total 21504K, used 6391K [0x00000006f5a00000, 0x00000006f6f00000, 0x0000000700000000)
  object space 21504K, 29% used [0x00000006f5a00000,0x00000006f603df78,0x00000006f6f00000)
}
Event: 27.048 GC heap before
{Heap before GC invocations=27 (full 5):
 PSYoungGen      total 680448K, used 680433K [0x00000007aaa80000, 0x00000007e7800000, 0x0000000800000000)
  eden space 502784K, 100% used [0x00000007aaa80000,0x00000007c9580000,0x00000007c9580000)
  from space 177664K, 99% used [0x00000007c9580000,0x00000007d42fc518,0x00000007d4300000)
  to   space 209920K, 0% used [0x00000007dab00000,0x00000007dab00000,0x00000007e7800000)
 ParOldGen       total 715264K, used 524802K [0x0000000700000000, 0x000000072ba80000, 0x00000007aaa80000)
  object space 715264K, 73% used [0x0000000700000000,0x0000000720080b18,0x000000072ba80000)
 PSPermGen       total 21504K, used 6393K [0x00000006f5a00000, 0x00000006f6f00000, 0x0000000700000000)
  object space 21504K, 29% used [0x00000006f5a00000,0x00000006f603e700,0x00000006f6f00000)
Event: 27.350 GC heap after
Heap after GC invocations=27 (full 5):
 PSYoungGen      total 772608K, used 155630K [0x00000007aaa80000, 0x00000007e9900000, 0x0000000800000000)
  eden space 562688K, 0% used [0x00000007aaa80000,0x00000007aaa80000,0x00000007cd000000)
  from space 209920K, 74% used [0x00000007dab00000,0x00000007e42fb868,0x00000007e7800000)
  to   space 224256K, 0% used [0x00000007cd000000,0x00000007cd000000,0x00000007dab00000)
 ParOldGen       total 715264K, used 626427K [0x0000000700000000, 0x000000072ba80000, 0x00000007aaa80000)
  object space 715264K, 87% used [0x0000000700000000,0x00000007263bece0,0x000000072ba80000)
 PSPermGen       total 21504K, used 6393K [0x00000006f5a00000, 0x00000006f6f00000, 0x0000000700000000)
  object space 21504K, 29% used [0x00000006f5a00000,0x00000006f603e700,0x00000006f6f00000)
}
Event: 27.350 GC heap before
{Heap before GC invocations=28 (full 6):
 PSYoungGen      total 772608K, used 155630K [0x00000007aaa80000, 0x00000007e9900000, 0x0000000800000000)
  eden space 562688K, 0% used [0x00000007aaa80000,0x00000007aaa80000,0x00000007cd000000)
  from space 209920K, 74% used [0x00000007dab00000,0x00000007e42fb868,0x00000007e7800000)
  to   space 224256K, 0% used [0x00000007cd000000,0x00000007cd000000,0x00000007dab00000)
 ParOldGen       total 715264K, used 626427K [0x0000000700000000, 0x000000072ba80000, 0x00000007aaa80000)
  object space 715264K, 87% used [0x0000000700000000,0x00000007263bece0,0x000000072ba80000)
 PSPermGen       total 21504K, used 6393K [0x00000006f5a00000, 0x00000006f6f00000, 0x0000000700000000)
  object space 21504K, 29% used [0x00000006f5a00000,0x00000006f603e700,0x00000006f6f00000)

