# JRE version: OpenJDK Runtime Environment (7.0_79-b14) (build 1.7.0_79-b14)
# Java VM: OpenJDK 64-Bit Server VM (24.79-b02 mixed mode linux-amd64 compressed oops)
Heap
 PSYoungGen      total 871936K, used 110468K [0x00000007aaa80000, 0x00000007f1100000, 0x0000000800000000)
  eden space 667648K, 0% used [0x00000007aaa80000,0x00000007aaa80000,0x00000007d3680000)
  from space 204288K, 54% used [0x00000007e1200000,0x00000007e7de1370,0x00000007ed980000)
  to   space 224768K, 0% used [0x00000007d3680000,0x00000007d3680000,0x00000007e1200000)
 ParOldGen       total 472064K, used 471754K [0x0000000700000000, 0x000000071cd00000, 0x00000007aaa80000)
  object space 472064K, 99% used [0x0000000700000000,0x000000071ccb2aa8,0x000000071cd00000)
 PSPermGen       total 21504K, used 6316K [0x00000006f5a00000, 0x00000006f6f00000, 0x0000000700000000)
  object space 21504K, 29% used [0x00000006f5a00000,0x00000006f602b0a8,0x00000006f6f00000)
GC Heap History (10 events):
Event: 12.173 GC heap after
Heap after GC invocations=13 (full 2):
 PSYoungGen      total 566272K, used 108538K [0x00000007aaa80000, 0x00000007df300000, 0x0000000800000000)
  eden space 457728K, 0% used [0x00000007aaa80000,0x00000007aaa80000,0x00000007c6980000)
  from space 108544K, 99% used [0x00000007c6980000,0x00000007cd37ead8,0x00000007cd380000)
  to   space 145920K, 0% used [0x00000007d6480000,0x00000007d6480000,0x00000007df300000)
 ParOldGen       total 286208K, used 234500K [0x0000000700000000, 0x0000000711780000, 0x00000007aaa80000)
  object space 286208K, 81% used [0x0000000700000000,0x000000070e501198,0x0000000711780000)
 PSPermGen       total 21504K, used 6301K [0x00000006f5a00000, 0x00000006f6f00000, 0x0000000700000000)
  object space 21504K, 29% used [0x00000006f5a00000,0x00000006f6027470,0x00000006f6f00000)
}
Event: 12.980 GC heap before
{Heap before GC invocations=14 (full 2):
 PSYoungGen      total 566272K, used 566266K [0x00000007aaa80000, 0x00000007df300000, 0x0000000800000000)
  eden space 457728K, 100% used [0x00000007aaa80000,0x00000007c6980000,0x00000007c6980000)
  from space 108544K, 99% used [0x00000007c6980000,0x00000007cd37ead8,0x00000007cd380000)
  to   space 145920K, 0% used [0x00000007d6480000,0x00000007d6480000,0x00000007df300000)
 ParOldGen       total 286208K, used 234500K [0x0000000700000000, 0x0000000711780000, 0x00000007aaa80000)
  object space 286208K, 81% used [0x0000000700000000,0x000000070e501198,0x0000000711780000)
 PSPermGen       total 21504K, used 6311K [0x00000006f5a00000, 0x00000006f6f00000, 0x0000000700000000)
  object space 21504K, 29% used [0x00000006f5a00000,0x00000006f6029f40,0x00000006f6f00000)
Event: 13.255 GC heap after
Heap after GC invocations=14 (full 2):
 PSYoungGen      total 698880K, used 121283K [0x00000007aaa80000, 0x00000007e2300000, 0x0000000800000000)
  eden space 552960K, 0% used [0x00000007aaa80000,0x00000007aaa80000,0x00000007cc680000)
  from space 145920K, 83% used [0x00000007d6480000,0x00000007ddaf0e18,0x00000007df300000)
  to   space 161792K, 0% used [0x00000007cc680000,0x00000007cc680000,0x00000007d6480000)
 ParOldGen       total 298496K, used 298348K [0x0000000700000000, 0x0000000712380000, 0x00000007aaa80000)
  object space 298496K, 99% used [0x0000000700000000,0x000000071235b338,0x0000000712380000)
 PSPermGen       total 21504K, used 6311K [0x00000006f5a00000, 0x00000006f6f00000, 0x0000000700000000)
  object space 21504K, 29% used [0x00000006f5a00000,0x00000006f6029f40,0x00000006f6f00000)
}
Event: 13.255 GC heap before
{Heap before GC invocations=15 (full 3):
 PSYoungGen      total 698880K, used 121283K [0x00000007aaa80000, 0x00000007e2300000, 0x0000000800000000)
  eden space 552960K, 0% used [0x00000007aaa80000,0x00000007aaa80000,0x00000007cc680000)
  from space 145920K, 83% used [0x00000007d6480000,0x00000007ddaf0e18,0x00000007df300000)
  to   space 161792K, 0% used [0x00000007cc680000,0x00000007cc680000,0x00000007d6480000)
 ParOldGen       total 298496K, used 298348K [0x0000000700000000, 0x0000000712380000, 0x00000007aaa80000)
  object space 298496K, 99% used [0x0000000700000000,0x000000071235b338,0x0000000712380000)
 PSPermGen       total 21504K, used 6311K [0x00000006f5a00000, 0x00000006f6f00000, 0x0000000700000000)
  object space 21504K, 29% used [0x00000006f5a00000,0x00000006f6029f40,0x00000006f6f00000)
Event: 14.573 GC heap after
Heap after GC invocations=15 (full 3):
 PSYoungGen      total 698880K, used 113022K [0x00000007aaa80000, 0x00000007e2300000, 0x0000000800000000)
  eden space 552960K, 0% used [0x00000007aaa80000,0x00000007aaa80000,0x00000007cc680000)
  from space 145920K, 77% used [0x00000007d6480000,0x00000007dd2dfa98,0x00000007df300000)
  to   space 161792K, 0% used [0x00000007cc680000,0x00000007cc680000,0x00000007d6480000)
 ParOldGen       total 472064K, used 298231K [0x0000000700000000, 0x000000071cd00000, 0x00000007aaa80000)
  object space 472064K, 63% used [0x0000000700000000,0x000000071233dd30,0x000000071cd00000)
 PSPermGen       total 21504K, used 6311K [0x00000006f5a00000, 0x00000006f6f00000, 0x0000000700000000)
  object space 21504K, 29% used [0x00000006f5a00000,0x00000006f6029e00,0x00000006f6f00000)
}
Event: 15.860 GC heap before
{Heap before GC invocations=16 (full 3):
 PSYoungGen      total 698880K, used 665982K [0x00000007aaa80000, 0x00000007e2300000, 0x0000000800000000)
  eden space 552960K, 100% used [0x00000007aaa80000,0x00000007cc680000,0x00000007cc680000)
  from space 145920K, 77% used [0x00000007d6480000,0x00000007dd2dfa98,0x00000007df300000)
  to   space 161792K, 0% used [0x00000007cc680000,0x00000007cc680000,0x00000007d6480000)
 ParOldGen       total 472064K, used 298231K [0x0000000700000000, 0x000000071cd00000, 0x00000007aaa80000)
  object space 472064K, 63% used [0x0000000700000000,0x000000071233dd30,0x000000071cd00000)
 PSPermGen       total 21504K, used 6314K [0x00000006f5a00000, 0x00000006f6f00000, 0x0000000700000000)
  object space 21504K, 29% used [0x00000006f5a00000,0x00000006f602a8f0,0x00000006f6f00000)
Event: 16.158 GC heap after
Heap after GC invocations=16 (full 3):
 PSYoungGen      total 714752K, used 161775K [0x00000007aaa80000, 0x00000007ed980000, 0x0000000800000000)
  eden space 552960K, 0% used [0x00000007aaa80000,0x00000007aaa80000,0x00000007cc680000)
  from space 161792K, 99% used [0x00000007cc680000,0x00000007d647bf20,0x00000007d6480000)
  to   space 204288K, 0% used [0x00000007e1200000,0x00000007e1200000,0x00000007ed980000)
 ParOldGen       total 472064K, used 339613K [0x0000000700000000, 0x000000071cd00000, 0x00000007aaa80000)
  object space 472064K, 71% used [0x0000000700000000,0x0000000714ba77f8,0x000000071cd00000)
 PSPermGen       total 21504K, used 6314K [0x00000006f5a00000, 0x00000006f6f00000, 0x0000000700000000)
  object space 21504K, 29% used [0x00000006f5a00000,0x00000006f602a8f0,0x00000006f6f00000)
}
Event: 17.190 GC heap before
{Heap before GC invocations=17 (full 3):
 PSYoungGen      total 714752K, used 714735K [0x00000007aaa80000, 0x00000007ed980000, 0x0000000800000000)
  eden space 552960K, 100% used [0x00000007aaa80000,0x00000007cc680000,0x00000007cc680000)
  from space 161792K, 99% used [0x00000007cc680000,0x00000007d647bf20,0x00000007d6480000)
  to   space 204288K, 0% used [0x00000007e1200000,0x00000007e1200000,0x00000007ed980000)
 ParOldGen       total 472064K, used 339613K [0x0000000700000000, 0x000000071cd00000, 0x00000007aaa80000)
  object space 472064K, 71% used [0x0000000700000000,0x0000000714ba77f8,0x000000071cd00000)
 PSPermGen       total 21504K, used 6316K [0x00000006f5a00000, 0x00000006f6f00000, 0x0000000700000000)
  object space 21504K, 29% used [0x00000006f5a00000,0x00000006f602b0c8,0x00000006f6f00000)
Event: 17.544 GC heap after
Heap after GC invocations=17 (full 3):
 PSYoungGen      total 871936K, used 164341K [0x00000007aaa80000, 0x00000007f1100000, 0x0000000800000000)
  eden space 667648K, 0% used [0x00000007aaa80000,0x00000007aaa80000,0x00000007d3680000)
  from space 204288K, 80% used [0x00000007e1200000,0x00000007eb27d518,0x00000007ed980000)
  to   space 224768K, 0% used [0x00000007d3680000,0x00000007d3680000,0x00000007e1200000)
 ParOldGen       total 472064K, used 428916K [0x0000000700000000, 0x000000071cd00000, 0x00000007aaa80000)
  object space 472064K, 90% used [0x0000000700000000,0x000000071a2dd248,0x000000071cd00000)
 PSPermGen       total 21504K, used 6316K [0x00000006f5a00000, 0x00000006f6f00000, 0x0000000700000000)
  object space 21504K, 29% used [0x00000006f5a00000,0x00000006f602b0c8,0x00000006f6f00000)
}
Event: 17.544 GC heap before
{Heap before GC invocations=18 (full 4):
 PSYoungGen      total 871936K, used 164341K [0x00000007aaa80000, 0x00000007f1100000, 0x0000000800000000)
  eden space 667648K, 0% used [0x00000007aaa80000,0x00000007aaa80000,0x00000007d3680000)
  from space 204288K, 80% used [0x00000007e1200000,0x00000007eb27d518,0x00000007ed980000)
  to   space 224768K, 0% used [0x00000007d3680000,0x00000007d3680000,0x00000007e1200000)
 ParOldGen       total 472064K, used 428916K [0x0000000700000000, 0x000000071cd00000, 0x00000007aaa80000)
  object space 472064K, 90% used [0x0000000700000000,0x000000071a2dd248,0x000000071cd00000)
 PSPermGen       total 21504K, used 6316K [0x00000006f5a00000, 0x00000006f6f00000, 0x0000000700000000)
  object space 21504K, 29% used [0x00000006f5a00000,0x00000006f602b0c8,0x00000006f6f00000)

