# JRE version: OpenJDK Runtime Environment (7.0_79-b14) (build 1.7.0_79-b14)
# Java VM: OpenJDK 64-Bit Server VM (24.79-b02 mixed mode linux-amd64 compressed oops)
Heap
 PSYoungGen      total 729088K, used 162277K [0x00000007aaa80000, 0x00000007e1100000, 0x0000000800000000)
  eden space 566784K, 0% used [0x00000007aaa80000,0x00000007aaa80000,0x00000007cd400000)
  from space 162304K, 99% used [0x00000007cd400000,0x00000007d72794b8,0x00000007d7280000)
  to   space 150528K, 0% used [0x00000007d7280000,0x00000007d7280000,0x00000007e0580000)
 ParOldGen       total 448512K, used 341300K [0x0000000700000000, 0x000000071b600000, 0x00000007aaa80000)
  object space 448512K, 76% used [0x0000000700000000,0x0000000714d4d3c0,0x000000071b600000)
 PSPermGen       total 21504K, used 6314K [0x00000006f5a00000, 0x00000006f6f00000, 0x0000000700000000)
  object space 21504K, 29% used [0x00000006f5a00000,0x00000006f602ab48,0x00000006f6f00000)
GC Heap History (10 events):
Event: 9.469 GC heap after
Heap after GC invocations=11 (full 2):
 PSYoungGen      total 537600K, used 35681K [0x00000007aaa80000, 0x00000007d3980000, 0x0000000800000000)
  eden space 471040K, 0% used [0x00000007aaa80000,0x00000007aaa80000,0x00000007c7680000)
  from space 66560K, 53% used [0x00000007c7680000,0x00000007c9958650,0x00000007cb780000)
  to   space 95232K, 0% used [0x00000007cdc80000,0x00000007cdc80000,0x00000007d3980000)
 ParOldGen       total 284160K, used 162451K [0x0000000700000000, 0x0000000711580000, 0x00000007aaa80000)
  object space 284160K, 57% used [0x0000000700000000,0x0000000709ea4f40,0x0000000711580000)
 PSPermGen       total 21504K, used 6122K [0x00000006f5a00000, 0x00000006f6f00000, 0x0000000700000000)
  object space 21504K, 28% used [0x00000006f5a00000,0x00000006f5ffa920,0x00000006f6f00000)
}
Event: 10.694 GC heap before
{Heap before GC invocations=12 (full 2):
 PSYoungGen      total 537600K, used 506721K [0x00000007aaa80000, 0x00000007d3980000, 0x0000000800000000)
  eden space 471040K, 100% used [0x00000007aaa80000,0x00000007c7680000,0x00000007c7680000)
  from space 66560K, 53% used [0x00000007c7680000,0x00000007c9958650,0x00000007cb780000)
  to   space 95232K, 0% used [0x00000007cdc80000,0x00000007cdc80000,0x00000007d3980000)
 ParOldGen       total 284160K, used 162451K [0x0000000700000000, 0x0000000711580000, 0x00000007aaa80000)
  object space 284160K, 57% used [0x0000000700000000,0x0000000709ea4f40,0x0000000711580000)
 PSPermGen       total 21504K, used 6241K [0x00000006f5a00000, 0x00000006f6f00000, 0x0000000700000000)
  object space 21504K, 29% used [0x00000006f5a00000,0x00000006f60187b8,0x00000006f6f00000)
Event: 10.862 GC heap after
Heap after GC invocations=12 (full 2):
 PSYoungGen      total 560128K, used 93896K [0x00000007aaa80000, 0x00000007dab80000, 0x0000000800000000)
  eden space 464896K, 0% used [0x00000007aaa80000,0x00000007aaa80000,0x00000007c7080000)
  from space 95232K, 98% used [0x00000007cdc80000,0x00000007d3832000,0x00000007d3980000)
  to   space 110592K, 0% used [0x00000007c7080000,0x00000007c7080000,0x00000007cdc80000)
 ParOldGen       total 284160K, used 177748K [0x0000000700000000, 0x0000000711580000, 0x00000007aaa80000)
  object space 284160K, 62% used [0x0000000700000000,0x000000070ad95310,0x0000000711580000)
 PSPermGen       total 21504K, used 6241K [0x00000006f5a00000, 0x00000006f6f00000, 0x0000000700000000)
  object space 21504K, 29% used [0x00000006f5a00000,0x00000006f60187b8,0x00000006f6f00000)
}
Event: 11.711 GC heap before
{Heap before GC invocations=13 (full 2):
 PSYoungGen      total 560128K, used 558792K [0x00000007aaa80000, 0x00000007dab80000, 0x0000000800000000)
  eden space 464896K, 100% used [0x00000007aaa80000,0x00000007c7080000,0x00000007c7080000)
  from space 95232K, 98% used [0x00000007cdc80000,0x00000007d3832000,0x00000007d3980000)
  to   space 110592K, 0% used [0x00000007c7080000,0x00000007c7080000,0x00000007cdc80000)
 ParOldGen       total 284160K, used 177748K [0x0000000700000000, 0x0000000711580000, 0x00000007aaa80000)
  object space 284160K, 62% used [0x0000000700000000,0x000000070ad95310,0x0000000711580000)
 PSPermGen       total 21504K, used 6301K [0x00000006f5a00000, 0x00000006f6f00000, 0x0000000700000000)
  object space 21504K, 29% used [0x00000006f5a00000,0x00000006f6027680,0x00000006f6f00000)
Event: 11.948 GC heap after
Heap after GC invocations=13 (full 2):
 PSYoungGen      total 575488K, used 110567K [0x00000007aaa80000, 0x00000007e0580000, 0x0000000800000000)
  eden space 464896K, 0% used [0x00000007aaa80000,0x00000007aaa80000,0x00000007c7080000)
  from space 110592K, 99% used [0x00000007c7080000,0x00000007cdc79e70,0x00000007cdc80000)
  to   space 150528K, 0% used [0x00000007d7280000,0x00000007d7280000,0x00000007e0580000)
 ParOldGen       total 284160K, used 236137K [0x0000000700000000, 0x0000000711580000, 0x00000007aaa80000)
  object space 284160K, 83% used [0x0000000700000000,0x000000070e69a778,0x0000000711580000)
 PSPermGen       total 21504K, used 6301K [0x00000006f5a00000, 0x00000006f6f00000, 0x0000000700000000)
  object space 21504K, 29% used [0x00000006f5a00000,0x00000006f6027680,0x00000006f6f00000)
}
Event: 11.948 GC heap before
{Heap before GC invocations=14 (full 3):
 PSYoungGen      total 575488K, used 110567K [0x00000007aaa80000, 0x00000007e0580000, 0x0000000800000000)
  eden space 464896K, 0% used [0x00000007aaa80000,0x00000007aaa80000,0x00000007c7080000)
  from space 110592K, 99% used [0x00000007c7080000,0x00000007cdc79e70,0x00000007cdc80000)
  to   space 150528K, 0% used [0x00000007d7280000,0x00000007d7280000,0x00000007e0580000)
 ParOldGen       total 284160K, used 236137K [0x0000000700000000, 0x0000000711580000, 0x00000007aaa80000)
  object space 284160K, 83% used [0x0000000700000000,0x000000070e69a778,0x0000000711580000)
 PSPermGen       total 21504K, used 6301K [0x00000006f5a00000, 0x00000006f6f00000, 0x0000000700000000)
  object space 21504K, 29% used [0x00000006f5a00000,0x00000006f6027680,0x00000006f6f00000)
Event: 12.933 GC heap after
Heap after GC invocations=14 (full 3):
 PSYoungGen      total 575488K, used 58188K [0x00000007aaa80000, 0x00000007e0580000, 0x0000000800000000)
  eden space 464896K, 0% used [0x00000007aaa80000,0x00000007aaa80000,0x00000007c7080000)
  from space 110592K, 52% used [0x00000007c7080000,0x00000007ca9533a0,0x00000007cdc80000)
  to   space 150528K, 0% used [0x00000007d7280000,0x00000007d7280000,0x00000007e0580000)
 ParOldGen       total 448512K, used 283825K [0x0000000700000000, 0x000000071b600000, 0x00000007aaa80000)
  object space 448512K, 63% used [0x0000000700000000,0x000000071152c550,0x000000071b600000)
 PSPermGen       total 21504K, used 6301K [0x00000006f5a00000, 0x00000006f6f00000, 0x0000000700000000)
  object space 21504K, 29% used [0x00000006f5a00000,0x00000006f60275e0,0x00000006f6f00000)
}
Event: 14.041 GC heap before
{Heap before GC invocations=15 (full 3):
 PSYoungGen      total 575488K, used 523084K [0x00000007aaa80000, 0x00000007e0580000, 0x0000000800000000)
  eden space 464896K, 100% used [0x00000007aaa80000,0x00000007c7080000,0x00000007c7080000)
  from space 110592K, 52% used [0x00000007c7080000,0x00000007ca9533a0,0x00000007cdc80000)
  to   space 150528K, 0% used [0x00000007d7280000,0x00000007d7280000,0x00000007e0580000)
 ParOldGen       total 448512K, used 283825K [0x0000000700000000, 0x000000071b600000, 0x00000007aaa80000)
  object space 448512K, 63% used [0x0000000700000000,0x000000071152c550,0x000000071b600000)
 PSPermGen       total 21504K, used 6312K [0x00000006f5a00000, 0x00000006f6f00000, 0x0000000700000000)
  object space 21504K, 29% used [0x00000006f5a00000,0x00000006f602a300,0x00000006f6f00000)
Event: 14.332 GC heap after
Heap after GC invocations=15 (full 3):
 PSYoungGen      total 717312K, used 112463K [0x00000007aaa80000, 0x00000007e1100000, 0x0000000800000000)
  eden space 566784K, 0% used [0x00000007aaa80000,0x00000007aaa80000,0x00000007cd400000)
  from space 150528K, 74% used [0x00000007d7280000,0x00000007de053cf8,0x00000007e0580000)
  to   space 162304K, 0% used [0x00000007cd400000,0x00000007cd400000,0x00000007d7280000)
 ParOldGen       total 448512K, used 307132K [0x0000000700000000, 0x000000071b600000, 0x00000007aaa80000)
  object space 448512K, 68% used [0x0000000700000000,0x0000000712bef158,0x000000071b600000)
 PSPermGen       total 21504K, used 6312K [0x00000006f5a00000, 0x00000006f6f00000, 0x0000000700000000)
  object space 21504K, 29% used [0x00000006f5a00000,0x00000006f602a300,0x00000006f6f00000)
}
Event: 15.673 GC heap before
{Heap before GC invocations=16 (full 3):
 PSYoungGen      total 717312K, used 679247K [0x00000007aaa80000, 0x00000007e1100000, 0x0000000800000000)
  eden space 566784K, 100% used [0x00000007aaa80000,0x00000007cd400000,0x00000007cd400000)
  from space 150528K, 74% used [0x00000007d7280000,0x00000007de053cf8,0x00000007e0580000)
  to   space 162304K, 0% used [0x00000007cd400000,0x00000007cd400000,0x00000007d7280000)
 ParOldGen       total 448512K, used 307132K [0x0000000700000000, 0x000000071b600000, 0x00000007aaa80000)
  object space 448512K, 68% used [0x0000000700000000,0x0000000712bef158,0x000000071b600000)
 PSPermGen       total 21504K, used 6314K [0x00000006f5a00000, 0x00000006f6f00000, 0x0000000700000000)
  object space 21504K, 29% used [0x00000006f5a00000,0x00000006f602ab48,0x00000006f6f00000)

