# JRE version: OpenJDK Runtime Environment (7.0_79-b14) (build 1.7.0_79-b14)
# Java VM: OpenJDK 64-Bit Server VM (24.79-b02 mixed mode linux-amd64 compressed oops)
Heap
 PSYoungGen      total 820736K, used 211955K [0x00000007aaa80000, 0x00000007efb80000, 0x0000000800000000)
  eden space 608768K, 0% used [0x00000007aaa80000,0x00000007aaa80000,0x00000007cfd00000)
  from space 211968K, 99% used [0x00000007e2c80000,0x00000007efb7ce10,0x00000007efb80000)
  to   space 166400K, 0% used [0x00000007cfd00000,0x00000007cfd00000,0x00000007d9f80000)
 ParOldGen       total 659968K, used 532137K [0x0000000700000000, 0x0000000728480000, 0x00000007aaa80000)
  object space 659968K, 80% used [0x0000000700000000,0x00000007207aa688,0x0000000728480000)
 PSPermGen       total 21504K, used 6381K [0x00000006f5a00000, 0x00000006f6f00000, 0x0000000700000000)
  object space 21504K, 29% used [0x00000006f5a00000,0x00000006f603b7f0,0x00000006f6f00000)
GC Heap History (10 events):
Event: 13.380 GC heap after
Heap after GC invocations=19 (full 3):
 PSYoungGen      total 634368K, used 102379K [0x00000007aaa80000, 0x00000007dee00000, 0x0000000800000000)
  eden space 531968K, 0% used [0x00000007aaa80000,0x00000007aaa80000,0x00000007cb200000)
  from space 102400K, 99% used [0x00000007d3700000,0x00000007d9afae78,0x00000007d9b00000)
  to   space 136192K, 0% used [0x00000007cb200000,0x00000007cb200000,0x00000007d3700000)
 ParOldGen       total 426496K, used 301555K [0x0000000700000000, 0x000000071a080000, 0x00000007aaa80000)
  object space 426496K, 70% used [0x0000000700000000,0x000000071267ce00,0x000000071a080000)
 PSPermGen       total 21504K, used 6262K [0x00000006f5a00000, 0x00000006f6f00000, 0x0000000700000000)
  object space 21504K, 29% used [0x00000006f5a00000,0x00000006f601d9b8,0x00000006f6f00000)
}
Event: 14.225 GC heap before
{Heap before GC invocations=20 (full 3):
 PSYoungGen      total 634368K, used 634347K [0x00000007aaa80000, 0x00000007dee00000, 0x0000000800000000)
  eden space 531968K, 100% used [0x00000007aaa80000,0x00000007cb200000,0x00000007cb200000)
  from space 102400K, 99% used [0x00000007d3700000,0x00000007d9afae78,0x00000007d9b00000)
  to   space 136192K, 0% used [0x00000007cb200000,0x00000007cb200000,0x00000007d3700000)
 ParOldGen       total 426496K, used 301555K [0x0000000700000000, 0x000000071a080000, 0x00000007aaa80000)
  object space 426496K, 70% used [0x0000000700000000,0x000000071267ce00,0x000000071a080000)
 PSPermGen       total 21504K, used 6276K [0x00000006f5a00000, 0x00000006f6f00000, 0x0000000700000000)
  object space 21504K, 29% used [0x00000006f5a00000,0x00000006f60210b0,0x00000006f6f00000)
Event: 14.429 GC heap after
Heap after GC invocations=20 (full 3):
 PSYoungGen      total 668160K, used 121112K [0x00000007aaa80000, 0x00000007e3500000, 0x0000000800000000)
  eden space 531968K, 0% used [0x00000007aaa80000,0x00000007aaa80000,0x00000007cb200000)
  from space 136192K, 88% used [0x00000007cb200000,0x00000007d2846238,0x00000007d3700000)
  to   space 153088K, 0% used [0x00000007d9f80000,0x00000007d9f80000,0x00000007e3500000)
 ParOldGen       total 426496K, used 367756K [0x0000000700000000, 0x000000071a080000, 0x00000007aaa80000)
  object space 426496K, 86% used [0x0000000700000000,0x0000000716723368,0x000000071a080000)
 PSPermGen       total 21504K, used 6276K [0x00000006f5a00000, 0x00000006f6f00000, 0x0000000700000000)
  object space 21504K, 29% used [0x00000006f5a00000,0x00000006f60210b0,0x00000006f6f00000)
}
Event: 14.429 GC heap before
{Heap before GC invocations=21 (full 4):
 PSYoungGen      total 668160K, used 121112K [0x00000007aaa80000, 0x00000007e3500000, 0x0000000800000000)
  eden space 531968K, 0% used [0x00000007aaa80000,0x00000007aaa80000,0x00000007cb200000)
  from space 136192K, 88% used [0x00000007cb200000,0x00000007d2846238,0x00000007d3700000)
  to   space 153088K, 0% used [0x00000007d9f80000,0x00000007d9f80000,0x00000007e3500000)
 ParOldGen       total 426496K, used 367756K [0x0000000700000000, 0x000000071a080000, 0x00000007aaa80000)
  object space 426496K, 86% used [0x0000000700000000,0x0000000716723368,0x000000071a080000)
 PSPermGen       total 21504K, used 6276K [0x00000006f5a00000, 0x00000006f6f00000, 0x0000000700000000)
  object space 21504K, 29% used [0x00000006f5a00000,0x00000006f60210b0,0x00000006f6f00000)
Event: 15.657 GC heap after
Heap after GC invocations=21 (full 4):
 PSYoungGen      total 668160K, used 58237K [0x00000007aaa80000, 0x00000007e3500000, 0x0000000800000000)
  eden space 531968K, 0% used [0x00000007aaa80000,0x00000007aaa80000,0x00000007cb200000)
  from space 136192K, 42% used [0x00000007cb200000,0x00000007ceadf6a8,0x00000007d3700000)
  to   space 153088K, 0% used [0x00000007d9f80000,0x00000007d9f80000,0x00000007e3500000)
 ParOldGen       total 659968K, used 426486K [0x0000000700000000, 0x0000000728480000, 0x00000007aaa80000)
  object space 659968K, 64% used [0x0000000700000000,0x000000071a07d928,0x0000000728480000)
 PSPermGen       total 21504K, used 6275K [0x00000006f5a00000, 0x00000006f6f00000, 0x0000000700000000)
  object space 21504K, 29% used [0x00000006f5a00000,0x00000006f6020f90,0x00000006f6f00000)
}
Event: 16.512 GC heap before
{Heap before GC invocations=22 (full 4):
 PSYoungGen      total 668160K, used 590205K [0x00000007aaa80000, 0x00000007e3500000, 0x0000000800000000)
  eden space 531968K, 100% used [0x00000007aaa80000,0x00000007cb200000,0x00000007cb200000)
  from space 136192K, 42% used [0x00000007cb200000,0x00000007ceadf6a8,0x00000007d3700000)
  to   space 153088K, 0% used [0x00000007d9f80000,0x00000007d9f80000,0x00000007e3500000)
 ParOldGen       total 659968K, used 426486K [0x0000000700000000, 0x0000000728480000, 0x00000007aaa80000)
  object space 659968K, 64% used [0x0000000700000000,0x000000071a07d928,0x0000000728480000)
 PSPermGen       total 21504K, used 6276K [0x00000006f5a00000, 0x00000006f6f00000, 0x0000000700000000)
  object space 21504K, 29% used [0x00000006f5a00000,0x00000006f6021288,0x00000006f6f00000)
Event: 16.751 GC heap after
Heap after GC invocations=22 (full 4):
 PSYoungGen      total 761856K, used 121881K [0x00000007aaa80000, 0x00000007e4500000, 0x0000000800000000)
  eden space 608768K, 0% used [0x00000007aaa80000,0x00000007aaa80000,0x00000007cfd00000)
  from space 153088K, 79% used [0x00000007d9f80000,0x00000007e1686728,0x00000007e3500000)
  to   space 166400K, 0% used [0x00000007cfd00000,0x00000007cfd00000,0x00000007d9f80000)
 ParOldGen       total 659968K, used 426486K [0x0000000700000000, 0x0000000728480000, 0x00000007aaa80000)
  object space 659968K, 64% used [0x0000000700000000,0x000000071a07d928,0x0000000728480000)
 PSPermGen       total 21504K, used 6276K [0x00000006f5a00000, 0x00000006f6f00000, 0x0000000700000000)
  object space 21504K, 29% used [0x00000006f5a00000,0x00000006f6021288,0x00000006f6f00000)
}
Event: 17.749 GC heap before
{Heap before GC invocations=23 (full 4):
 PSYoungGen      total 761856K, used 730649K [0x00000007aaa80000, 0x00000007e4500000, 0x0000000800000000)
  eden space 608768K, 100% used [0x00000007aaa80000,0x00000007cfd00000,0x00000007cfd00000)
  from space 153088K, 79% used [0x00000007d9f80000,0x00000007e1686728,0x00000007e3500000)
  to   space 166400K, 0% used [0x00000007cfd00000,0x00000007cfd00000,0x00000007d9f80000)
 ParOldGen       total 659968K, used 426486K [0x0000000700000000, 0x0000000728480000, 0x00000007aaa80000)
  object space 659968K, 64% used [0x0000000700000000,0x000000071a07d928,0x0000000728480000)
 PSPermGen       total 21504K, used 6284K [0x00000006f5a00000, 0x00000006f6f00000, 0x0000000700000000)
  object space 21504K, 29% used [0x00000006f5a00000,0x00000006f6023010,0x00000006f6f00000)
Event: 17.971 GC heap after
Heap after GC invocations=23 (full 4):
 PSYoungGen      total 775168K, used 166386K [0x00000007aaa80000, 0x00000007efb80000, 0x0000000800000000)
  eden space 608768K, 0% used [0x00000007aaa80000,0x00000007aaa80000,0x00000007cfd00000)
  from space 166400K, 99% used [0x00000007cfd00000,0x00000007d9f7cb70,0x00000007d9f80000)
  to   space 211968K, 0% used [0x00000007e2c80000,0x00000007e2c80000,0x00000007efb80000)
 ParOldGen       total 659968K, used 477192K [0x0000000700000000, 0x0000000728480000, 0x00000007aaa80000)
  object space 659968K, 72% used [0x0000000700000000,0x000000071d202028,0x0000000728480000)
 PSPermGen       total 21504K, used 6284K [0x00000006f5a00000, 0x00000006f6f00000, 0x0000000700000000)
  object space 21504K, 29% used [0x00000006f5a00000,0x00000006f6023010,0x00000006f6f00000)
}
Event: 19.005 GC heap before
{Heap before GC invocations=24 (full 4):
 PSYoungGen      total 775168K, used 775154K [0x00000007aaa80000, 0x00000007efb80000, 0x0000000800000000)
  eden space 608768K, 100% used [0x00000007aaa80000,0x00000007cfd00000,0x00000007cfd00000)
  from space 166400K, 99% used [0x00000007cfd00000,0x00000007d9f7cb70,0x00000007d9f80000)
  to   space 211968K, 0% used [0x00000007e2c80000,0x00000007e2c80000,0x00000007efb80000)
 ParOldGen       total 659968K, used 477192K [0x0000000700000000, 0x0000000728480000, 0x00000007aaa80000)
  object space 659968K, 72% used [0x0000000700000000,0x000000071d202028,0x0000000728480000)
 PSPermGen       total 21504K, used 6381K [0x00000006f5a00000, 0x00000006f6f00000, 0x0000000700000000)
  object space 21504K, 29% used [0x00000006f5a00000,0x00000006f603b7f0,0x00000006f6f00000)

