# JRE version: OpenJDK Runtime Environment (7.0_79-b14) (build 1.7.0_79-b14)
# Java VM: OpenJDK 64-Bit Server VM (24.79-b02 mixed mode linux-amd64 compressed oops)
Heap
 PSYoungGen      total 938496K, used 242951K [0x00000007aaa80000, 0x00000007f5e80000, 0x0000000800000000)
  eden space 687104K, 0% used [0x00000007aaa80000,0x00000007aaa80000,0x00000007d4980000)
  from space 251392K, 96% used [0x00000007d4980000,0x00000007e36c1fa8,0x00000007e3f00000)
  to   space 205824K, 0% used [0x00000007e3f00000,0x00000007e3f00000,0x00000007f0800000)
 ParOldGen       total 720384K, used 563342K [0x0000000700000000, 0x000000072bf80000, 0x00000007aaa80000)
  object space 720384K, 78% used [0x0000000700000000,0x0000000722623b80,0x000000072bf80000)
 PSPermGen       total 21504K, used 6323K [0x00000006f5a00000, 0x00000006f6f00000, 0x0000000700000000)
  object space 21504K, 29% used [0x00000006f5a00000,0x00000006f602ce48,0x00000006f6f00000)
GC Heap History (10 events):
Event: 13.666 GC heap after
Heap after GC invocations=16 (full 3):
 PSYoungGen      total 640512K, used 124913K [0x00000007aaa80000, 0x00000007e5180000, 0x0000000800000000)
  eden space 515584K, 0% used [0x00000007aaa80000,0x00000007aaa80000,0x00000007ca200000)
  from space 124928K, 99% used [0x00000007ca200000,0x00000007d1bfc650,0x00000007d1c00000)
  to   space 164352K, 0% used [0x00000007db100000,0x00000007db100000,0x00000007e5180000)
 ParOldGen       total 473088K, used 343643K [0x0000000700000000, 0x000000071ce00000, 0x00000007aaa80000)
  object space 473088K, 72% used [0x0000000700000000,0x0000000714f96ea0,0x000000071ce00000)
 PSPermGen       total 21504K, used 6314K [0x00000006f5a00000, 0x00000006f6f00000, 0x0000000700000000)
  object space 21504K, 29% used [0x00000006f5a00000,0x00000006f602a960,0x00000006f6f00000)
}
Event: 14.532 GC heap before
{Heap before GC invocations=17 (full 3):
 PSYoungGen      total 640512K, used 640497K [0x00000007aaa80000, 0x00000007e5180000, 0x0000000800000000)
  eden space 515584K, 100% used [0x00000007aaa80000,0x00000007ca200000,0x00000007ca200000)
  from space 124928K, 99% used [0x00000007ca200000,0x00000007d1bfc650,0x00000007d1c00000)
  to   space 164352K, 0% used [0x00000007db100000,0x00000007db100000,0x00000007e5180000)
 ParOldGen       total 473088K, used 343643K [0x0000000700000000, 0x000000071ce00000, 0x00000007aaa80000)
  object space 473088K, 72% used [0x0000000700000000,0x0000000714f96ea0,0x000000071ce00000)
 PSPermGen       total 21504K, used 6317K [0x00000006f5a00000, 0x00000006f6f00000, 0x0000000700000000)
  object space 21504K, 29% used [0x00000006f5a00000,0x00000006f602b510,0x00000006f6f00000)
Event: 14.827 GC heap after
Heap after GC invocations=17 (full 3):
 PSYoungGen      total 773120K, used 143523K [0x00000007aaa80000, 0x00000007e8780000, 0x0000000800000000)
  eden space 608768K, 0% used [0x00000007aaa80000,0x00000007aaa80000,0x00000007cfd00000)
  from space 164352K, 87% used [0x00000007db100000,0x00000007e3d28c88,0x00000007e5180000)
  to   space 184320K, 0% used [0x00000007cfd00000,0x00000007cfd00000,0x00000007db100000)
 ParOldGen       total 473088K, used 406660K [0x0000000700000000, 0x000000071ce00000, 0x00000007aaa80000)
  object space 473088K, 85% used [0x0000000700000000,0x0000000718d210e8,0x000000071ce00000)
 PSPermGen       total 21504K, used 6317K [0x00000006f5a00000, 0x00000006f6f00000, 0x0000000700000000)
  object space 21504K, 29% used [0x00000006f5a00000,0x00000006f602b510,0x00000006f6f00000)
}
Event: 14.827 GC heap before
{Heap before GC invocations=18 (full 4):
 PSYoungGen      total 773120K, used 143523K [0x00000007aaa80000, 0x00000007e8780000, 0x0000000800000000)
  eden space 608768K, 0% used [0x00000007aaa80000,0x00000007aaa80000,0x00000007cfd00000)
  from space 164352K, 87% used [0x00000007db100000,0x00000007e3d28c88,0x00000007e5180000)
  to   space 184320K, 0% used [0x00000007cfd00000,0x00000007cfd00000,0x00000007db100000)
 ParOldGen       total 473088K, used 406660K [0x0000000700000000, 0x000000071ce00000, 0x00000007aaa80000)
  object space 473088K, 85% used [0x0000000700000000,0x0000000718d210e8,0x000000071ce00000)
 PSPermGen       total 21504K, used 6317K [0x00000006f5a00000, 0x00000006f6f00000, 0x0000000700000000)
  object space 21504K, 29% used [0x00000006f5a00000,0x00000006f602b510,0x00000006f6f00000)
Event: 17.391 GC heap after
Heap after GC invocations=18 (full 4):
 PSYoungGen      total 773120K, used 71777K [0x00000007aaa80000, 0x00000007e8780000, 0x0000000800000000)
  eden space 608768K, 0% used [0x00000007aaa80000,0x00000007aaa80000,0x00000007cfd00000)
  from space 164352K, 43% used [0x00000007db100000,0x00000007df718418,0x00000007e5180000)
  to   space 184320K, 0% used [0x00000007cfd00000,0x00000007cfd00000,0x00000007db100000)
 ParOldGen       total 720384K, used 473073K [0x0000000700000000, 0x000000072bf80000, 0x00000007aaa80000)
  object space 720384K, 65% used [0x0000000700000000,0x000000071cdfc6d8,0x000000072bf80000)
 PSPermGen       total 21504K, used 6317K [0x00000006f5a00000, 0x00000006f6f00000, 0x0000000700000000)
  object space 21504K, 29% used [0x00000006f5a00000,0x00000006f602b470,0x00000006f6f00000)
}
Event: 18.563 GC heap before
{Heap before GC invocations=19 (full 4):
 PSYoungGen      total 773120K, used 680545K [0x00000007aaa80000, 0x00000007e8780000, 0x0000000800000000)
  eden space 608768K, 100% used [0x00000007aaa80000,0x00000007cfd00000,0x00000007cfd00000)
  from space 164352K, 43% used [0x00000007db100000,0x00000007df718418,0x00000007e5180000)
  to   space 184320K, 0% used [0x00000007cfd00000,0x00000007cfd00000,0x00000007db100000)
 ParOldGen       total 720384K, used 473073K [0x0000000700000000, 0x000000072bf80000, 0x00000007aaa80000)
  object space 720384K, 65% used [0x0000000700000000,0x000000071cdfc6d8,0x000000072bf80000)
 PSPermGen       total 21504K, used 6317K [0x00000006f5a00000, 0x00000006f6f00000, 0x0000000700000000)
  object space 21504K, 29% used [0x00000006f5a00000,0x00000006f602b7b8,0x00000006f6f00000)
Event: 18.961 GC heap after
Heap after GC invocations=19 (full 4):
 PSYoungGen      total 793088K, used 160204K [0x00000007aaa80000, 0x00000007f0800000, 0x0000000800000000)
  eden space 608768K, 0% used [0x00000007aaa80000,0x00000007aaa80000,0x00000007cfd00000)
  from space 184320K, 86% used [0x00000007cfd00000,0x00000007d99733a8,0x00000007db100000)
  to   space 205824K, 0% used [0x00000007e3f00000,0x00000007e3f00000,0x00000007f0800000)
 ParOldGen       total 720384K, used 473073K [0x0000000700000000, 0x000000072bf80000, 0x00000007aaa80000)
  object space 720384K, 65% used [0x0000000700000000,0x000000071cdfc6d8,0x000000072bf80000)
 PSPermGen       total 21504K, used 6317K [0x00000006f5a00000, 0x00000006f6f00000, 0x0000000700000000)
  object space 21504K, 29% used [0x00000006f5a00000,0x00000006f602b7b8,0x00000006f6f00000)
}
Event: 21.091 GC heap before
{Heap before GC invocations=20 (full 4):
 PSYoungGen      total 793088K, used 768972K [0x00000007aaa80000, 0x00000007f0800000, 0x0000000800000000)
  eden space 608768K, 100% used [0x00000007aaa80000,0x00000007cfd00000,0x00000007cfd00000)
  from space 184320K, 86% used [0x00000007cfd00000,0x00000007d99733a8,0x00000007db100000)
  to   space 205824K, 0% used [0x00000007e3f00000,0x00000007e3f00000,0x00000007f0800000)
 ParOldGen       total 720384K, used 473073K [0x0000000700000000, 0x000000072bf80000, 0x00000007aaa80000)
  object space 720384K, 65% used [0x0000000700000000,0x000000071cdfc6d8,0x000000072bf80000)
 PSPermGen       total 21504K, used 6322K [0x00000006f5a00000, 0x00000006f6f00000, 0x0000000700000000)
  object space 21504K, 29% used [0x00000006f5a00000,0x00000006f602c9e8,0x00000006f6f00000)
Event: 21.400 GC heap after
Heap after GC invocations=20 (full 4):
 PSYoungGen      total 892928K, used 205798K [0x00000007aaa80000, 0x00000007f5e80000, 0x0000000800000000)
  eden space 687104K, 0% used [0x00000007aaa80000,0x00000007aaa80000,0x00000007d4980000)
  from space 205824K, 99% used [0x00000007e3f00000,0x00000007f07f98d8,0x00000007f0800000)
  to   space 251392K, 0% used [0x00000007d4980000,0x00000007d4980000,0x00000007e3f00000)
 ParOldGen       total 720384K, used 503077K [0x0000000700000000, 0x000000072bf80000, 0x00000007aaa80000)
  object space 720384K, 69% used [0x0000000700000000,0x000000071eb49738,0x000000072bf80000)
 PSPermGen       total 21504K, used 6322K [0x00000006f5a00000, 0x00000006f6f00000, 0x0000000700000000)
  object space 21504K, 29% used [0x00000006f5a00000,0x00000006f602c9e8,0x00000006f6f00000)
}
Event: 23.570 GC heap before
{Heap before GC invocations=21 (full 4):
 PSYoungGen      total 892928K, used 892902K [0x00000007aaa80000, 0x00000007f5e80000, 0x0000000800000000)
  eden space 687104K, 100% used [0x00000007aaa80000,0x00000007d4980000,0x00000007d4980000)
  from space 205824K, 99% used [0x00000007e3f00000,0x00000007f07f98d8,0x00000007f0800000)
  to   space 251392K, 0% used [0x00000007d4980000,0x00000007d4980000,0x00000007e3f00000)
 ParOldGen       total 720384K, used 503077K [0x0000000700000000, 0x000000072bf80000, 0x00000007aaa80000)
  object space 720384K, 69% used [0x0000000700000000,0x000000071eb49738,0x000000072bf80000)
 PSPermGen       total 21504K, used 6323K [0x00000006f5a00000, 0x00000006f6f00000, 0x0000000700000000)
  object space 21504K, 29% used [0x00000006f5a00000,0x00000006f602ce48,0x00000006f6f00000)

