# JRE version: OpenJDK Runtime Environment (7.0_79-b14) (build 1.7.0_79-b14)
# Java VM: OpenJDK 64-Bit Server VM (24.79-b02 mixed mode linux-amd64 compressed oops)
Heap
 PSYoungGen      total 824832K, used 73267K [0x00000007aaa80000, 0x00000007ec700000, 0x0000000800000000)
  eden space 615424K, 0% used [0x00000007aaa80000,0x00000007aaa80000,0x00000007d0380000)
  from space 209408K, 34% used [0x00000007dd400000,0x00000007e1b8ce48,0x00000007ea080000)
  to   space 213504K, 0% used [0x00000007d0380000,0x00000007d0380000,0x00000007dd400000)
 ParOldGen       total 460800K, used 460691K [0x0000000700000000, 0x000000071c200000, 0x00000007aaa80000)
  object space 460800K, 99% used [0x0000000700000000,0x000000071c1e4eb8,0x000000071c200000)
 PSPermGen       total 21504K, used 6279K [0x00000006f5a00000, 0x00000006f6f00000, 0x0000000700000000)
  object space 21504K, 29% used [0x00000006f5a00000,0x00000006f6021f48,0x00000006f6f00000)
GC Heap History (10 events):
Event: 15.311 GC heap after
Heap after GC invocations=17 (full 3):
 PSYoungGen      total 586240K, used 7340K [0x00000007aaa80000, 0x00000007d8480000, 0x0000000800000000)
  eden space 455680K, 0% used [0x00000007aaa80000,0x00000007aaa80000,0x00000007c6780000)
  from space 130560K, 5% used [0x00000007ced80000,0x00000007cf4ab308,0x00000007d6d00000)
  to   space 137216K, 0% used [0x00000007c6780000,0x00000007c6780000,0x00000007ced80000)
 ParOldGen       total 458240K, used 292284K [0x0000000700000000, 0x000000071bf80000, 0x00000007aaa80000)
  object space 458240K, 63% used [0x0000000700000000,0x0000000711d6f370,0x000000071bf80000)
 PSPermGen       total 21504K, used 6203K [0x00000006f5a00000, 0x00000006f6f00000, 0x0000000700000000)
  object space 21504K, 28% used [0x00000006f5a00000,0x00000006f600ef60,0x00000006f6f00000)
}
Event: 16.245 GC heap before
{Heap before GC invocations=18 (full 3):
 PSYoungGen      total 586240K, used 463020K [0x00000007aaa80000, 0x00000007d8480000, 0x0000000800000000)
  eden space 455680K, 100% used [0x00000007aaa80000,0x00000007c6780000,0x00000007c6780000)
  from space 130560K, 5% used [0x00000007ced80000,0x00000007cf4ab308,0x00000007d6d00000)
  to   space 137216K, 0% used [0x00000007c6780000,0x00000007c6780000,0x00000007ced80000)
 ParOldGen       total 458240K, used 292284K [0x0000000700000000, 0x000000071bf80000, 0x00000007aaa80000)
  object space 458240K, 63% used [0x0000000700000000,0x0000000711d6f370,0x000000071bf80000)
 PSPermGen       total 21504K, used 6218K [0x00000006f5a00000, 0x00000006f6f00000, 0x0000000700000000)
  object space 21504K, 28% used [0x00000006f5a00000,0x00000006f6012890,0x00000006f6f00000)
Event: 16.372 GC heap after
Heap after GC invocations=18 (full 3):
 PSYoungGen      total 592896K, used 71141K [0x00000007aaa80000, 0x00000007dcd80000, 0x0000000800000000)
  eden space 455680K, 0% used [0x00000007aaa80000,0x00000007aaa80000,0x00000007c6780000)
  from space 137216K, 51% used [0x00000007c6780000,0x00000007cacf9708,0x00000007ced80000)
  to   space 135680K, 0% used [0x00000007d4900000,0x00000007d4900000,0x00000007dcd80000)
 ParOldGen       total 458240K, used 292284K [0x0000000700000000, 0x000000071bf80000, 0x00000007aaa80000)
  object space 458240K, 63% used [0x0000000700000000,0x0000000711d6f370,0x000000071bf80000)
 PSPermGen       total 21504K, used 6218K [0x00000006f5a00000, 0x00000006f6f00000, 0x0000000700000000)
  object space 21504K, 28% used [0x00000006f5a00000,0x00000006f6012890,0x00000006f6f00000)
}
Event: 17.202 GC heap before
{Heap before GC invocations=19 (full 3):
 PSYoungGen      total 592896K, used 526821K [0x00000007aaa80000, 0x00000007dcd80000, 0x0000000800000000)
  eden space 455680K, 100% used [0x00000007aaa80000,0x00000007c6780000,0x00000007c6780000)
  from space 137216K, 51% used [0x00000007c6780000,0x00000007cacf9708,0x00000007ced80000)
  to   space 135680K, 0% used [0x00000007d4900000,0x00000007d4900000,0x00000007dcd80000)
 ParOldGen       total 458240K, used 292284K [0x0000000700000000, 0x000000071bf80000, 0x00000007aaa80000)
  object space 458240K, 63% used [0x0000000700000000,0x0000000711d6f370,0x000000071bf80000)
 PSPermGen       total 21504K, used 6236K [0x00000006f5a00000, 0x00000006f6f00000, 0x0000000700000000)
  object space 21504K, 29% used [0x00000006f5a00000,0x00000006f60173a0,0x00000006f6f00000)
Event: 17.422 GC heap after
Heap after GC invocations=19 (full 3):
 PSYoungGen      total 662016K, used 135674K [0x00000007aaa80000, 0x00000007e0e80000, 0x0000000800000000)
  eden space 526336K, 0% used [0x00000007aaa80000,0x00000007aaa80000,0x00000007cac80000)
  from space 135680K, 99% used [0x00000007d4900000,0x00000007dcd7e868,0x00000007dcd80000)
  to   space 160256K, 0% used [0x00000007cac80000,0x00000007cac80000,0x00000007d4900000)
 ParOldGen       total 458240K, used 300419K [0x0000000700000000, 0x000000071bf80000, 0x00000007aaa80000)
  object space 458240K, 65% used [0x0000000700000000,0x0000000712560c28,0x000000071bf80000)
 PSPermGen       total 21504K, used 6236K [0x00000006f5a00000, 0x00000006f6f00000, 0x0000000700000000)
  object space 21504K, 29% used [0x00000006f5a00000,0x00000006f60173a0,0x00000006f6f00000)
}
Event: 18.458 GC heap before
{Heap before GC invocations=20 (full 3):
 PSYoungGen      total 662016K, used 662010K [0x00000007aaa80000, 0x00000007e0e80000, 0x0000000800000000)
  eden space 526336K, 100% used [0x00000007aaa80000,0x00000007cac80000,0x00000007cac80000)
  from space 135680K, 99% used [0x00000007d4900000,0x00000007dcd7e868,0x00000007dcd80000)
  to   space 160256K, 0% used [0x00000007cac80000,0x00000007cac80000,0x00000007d4900000)
 ParOldGen       total 458240K, used 300419K [0x0000000700000000, 0x000000071bf80000, 0x00000007aaa80000)
  object space 458240K, 65% used [0x0000000700000000,0x0000000712560c28,0x000000071bf80000)
 PSPermGen       total 21504K, used 6277K [0x00000006f5a00000, 0x00000006f6f00000, 0x0000000700000000)
  object space 21504K, 29% used [0x00000006f5a00000,0x00000006f6021698,0x00000006f6f00000)
Event: 18.693 GC heap after
Heap after GC invocations=20 (full 3):
 PSYoungGen      total 686592K, used 160235K [0x00000007aaa80000, 0x00000007ea080000, 0x0000000800000000)
  eden space 526336K, 0% used [0x00000007aaa80000,0x00000007aaa80000,0x00000007cac80000)
  from space 160256K, 99% used [0x00000007cac80000,0x00000007d48faf40,0x00000007d4900000)
  to   space 209408K, 0% used [0x00000007dd400000,0x00000007dd400000,0x00000007ea080000)
 ParOldGen       total 458240K, used 362126K [0x0000000700000000, 0x000000071bf80000, 0x00000007aaa80000)
  object space 458240K, 79% used [0x0000000700000000,0x00000007161a3ba0,0x000000071bf80000)
 PSPermGen       total 21504K, used 6277K [0x00000006f5a00000, 0x00000006f6f00000, 0x0000000700000000)
  object space 21504K, 29% used [0x00000006f5a00000,0x00000006f6021698,0x00000006f6f00000)
}
Event: 19.690 GC heap before
{Heap before GC invocations=21 (full 3):
 PSYoungGen      total 686592K, used 686571K [0x00000007aaa80000, 0x00000007ea080000, 0x0000000800000000)
  eden space 526336K, 100% used [0x00000007aaa80000,0x00000007cac80000,0x00000007cac80000)
  from space 160256K, 99% used [0x00000007cac80000,0x00000007d48faf40,0x00000007d4900000)
  to   space 209408K, 0% used [0x00000007dd400000,0x00000007dd400000,0x00000007ea080000)
 ParOldGen       total 458240K, used 362126K [0x0000000700000000, 0x000000071bf80000, 0x00000007aaa80000)
  object space 458240K, 79% used [0x0000000700000000,0x00000007161a3ba0,0x000000071bf80000)
 PSPermGen       total 21504K, used 6280K [0x00000006f5a00000, 0x00000006f6f00000, 0x0000000700000000)
  object space 21504K, 29% used [0x00000006f5a00000,0x00000006f6022008,0x00000006f6f00000)
Event: 21.185 GC heap after
Heap after GC invocations=21 (full 3):
 PSYoungGen      total 824832K, used 125835K [0x00000007aaa80000, 0x00000007ec700000, 0x0000000800000000)
  eden space 615424K, 0% used [0x00000007aaa80000,0x00000007aaa80000,0x00000007d0380000)
  from space 209408K, 60% used [0x00000007dd400000,0x00000007e4ee2c40,0x00000007ea080000)
  to   space 213504K, 0% used [0x00000007d0380000,0x00000007d0380000,0x00000007dd400000)
 ParOldGen       total 460800K, used 459585K [0x0000000700000000, 0x000000071c200000, 0x00000007aaa80000)
  object space 460800K, 99% used [0x0000000700000000,0x000000071c0d0488,0x000000071c200000)
 PSPermGen       total 21504K, used 6280K [0x00000006f5a00000, 0x00000006f6f00000, 0x0000000700000000)
  object space 21504K, 29% used [0x00000006f5a00000,0x00000006f6022008,0x00000006f6f00000)
}
Event: 21.215 GC heap before
{Heap before GC invocations=22 (full 4):
 PSYoungGen      total 824832K, used 125835K [0x00000007aaa80000, 0x00000007ec700000, 0x0000000800000000)
  eden space 615424K, 0% used [0x00000007aaa80000,0x00000007aaa80000,0x00000007d0380000)
  from space 209408K, 60% used [0x00000007dd400000,0x00000007e4ee2c40,0x00000007ea080000)
  to   space 213504K, 0% used [0x00000007d0380000,0x00000007d0380000,0x00000007dd400000)
 ParOldGen       total 460800K, used 459585K [0x0000000700000000, 0x000000071c200000, 0x00000007aaa80000)
  object space 460800K, 99% used [0x0000000700000000,0x000000071c0d0488,0x000000071c200000)
 PSPermGen       total 21504K, used 6280K [0x00000006f5a00000, 0x00000006f6f00000, 0x0000000700000000)
  object space 21504K, 29% used [0x00000006f5a00000,0x00000006f6022008,0x00000006f6f00000)

