# JRE version: OpenJDK Runtime Environment (7.0_79-b14) (build 1.7.0_79-b14)
# Java VM: OpenJDK 64-Bit Server VM (24.79-b02 mixed mode linux-amd64 compressed oops)
Heap
 PSYoungGen      total 886272K, used 207357K [0x00000007aaa80000, 0x00000007edc00000, 0x0000000800000000)
  eden space 673280K, 0% used [0x00000007aaa80000,0x00000007aaa80000,0x00000007d3c00000)
  from space 212992K, 97% used [0x00000007d3c00000,0x00000007e067f480,0x00000007e0c00000)
  to   space 209408K, 0% used [0x00000007e0e00000,0x00000007e0e00000,0x00000007eda80000)
 ParOldGen       total 465408K, used 339663K [0x0000000700000000, 0x000000071c680000, 0x00000007aaa80000)
  object space 465408K, 72% used [0x0000000700000000,0x0000000714bb3f60,0x000000071c680000)
 PSPermGen       total 21504K, used 6281K [0x00000006f5a00000, 0x00000006f6f00000, 0x0000000700000000)
  object space 21504K, 29% used [0x00000006f5a00000,0x00000006f60226f8,0x00000006f6f00000)
GC Heap History (10 events):
Event: 14.830 GC heap after
Heap after GC invocations=13 (full 2):
 PSYoungGen      total 584192K, used 100217K [0x00000007aaa80000, 0x00000007dd780000, 0x0000000800000000)
  eden space 461312K, 0% used [0x00000007aaa80000,0x00000007aaa80000,0x00000007c6d00000)
  from space 122880K, 81% used [0x00000007c6d00000,0x00000007ccede538,0x00000007ce500000)
  to   space 135168K, 0% used [0x00000007d5380000,0x00000007d5380000,0x00000007dd780000)
 ParOldGen       total 294400K, used 195621K [0x0000000700000000, 0x0000000711f80000, 0x00000007aaa80000)
  object space 294400K, 66% used [0x0000000700000000,0x000000070bf09448,0x0000000711f80000)
 PSPermGen       total 21504K, used 6201K [0x00000006f5a00000, 0x00000006f6f00000, 0x0000000700000000)
  object space 21504K, 28% used [0x00000006f5a00000,0x00000006f600e4a8,0x00000006f6f00000)
}
Event: 16.034 GC heap before
{Heap before GC invocations=14 (full 2):
 PSYoungGen      total 584192K, used 561529K [0x00000007aaa80000, 0x00000007dd780000, 0x0000000800000000)
  eden space 461312K, 100% used [0x00000007aaa80000,0x00000007c6d00000,0x00000007c6d00000)
  from space 122880K, 81% used [0x00000007c6d00000,0x00000007ccede538,0x00000007ce500000)
  to   space 135168K, 0% used [0x00000007d5380000,0x00000007d5380000,0x00000007dd780000)
 ParOldGen       total 294400K, used 195621K [0x0000000700000000, 0x0000000711f80000, 0x00000007aaa80000)
  object space 294400K, 66% used [0x0000000700000000,0x000000070bf09448,0x0000000711f80000)
 PSPermGen       total 21504K, used 6207K [0x00000006f5a00000, 0x00000006f6f00000, 0x0000000700000000)
  object space 21504K, 28% used [0x00000006f5a00000,0x00000006f600fe78,0x00000006f6f00000)
Event: 16.218 GC heap after
Heap after GC invocations=14 (full 2):
 PSYoungGen      total 672768K, used 135152K [0x00000007aaa80000, 0x00000007e0e80000, 0x0000000800000000)
  eden space 537600K, 0% used [0x00000007aaa80000,0x00000007aaa80000,0x00000007cb780000)
  from space 135168K, 99% used [0x00000007d5380000,0x00000007dd77c388,0x00000007dd780000)
  to   space 159744K, 0% used [0x00000007cb780000,0x00000007cb780000,0x00000007d5380000)
 ParOldGen       total 294400K, used 201341K [0x0000000700000000, 0x0000000711f80000, 0x00000007aaa80000)
  object space 294400K, 68% used [0x0000000700000000,0x000000070c49f690,0x0000000711f80000)
 PSPermGen       total 21504K, used 6207K [0x00000006f5a00000, 0x00000006f6f00000, 0x0000000700000000)
  object space 21504K, 28% used [0x00000006f5a00000,0x00000006f600fe78,0x00000006f6f00000)
}
Event: 17.245 GC heap before
{Heap before GC invocations=15 (full 2):
 PSYoungGen      total 672768K, used 672752K [0x00000007aaa80000, 0x00000007e0e80000, 0x0000000800000000)
  eden space 537600K, 100% used [0x00000007aaa80000,0x00000007cb780000,0x00000007cb780000)
  from space 135168K, 99% used [0x00000007d5380000,0x00000007dd77c388,0x00000007dd780000)
  to   space 159744K, 0% used [0x00000007cb780000,0x00000007cb780000,0x00000007d5380000)
 ParOldGen       total 294400K, used 201341K [0x0000000700000000, 0x0000000711f80000, 0x00000007aaa80000)
  object space 294400K, 68% used [0x0000000700000000,0x000000070c49f690,0x0000000711f80000)
 PSPermGen       total 21504K, used 6226K [0x00000006f5a00000, 0x00000006f6f00000, 0x0000000700000000)
  object space 21504K, 28% used [0x00000006f5a00000,0x00000006f60148a8,0x00000006f6f00000)
Event: 17.484 GC heap after
Heap after GC invocations=15 (full 2):
 PSYoungGen      total 697344K, used 159714K [0x00000007aaa80000, 0x00000007eda80000, 0x0000000800000000)
  eden space 537600K, 0% used [0x00000007aaa80000,0x00000007aaa80000,0x00000007cb780000)
  from space 159744K, 99% used [0x00000007cb780000,0x00000007d5378810,0x00000007d5380000)
  to   space 209408K, 0% used [0x00000007e0e00000,0x00000007e0e00000,0x00000007eda80000)
 ParOldGen       total 294400K, used 263301K [0x0000000700000000, 0x0000000711f80000, 0x00000007aaa80000)
  object space 294400K, 89% used [0x0000000700000000,0x00000007101216a0,0x0000000711f80000)
 PSPermGen       total 21504K, used 6226K [0x00000006f5a00000, 0x00000006f6f00000, 0x0000000700000000)
  object space 21504K, 28% used [0x00000006f5a00000,0x00000006f60148a8,0x00000006f6f00000)
}
Event: 17.484 GC heap before
{Heap before GC invocations=16 (full 3):
 PSYoungGen      total 697344K, used 159714K [0x00000007aaa80000, 0x00000007eda80000, 0x0000000800000000)
  eden space 537600K, 0% used [0x00000007aaa80000,0x00000007aaa80000,0x00000007cb780000)
  from space 159744K, 99% used [0x00000007cb780000,0x00000007d5378810,0x00000007d5380000)
  to   space 209408K, 0% used [0x00000007e0e00000,0x00000007e0e00000,0x00000007eda80000)
 ParOldGen       total 294400K, used 263301K [0x0000000700000000, 0x0000000711f80000, 0x00000007aaa80000)
  object space 294400K, 89% used [0x0000000700000000,0x00000007101216a0,0x0000000711f80000)
 PSPermGen       total 21504K, used 6226K [0x00000006f5a00000, 0x00000006f6f00000, 0x0000000700000000)
  object space 21504K, 28% used [0x00000006f5a00000,0x00000006f60148a8,0x00000006f6f00000)
Event: 18.841 GC heap after
Heap after GC invocations=16 (full 3):
 PSYoungGen      total 697344K, used 83040K [0x00000007aaa80000, 0x00000007eda80000, 0x0000000800000000)
  eden space 537600K, 0% used [0x00000007aaa80000,0x00000007aaa80000,0x00000007cb780000)
  from space 159744K, 51% used [0x00000007cb780000,0x00000007d08982b0,0x00000007d5380000)
  to   space 209408K, 0% used [0x00000007e0e00000,0x00000007e0e00000,0x00000007eda80000)
 ParOldGen       total 465408K, used 293965K [0x0000000700000000, 0x000000071c680000, 0x00000007aaa80000)
  object space 465408K, 63% used [0x0000000700000000,0x0000000711f135d8,0x000000071c680000)
 PSPermGen       total 21504K, used 6225K [0x00000006f5a00000, 0x00000006f6f00000, 0x0000000700000000)
  object space 21504K, 28% used [0x00000006f5a00000,0x00000006f6014768,0x00000006f6f00000)
}
Event: 20.349 GC heap before
{Heap before GC invocations=17 (full 3):
 PSYoungGen      total 697344K, used 620640K [0x00000007aaa80000, 0x00000007eda80000, 0x0000000800000000)
  eden space 537600K, 100% used [0x00000007aaa80000,0x00000007cb780000,0x00000007cb780000)
  from space 159744K, 51% used [0x00000007cb780000,0x00000007d08982b0,0x00000007d5380000)
  to   space 209408K, 0% used [0x00000007e0e00000,0x00000007e0e00000,0x00000007eda80000)
 ParOldGen       total 465408K, used 293965K [0x0000000700000000, 0x000000071c680000, 0x00000007aaa80000)
  object space 465408K, 63% used [0x0000000700000000,0x0000000711f135d8,0x000000071c680000)
 PSPermGen       total 21504K, used 6275K [0x00000006f5a00000, 0x00000006f6f00000, 0x0000000700000000)
  object space 21504K, 29% used [0x00000006f5a00000,0x00000006f6020e58,0x00000006f6f00000)
Event: 20.746 GC heap after
Heap after GC invocations=17 (full 3):
 PSYoungGen      total 882688K, used 121647K [0x00000007aaa80000, 0x00000007edc00000, 0x0000000800000000)
  eden space 673280K, 0% used [0x00000007aaa80000,0x00000007aaa80000,0x00000007d3c00000)
  from space 209408K, 58% used [0x00000007e0e00000,0x00000007e84cbef0,0x00000007eda80000)
  to   space 212992K, 0% used [0x00000007d3c00000,0x00000007d3c00000,0x00000007e0c00000)
 ParOldGen       total 465408K, used 339663K [0x0000000700000000, 0x000000071c680000, 0x00000007aaa80000)
  object space 465408K, 72% used [0x0000000700000000,0x0000000714bb3f60,0x000000071c680000)
 PSPermGen       total 21504K, used 6275K [0x00000006f5a00000, 0x00000006f6f00000, 0x0000000700000000)
  object space 21504K, 29% used [0x00000006f5a00000,0x00000006f6020e58,0x00000006f6f00000)
}
Event: 22.083 GC heap before
{Heap before GC invocations=18 (full 3):
 PSYoungGen      total 882688K, used 794927K [0x00000007aaa80000, 0x00000007edc00000, 0x0000000800000000)
  eden space 673280K, 100% used [0x00000007aaa80000,0x00000007d3c00000,0x00000007d3c00000)
  from space 209408K, 58% used [0x00000007e0e00000,0x00000007e84cbef0,0x00000007eda80000)
  to   space 212992K, 0% used [0x00000007d3c00000,0x00000007d3c00000,0x00000007e0c00000)
 ParOldGen       total 465408K, used 339663K [0x0000000700000000, 0x000000071c680000, 0x00000007aaa80000)
  object space 465408K, 72% used [0x0000000700000000,0x0000000714bb3f60,0x000000071c680000)
 PSPermGen       total 21504K, used 6281K [0x00000006f5a00000, 0x00000006f6f00000, 0x0000000700000000)
  object space 21504K, 29% used [0x00000006f5a00000,0x00000006f60226f8,0x00000006f6f00000)

