# JRE version: OpenJDK Runtime Environment (7.0_79-b14) (build 1.7.0_79-b14)
# Java VM: OpenJDK 64-Bit Server VM (24.79-b02 mixed mode linux-amd64 compressed oops)
Heap
 PSYoungGen      total 567296K, used 94200K [0x00000007aaa80000, 0x00000007d3680000, 0x0000000800000000)
  eden space 473088K, 0% used [0x00000007aaa80000,0x00000007aaa80000,0x00000007c7880000)
  from space 94208K, 99% used [0x00000007cda80000,0x00000007d367e028,0x00000007d3680000)
  to   space 66048K, 0% used [0x00000007c7880000,0x00000007c7880000,0x00000007cb900000)
 ParOldGen       total 284160K, used 175012K [0x0000000700000000, 0x0000000711580000, 0x00000007aaa80000)
  object space 284160K, 61% used [0x0000000700000000,0x000000070aae9090,0x0000000711580000)
 PSPermGen       total 21504K, used 6239K [0x00000006f5a00000, 0x00000006f6f00000, 0x0000000700000000)
  object space 21504K, 29% used [0x00000006f5a00000,0x00000006f6017f68,0x00000006f6f00000)
GC Heap History (10 events):
Event: 6.790 GC heap after
Heap after GC invocations=7 (full 0):
 PSYoungGen      total 281600K, used 30701K [0x00000007aaa80000, 0x00000007cf980000, 0x0000000800000000)
  eden space 250880K, 0% used [0x00000007aaa80000,0x00000007aaa80000,0x00000007b9f80000)
  from space 30720K, 99% used [0x00000007b9f80000,0x00000007bbd7b5f8,0x00000007bbd80000)
  to   space 51712K, 0% used [0x00000007cc700000,0x00000007cc700000,0x00000007cf980000)
 ParOldGen       total 83456K, used 79475K [0x0000000700000000, 0x0000000705180000, 0x00000007aaa80000)
  object space 83456K, 95% used [0x0000000700000000,0x0000000704d9cd68,0x0000000705180000)
 PSPermGen       total 21504K, used 6095K [0x00000006f5a00000, 0x00000006f6f00000, 0x0000000700000000)
  object space 21504K, 28% used [0x00000006f5a00000,0x00000006f5ff3f18,0x00000006f6f00000)
}
Event: 6.790 GC heap before
{Heap before GC invocations=8 (full 1):
 PSYoungGen      total 281600K, used 30701K [0x00000007aaa80000, 0x00000007cf980000, 0x0000000800000000)
  eden space 250880K, 0% used [0x00000007aaa80000,0x00000007aaa80000,0x00000007b9f80000)
  from space 30720K, 99% used [0x00000007b9f80000,0x00000007bbd7b5f8,0x00000007bbd80000)
  to   space 51712K, 0% used [0x00000007cc700000,0x00000007cc700000,0x00000007cf980000)
 ParOldGen       total 83456K, used 79475K [0x0000000700000000, 0x0000000705180000, 0x00000007aaa80000)
  object space 83456K, 95% used [0x0000000700000000,0x0000000704d9cd68,0x0000000705180000)
 PSPermGen       total 21504K, used 6095K [0x00000006f5a00000, 0x00000006f6f00000, 0x0000000700000000)
  object space 21504K, 28% used [0x00000006f5a00000,0x00000006f5ff3f18,0x00000006f6f00000)
Event: 7.436 GC heap after
Heap after GC invocations=8 (full 1):
 PSYoungGen      total 281600K, used 22447K [0x00000007aaa80000, 0x00000007cf980000, 0x0000000800000000)
  eden space 250880K, 0% used [0x00000007aaa80000,0x00000007aaa80000,0x00000007b9f80000)
  from space 30720K, 73% used [0x00000007b9f80000,0x00000007bb56bf10,0x00000007bbd80000)
  to   space 51712K, 0% used [0x00000007cc700000,0x00000007cc700000,0x00000007cf980000)
 ParOldGen       total 163840K, used 83231K [0x0000000700000000, 0x000000070a000000, 0x00000007aaa80000)
  object space 163840K, 50% used [0x0000000700000000,0x0000000705147c58,0x000000070a000000)
 PSPermGen       total 21504K, used 6090K [0x00000006f5a00000, 0x00000006f6f00000, 0x0000000700000000)
  object space 21504K, 28% used [0x00000006f5a00000,0x00000006f5ff29f0,0x00000006f6f00000)
}
Event: 8.165 GC heap before
{Heap before GC invocations=9 (full 1):
 PSYoungGen      total 281600K, used 273327K [0x00000007aaa80000, 0x00000007cf980000, 0x0000000800000000)
  eden space 250880K, 100% used [0x00000007aaa80000,0x00000007b9f80000,0x00000007b9f80000)
  from space 30720K, 73% used [0x00000007b9f80000,0x00000007bb56bf10,0x00000007bbd80000)
  to   space 51712K, 0% used [0x00000007cc700000,0x00000007cc700000,0x00000007cf980000)
 ParOldGen       total 163840K, used 83231K [0x0000000700000000, 0x000000070a000000, 0x00000007aaa80000)
  object space 163840K, 50% used [0x0000000700000000,0x0000000705147c58,0x000000070a000000)
 PSPermGen       total 21504K, used 6100K [0x00000006f5a00000, 0x00000006f6f00000, 0x0000000700000000)
  object space 21504K, 28% used [0x00000006f5a00000,0x00000006f5ff5148,0x00000006f6f00000)
Event: 8.293 GC heap after
Heap after GC invocations=9 (full 1):
 PSYoungGen      total 418816K, used 51687K [0x00000007aaa80000, 0x00000007cf980000, 0x0000000800000000)
  eden space 367104K, 0% used [0x00000007aaa80000,0x00000007aaa80000,0x00000007c1100000)
  from space 51712K, 99% used [0x00000007cc700000,0x00000007cf979e00,0x00000007cf980000)
  to   space 66048K, 0% used [0x00000007c7880000,0x00000007c7880000,0x00000007cb900000)
 ParOldGen       total 163840K, used 95418K [0x0000000700000000, 0x000000070a000000, 0x00000007aaa80000)
  object space 163840K, 58% used [0x0000000700000000,0x0000000705d2eb78,0x000000070a000000)
 PSPermGen       total 21504K, used 6100K [0x00000006f5a00000, 0x00000006f6f00000, 0x0000000700000000)
  object space 21504K, 28% used [0x00000006f5a00000,0x00000006f5ff5148,0x00000006f6f00000)
}
Event: 9.592 GC heap before
{Heap before GC invocations=10 (full 1):
 PSYoungGen      total 418816K, used 418791K [0x00000007aaa80000, 0x00000007cf980000, 0x0000000800000000)
  eden space 367104K, 100% used [0x00000007aaa80000,0x00000007c1100000,0x00000007c1100000)
  from space 51712K, 99% used [0x00000007cc700000,0x00000007cf979e00,0x00000007cf980000)
  to   space 66048K, 0% used [0x00000007c7880000,0x00000007c7880000,0x00000007cb900000)
 ParOldGen       total 163840K, used 95418K [0x0000000700000000, 0x000000070a000000, 0x00000007aaa80000)
  object space 163840K, 58% used [0x0000000700000000,0x0000000705d2eb78,0x000000070a000000)
 PSPermGen       total 21504K, used 6119K [0x00000006f5a00000, 0x00000006f6f00000, 0x0000000700000000)
  object space 21504K, 28% used [0x00000006f5a00000,0x00000006f5ff9cd0,0x00000006f6f00000)
Event: 9.793 GC heap after
Heap after GC invocations=10 (full 1):
 PSYoungGen      total 539136K, used 66047K [0x00000007aaa80000, 0x00000007d3680000, 0x0000000800000000)
  eden space 473088K, 0% used [0x00000007aaa80000,0x00000007aaa80000,0x00000007c7880000)
  from space 66048K, 99% used [0x00000007c7880000,0x00000007cb8ffc10,0x00000007cb900000)
  to   space 94208K, 0% used [0x00000007cda80000,0x00000007cda80000,0x00000007d3680000)
 ParOldGen       total 163840K, used 136984K [0x0000000700000000, 0x000000070a000000, 0x00000007aaa80000)
  object space 163840K, 83% used [0x0000000700000000,0x00000007085c61a8,0x000000070a000000)
 PSPermGen       total 21504K, used 6119K [0x00000006f5a00000, 0x00000006f6f00000, 0x0000000700000000)
  object space 21504K, 28% used [0x00000006f5a00000,0x00000006f5ff9cd0,0x00000006f6f00000)
}
Event: 9.793 GC heap before
{Heap before GC invocations=11 (full 2):
 PSYoungGen      total 539136K, used 66047K [0x00000007aaa80000, 0x00000007d3680000, 0x0000000800000000)
  eden space 473088K, 0% used [0x00000007aaa80000,0x00000007aaa80000,0x00000007c7880000)
  from space 66048K, 99% used [0x00000007c7880000,0x00000007cb8ffc10,0x00000007cb900000)
  to   space 94208K, 0% used [0x00000007cda80000,0x00000007cda80000,0x00000007d3680000)
 ParOldGen       total 163840K, used 136984K [0x0000000700000000, 0x000000070a000000, 0x00000007aaa80000)
  object space 163840K, 83% used [0x0000000700000000,0x00000007085c61a8,0x000000070a000000)
 PSPermGen       total 21504K, used 6119K [0x00000006f5a00000, 0x00000006f6f00000, 0x0000000700000000)
  object space 21504K, 28% used [0x00000006f5a00000,0x00000006f5ff9cd0,0x00000006f6f00000)
Event: 10.524 GC heap after
Heap after GC invocations=11 (full 2):
 PSYoungGen      total 539136K, used 32597K [0x00000007aaa80000, 0x00000007d3680000, 0x0000000800000000)
  eden space 473088K, 0% used [0x00000007aaa80000,0x00000007aaa80000,0x00000007c7880000)
  from space 66048K, 49% used [0x00000007c7880000,0x00000007c98554d8,0x00000007cb900000)
  to   space 94208K, 0% used [0x00000007cda80000,0x00000007cda80000,0x00000007d3680000)
 ParOldGen       total 284160K, used 163372K [0x0000000700000000, 0x0000000711580000, 0x00000007aaa80000)
  object space 284160K, 57% used [0x0000000700000000,0x0000000709f8b0b8,0x0000000711580000)
 PSPermGen       total 21504K, used 6118K [0x00000006f5a00000, 0x00000006f6f00000, 0x0000000700000000)
  object space 21504K, 28% used [0x00000006f5a00000,0x00000006f5ff9b90,0x00000006f6f00000)
}
Event: 11.812 GC heap before
{Heap before GC invocations=12 (full 2):
 PSYoungGen      total 539136K, used 505685K [0x00000007aaa80000, 0x00000007d3680000, 0x0000000800000000)
  eden space 473088K, 100% used [0x00000007aaa80000,0x00000007c7880000,0x00000007c7880000)
  from space 66048K, 49% used [0x00000007c7880000,0x00000007c98554d8,0x00000007cb900000)
  to   space 94208K, 0% used [0x00000007cda80000,0x00000007cda80000,0x00000007d3680000)
 ParOldGen       total 284160K, used 163372K [0x0000000700000000, 0x0000000711580000, 0x00000007aaa80000)
  object space 284160K, 57% used [0x0000000700000000,0x0000000709f8b0b8,0x0000000711580000)
 PSPermGen       total 21504K, used 6239K [0x00000006f5a00000, 0x00000006f6f00000, 0x0000000700000000)
  object space 21504K, 29% used [0x00000006f5a00000,0x00000006f6017f68,0x00000006f6f00000)

