# JRE version: OpenJDK Runtime Environment (7.0_79-b14) (build 1.7.0_79-b14)
# Java VM: OpenJDK 64-Bit Server VM (24.79-b02 mixed mode linux-amd64 compressed oops)
Heap
 PSYoungGen      total 960512K, used 318463K [0x00000007aaa80000, 0x00000007faa80000, 0x0000000800000000)
  eden space 642048K, 0% used [0x00000007aaa80000,0x00000007aaa80000,0x00000007d1d80000)
  from space 318464K, 99% used [0x00000007d1d80000,0x00000007e547fec8,0x00000007e5480000)
  to   space 275456K, 0% used [0x00000007e5480000,0x00000007e5480000,0x00000007f6180000)
 ParOldGen       total 669696K, used 499415K [0x0000000700000000, 0x0000000728e00000, 0x00000007aaa80000)
  object space 669696K, 74% used [0x0000000700000000,0x000000071e7b5f58,0x0000000728e00000)
 PSPermGen       total 21504K, used 6396K [0x00000006f5a00000, 0x00000006f6f00000, 0x0000000700000000)
  object space 21504K, 29% used [0x00000006f5a00000,0x00000006f603f1b0,0x00000006f6f00000)
GC Heap History (10 events):
Event: 20.865 GC heap after
Heap after GC invocations=20 (full 3):
 PSYoungGen      total 694272K, used 159219K [0x00000007aaa80000, 0x00000007e8780000, 0x0000000800000000)
  eden space 535040K, 0% used [0x00000007aaa80000,0x00000007aaa80000,0x00000007cb500000)
  from space 159232K, 99% used [0x00000007cb500000,0x00000007d507cd90,0x00000007d5080000)
  to   space 196608K, 0% used [0x00000007dc780000,0x00000007dc780000,0x00000007e8780000)
 ParOldGen       total 455680K, used 320318K [0x0000000700000000, 0x000000071bd00000, 0x00000007aaa80000)
  object space 455680K, 70% used [0x0000000700000000,0x00000007138cfa78,0x000000071bd00000)
 PSPermGen       total 21504K, used 6283K [0x00000006f5a00000, 0x00000006f6f00000, 0x0000000700000000)
  object space 21504K, 29% used [0x00000006f5a00000,0x00000006f6022f20,0x00000006f6f00000)
}
Event: 21.839 GC heap before
{Heap before GC invocations=21 (full 3):
 PSYoungGen      total 694272K, used 694259K [0x00000007aaa80000, 0x00000007e8780000, 0x0000000800000000)
  eden space 535040K, 100% used [0x00000007aaa80000,0x00000007cb500000,0x00000007cb500000)
  from space 159232K, 99% used [0x00000007cb500000,0x00000007d507cd90,0x00000007d5080000)
  to   space 196608K, 0% used [0x00000007dc780000,0x00000007dc780000,0x00000007e8780000)
 ParOldGen       total 455680K, used 320318K [0x0000000700000000, 0x000000071bd00000, 0x00000007aaa80000)
  object space 455680K, 70% used [0x0000000700000000,0x00000007138cfa78,0x000000071bd00000)
 PSPermGen       total 21504K, used 6284K [0x00000006f5a00000, 0x00000006f6f00000, 0x0000000700000000)
  object space 21504K, 29% used [0x00000006f5a00000,0x00000006f60233a0,0x00000006f6f00000)
Event: 22.148 GC heap after
Heap after GC invocations=21 (full 3):
 PSYoungGen      total 774144K, used 196601K [0x00000007aaa80000, 0x00000007ee580000, 0x0000000800000000)
  eden space 577536K, 0% used [0x00000007aaa80000,0x00000007aaa80000,0x00000007cde80000)
  from space 196608K, 99% used [0x00000007dc780000,0x00000007e877e7c8,0x00000007e8780000)
  to   space 238592K, 0% used [0x00000007cde80000,0x00000007cde80000,0x00000007dc780000)
 ParOldGen       total 455680K, used 345692K [0x0000000700000000, 0x000000071bd00000, 0x00000007aaa80000)
  object space 455680K, 75% used [0x0000000700000000,0x00000007151973e8,0x000000071bd00000)
 PSPermGen       total 21504K, used 6284K [0x00000006f5a00000, 0x00000006f6f00000, 0x0000000700000000)
  object space 21504K, 29% used [0x00000006f5a00000,0x00000006f60233a0,0x00000006f6f00000)
}
Event: 23.454 GC heap before
{Heap before GC invocations=22 (full 3):
 PSYoungGen      total 774144K, used 774137K [0x00000007aaa80000, 0x00000007ee580000, 0x0000000800000000)
  eden space 577536K, 100% used [0x00000007aaa80000,0x00000007cde80000,0x00000007cde80000)
  from space 196608K, 99% used [0x00000007dc780000,0x00000007e877e7c8,0x00000007e8780000)
  to   space 238592K, 0% used [0x00000007cde80000,0x00000007cde80000,0x00000007dc780000)
 ParOldGen       total 455680K, used 345692K [0x0000000700000000, 0x000000071bd00000, 0x00000007aaa80000)
  object space 455680K, 75% used [0x0000000700000000,0x00000007151973e8,0x000000071bd00000)
 PSPermGen       total 21504K, used 6293K [0x00000006f5a00000, 0x00000006f6f00000, 0x0000000700000000)
  object space 21504K, 29% used [0x00000006f5a00000,0x00000006f60256d8,0x00000006f6f00000)
Event: 23.730 GC heap after
Heap after GC invocations=22 (full 3):
 PSYoungGen      total 816128K, used 230196K [0x00000007aaa80000, 0x00000007f6180000, 0x0000000800000000)
  eden space 577536K, 0% used [0x00000007aaa80000,0x00000007aaa80000,0x00000007cde80000)
  from space 238592K, 96% used [0x00000007cde80000,0x00000007dbf4d3a8,0x00000007dc780000)
  to   space 275456K, 0% used [0x00000007e5480000,0x00000007e5480000,0x00000007f6180000)
 ParOldGen       total 455680K, used 405810K [0x0000000700000000, 0x000000071bd00000, 0x00000007aaa80000)
  object space 455680K, 89% used [0x0000000700000000,0x0000000718c4ca10,0x000000071bd00000)
 PSPermGen       total 21504K, used 6293K [0x00000006f5a00000, 0x00000006f6f00000, 0x0000000700000000)
  object space 21504K, 29% used [0x00000006f5a00000,0x00000006f60256d8,0x00000006f6f00000)
}
Event: 23.730 GC heap before
{Heap before GC invocations=23 (full 4):
 PSYoungGen      total 816128K, used 230196K [0x00000007aaa80000, 0x00000007f6180000, 0x0000000800000000)
  eden space 577536K, 0% used [0x00000007aaa80000,0x00000007aaa80000,0x00000007cde80000)
  from space 238592K, 96% used [0x00000007cde80000,0x00000007dbf4d3a8,0x00000007dc780000)
  to   space 275456K, 0% used [0x00000007e5480000,0x00000007e5480000,0x00000007f6180000)
 ParOldGen       total 455680K, used 405810K [0x0000000700000000, 0x000000071bd00000, 0x00000007aaa80000)
  object space 455680K, 89% used [0x0000000700000000,0x0000000718c4ca10,0x000000071bd00000)
 PSPermGen       total 21504K, used 6293K [0x00000006f5a00000, 0x00000006f6f00000, 0x0000000700000000)
  object space 21504K, 29% used [0x00000006f5a00000,0x00000006f60256d8,0x00000006f6f00000)
Event: 25.912 GC heap after
Heap after GC invocations=23 (full 4):
 PSYoungGen      total 816128K, used 176122K [0x00000007aaa80000, 0x00000007f6180000, 0x0000000800000000)
  eden space 577536K, 0% used [0x00000007aaa80000,0x00000007aaa80000,0x00000007cde80000)
  from space 238592K, 73% used [0x00000007cde80000,0x00000007d8a7ea60,0x00000007dc780000)
  to   space 275456K, 0% used [0x00000007e5480000,0x00000007e5480000,0x00000007f6180000)
 ParOldGen       total 669696K, used 455435K [0x0000000700000000, 0x0000000728e00000, 0x00000007aaa80000)
  object space 669696K, 68% used [0x0000000700000000,0x000000071bcc2e80,0x0000000728e00000)
 PSPermGen       total 21504K, used 6293K [0x00000006f5a00000, 0x00000006f6f00000, 0x0000000700000000)
  object space 21504K, 29% used [0x00000006f5a00000,0x00000006f60255f8,0x00000006f6f00000)
}
Event: 27.131 GC heap before
{Heap before GC invocations=24 (full 4):
 PSYoungGen      total 816128K, used 753658K [0x00000007aaa80000, 0x00000007f6180000, 0x0000000800000000)
  eden space 577536K, 100% used [0x00000007aaa80000,0x00000007cde80000,0x00000007cde80000)
  from space 238592K, 73% used [0x00000007cde80000,0x00000007d8a7ea60,0x00000007dc780000)
  to   space 275456K, 0% used [0x00000007e5480000,0x00000007e5480000,0x00000007f6180000)
 ParOldGen       total 669696K, used 455435K [0x0000000700000000, 0x0000000728e00000, 0x00000007aaa80000)
  object space 669696K, 68% used [0x0000000700000000,0x000000071bcc2e80,0x0000000728e00000)
 PSPermGen       total 21504K, used 6391K [0x00000006f5a00000, 0x00000006f6f00000, 0x0000000700000000)
  object space 21504K, 29% used [0x00000006f5a00000,0x00000006f603dc68,0x00000006f6f00000)
Event: 27.634 GC heap after
Heap after GC invocations=24 (full 4):
 PSYoungGen      total 917504K, used 267149K [0x00000007aaa80000, 0x00000007faa80000, 0x0000000800000000)
  eden space 642048K, 0% used [0x00000007aaa80000,0x00000007aaa80000,0x00000007d1d80000)
  from space 275456K, 96% used [0x00000007e5480000,0x00000007f59634c8,0x00000007f6180000)
  to   space 318464K, 0% used [0x00000007d1d80000,0x00000007d1d80000,0x00000007e5480000)
 ParOldGen       total 669696K, used 455435K [0x0000000700000000, 0x0000000728e00000, 0x00000007aaa80000)
  object space 669696K, 68% used [0x0000000700000000,0x000000071bcc2e80,0x0000000728e00000)
 PSPermGen       total 21504K, used 6391K [0x00000006f5a00000, 0x00000006f6f00000, 0x0000000700000000)
  object space 21504K, 29% used [0x00000006f5a00000,0x00000006f603dc68,0x00000006f6f00000)
}
Event: 28.932 GC heap before
{Heap before GC invocations=25 (full 4):
 PSYoungGen      total 917504K, used 909197K [0x00000007aaa80000, 0x00000007faa80000, 0x0000000800000000)
  eden space 642048K, 100% used [0x00000007aaa80000,0x00000007d1d80000,0x00000007d1d80000)
  from space 275456K, 96% used [0x00000007e5480000,0x00000007f59634c8,0x00000007f6180000)
  to   space 318464K, 0% used [0x00000007d1d80000,0x00000007d1d80000,0x00000007e5480000)
 ParOldGen       total 669696K, used 455435K [0x0000000700000000, 0x0000000728e00000, 0x00000007aaa80000)
  object space 669696K, 68% used [0x0000000700000000,0x000000071bcc2e80,0x0000000728e00000)
 PSPermGen       total 21504K, used 6396K [0x00000006f5a00000, 0x00000006f6f00000, 0x0000000700000000)
  object space 21504K, 29% used [0x00000006f5a00000,0x00000006f603f1b0,0x00000006f6f00000)

