# JRE version: OpenJDK Runtime Environment (7.0_79-b14) (build 1.7.0_79-b14)
# Java VM: OpenJDK 64-Bit Server VM (24.79-b02 mixed mode linux-amd64 compressed oops)
Heap
 PSYoungGen      total 928768K, used 270261K [0x00000007aaa80000, 0x00000007f8700000, 0x0000000800000000)
  eden space 640512K, 0% used [0x00000007aaa80000,0x00000007aaa80000,0x00000007d1c00000)
  from space 288256K, 93% used [0x00000007d1c00000,0x00000007e23ed570,0x00000007e3580000)
  to   space 239104K, 0% used [0x00000007e3580000,0x00000007e3580000,0x00000007f1f00000)
 ParOldGen       total 694784K, used 552344K [0x0000000700000000, 0x000000072a680000, 0x00000007aaa80000)
  object space 694784K, 79% used [0x0000000700000000,0x0000000721b66360,0x000000072a680000)
 PSPermGen       total 21504K, used 6399K [0x00000006f5a00000, 0x00000006f6f00000, 0x0000000700000000)
  object space 21504K, 29% used [0x00000006f5a00000,0x00000006f603fe08,0x00000006f6f00000)
GC Heap History (10 events):
Event: 18.656 GC heap after
Heap after GC invocations=20 (full 3):
 PSYoungGen      total 685056K, used 166384K [0x00000007aaa80000, 0x00000007e9880000, 0x0000000800000000)
  eden space 518656K, 0% used [0x00000007aaa80000,0x00000007aaa80000,0x00000007ca500000)
  from space 166400K, 99% used [0x00000007ca500000,0x00000007d477c130,0x00000007d4780000)
  to   space 214528K, 0% used [0x00000007dc700000,0x00000007dc700000,0x00000007e9880000)
 ParOldGen       total 456192K, used 355412K [0x0000000700000000, 0x000000071bd80000, 0x00000007aaa80000)
  object space 456192K, 77% used [0x0000000700000000,0x0000000715b15128,0x000000071bd80000)
 PSPermGen       total 21504K, used 6279K [0x00000006f5a00000, 0x00000006f6f00000, 0x0000000700000000)
  object space 21504K, 29% used [0x00000006f5a00000,0x00000006f6021ed8,0x00000006f6f00000)
}
Event: 19.640 GC heap before
{Heap before GC invocations=21 (full 3):
 PSYoungGen      total 685056K, used 685040K [0x00000007aaa80000, 0x00000007e9880000, 0x0000000800000000)
  eden space 518656K, 100% used [0x00000007aaa80000,0x00000007ca500000,0x00000007ca500000)
  from space 166400K, 99% used [0x00000007ca500000,0x00000007d477c130,0x00000007d4780000)
  to   space 214528K, 0% used [0x00000007dc700000,0x00000007dc700000,0x00000007e9880000)
 ParOldGen       total 456192K, used 355412K [0x0000000700000000, 0x000000071bd80000, 0x00000007aaa80000)
  object space 456192K, 77% used [0x0000000700000000,0x0000000715b15128,0x000000071bd80000)
 PSPermGen       total 21504K, used 6281K [0x00000006f5a00000, 0x00000006f6f00000, 0x0000000700000000)
  object space 21504K, 29% used [0x00000006f5a00000,0x00000006f6022590,0x00000006f6f00000)
Event: 19.936 GC heap after
Heap after GC invocations=21 (full 3):
 PSYoungGen      total 809984K, used 131483K [0x00000007aaa80000, 0x00000007eab80000, 0x0000000800000000)
  eden space 595456K, 0% used [0x00000007aaa80000,0x00000007aaa80000,0x00000007cf000000)
  from space 214528K, 61% used [0x00000007dc700000,0x00000007e4766ed8,0x00000007e9880000)
  to   space 220160K, 0% used [0x00000007cf000000,0x00000007cf000000,0x00000007dc700000)
 ParOldGen       total 456192K, used 454689K [0x0000000700000000, 0x000000071bd80000, 0x00000007aaa80000)
  object space 456192K, 99% used [0x0000000700000000,0x000000071bc08590,0x000000071bd80000)
 PSPermGen       total 21504K, used 6281K [0x00000006f5a00000, 0x00000006f6f00000, 0x0000000700000000)
  object space 21504K, 29% used [0x00000006f5a00000,0x00000006f6022590,0x00000006f6f00000)
}
Event: 19.936 GC heap before
{Heap before GC invocations=22 (full 4):
 PSYoungGen      total 809984K, used 131483K [0x00000007aaa80000, 0x00000007eab80000, 0x0000000800000000)
  eden space 595456K, 0% used [0x00000007aaa80000,0x00000007aaa80000,0x00000007cf000000)
  from space 214528K, 61% used [0x00000007dc700000,0x00000007e4766ed8,0x00000007e9880000)
  to   space 220160K, 0% used [0x00000007cf000000,0x00000007cf000000,0x00000007dc700000)
 ParOldGen       total 456192K, used 454689K [0x0000000700000000, 0x000000071bd80000, 0x00000007aaa80000)
  object space 456192K, 99% used [0x0000000700000000,0x000000071bc08590,0x000000071bd80000)
 PSPermGen       total 21504K, used 6281K [0x00000006f5a00000, 0x00000006f6f00000, 0x0000000700000000)
  object space 21504K, 29% used [0x00000006f5a00000,0x00000006f6022590,0x00000006f6f00000)
Event: 21.581 GC heap after
Heap after GC invocations=22 (full 4):
 PSYoungGen      total 809984K, used 78949K [0x00000007aaa80000, 0x00000007eab80000, 0x0000000800000000)
  eden space 595456K, 0% used [0x00000007aaa80000,0x00000007aaa80000,0x00000007cf000000)
  from space 214528K, 36% used [0x00000007dc700000,0x00000007e14194a8,0x00000007e9880000)
  to   space 220160K, 0% used [0x00000007cf000000,0x00000007cf000000,0x00000007dc700000)
 ParOldGen       total 694784K, used 455994K [0x0000000700000000, 0x000000072a680000, 0x00000007aaa80000)
  object space 694784K, 65% used [0x0000000700000000,0x000000071bd4eb28,0x000000072a680000)
 PSPermGen       total 21504K, used 6281K [0x00000006f5a00000, 0x00000006f6f00000, 0x0000000700000000)
  object space 21504K, 29% used [0x00000006f5a00000,0x00000006f60224d0,0x00000006f6f00000)
}
Event: 22.915 GC heap before
{Heap before GC invocations=23 (full 4):
 PSYoungGen      total 809984K, used 674405K [0x00000007aaa80000, 0x00000007eab80000, 0x0000000800000000)
  eden space 595456K, 100% used [0x00000007aaa80000,0x00000007cf000000,0x00000007cf000000)
  from space 214528K, 36% used [0x00000007dc700000,0x00000007e14194a8,0x00000007e9880000)
  to   space 220160K, 0% used [0x00000007cf000000,0x00000007cf000000,0x00000007dc700000)
 ParOldGen       total 694784K, used 455994K [0x0000000700000000, 0x000000072a680000, 0x00000007aaa80000)
  object space 694784K, 65% used [0x0000000700000000,0x000000071bd4eb28,0x000000072a680000)
 PSPermGen       total 21504K, used 6296K [0x00000006f5a00000, 0x00000006f6f00000, 0x0000000700000000)
  object space 21504K, 29% used [0x00000006f5a00000,0x00000006f60262d0,0x00000006f6f00000)
Event: 23.210 GC heap after
Heap after GC invocations=23 (full 4):
 PSYoungGen      total 815616K, used 173931K [0x00000007aaa80000, 0x00000007f1f00000, 0x0000000800000000)
  eden space 595456K, 0% used [0x00000007aaa80000,0x00000007aaa80000,0x00000007cf000000)
  from space 220160K, 79% used [0x00000007cf000000,0x00000007d99dae80,0x00000007dc700000)
  to   space 239104K, 0% used [0x00000007e3580000,0x00000007e3580000,0x00000007f1f00000)
 ParOldGen       total 694784K, used 455994K [0x0000000700000000, 0x000000072a680000, 0x00000007aaa80000)
  object space 694784K, 65% used [0x0000000700000000,0x000000071bd4eb28,0x000000072a680000)
 PSPermGen       total 21504K, used 6296K [0x00000006f5a00000, 0x00000006f6f00000, 0x0000000700000000)
  object space 21504K, 29% used [0x00000006f5a00000,0x00000006f60262d0,0x00000006f6f00000)
}
Event: 24.342 GC heap before
{Heap before GC invocations=24 (full 4):
 PSYoungGen      total 815616K, used 769387K [0x00000007aaa80000, 0x00000007f1f00000, 0x0000000800000000)
  eden space 595456K, 100% used [0x00000007aaa80000,0x00000007cf000000,0x00000007cf000000)
  from space 220160K, 79% used [0x00000007cf000000,0x00000007d99dae80,0x00000007dc700000)
  to   space 239104K, 0% used [0x00000007e3580000,0x00000007e3580000,0x00000007f1f00000)
 ParOldGen       total 694784K, used 455994K [0x0000000700000000, 0x000000072a680000, 0x00000007aaa80000)
  object space 694784K, 65% used [0x0000000700000000,0x000000071bd4eb28,0x000000072a680000)
 PSPermGen       total 21504K, used 6393K [0x00000006f5a00000, 0x00000006f6f00000, 0x0000000700000000)
  object space 21504K, 29% used [0x00000006f5a00000,0x00000006f603e6c8,0x00000006f6f00000)
Event: 24.676 GC heap after
Heap after GC invocations=24 (full 4):
 PSYoungGen      total 879616K, used 239090K [0x00000007aaa80000, 0x00000007f8700000, 0x0000000800000000)
  eden space 640512K, 0% used [0x00000007aaa80000,0x00000007aaa80000,0x00000007d1c00000)
  from space 239104K, 99% used [0x00000007e3580000,0x00000007f1efc8d0,0x00000007f1f00000)
  to   space 288256K, 0% used [0x00000007d1c00000,0x00000007d1c00000,0x00000007e3580000)
 ParOldGen       total 694784K, used 484100K [0x0000000700000000, 0x000000072a680000, 0x00000007aaa80000)
  object space 694784K, 69% used [0x0000000700000000,0x000000071d8c13e0,0x000000072a680000)
 PSPermGen       total 21504K, used 6393K [0x00000006f5a00000, 0x00000006f6f00000, 0x0000000700000000)
  object space 21504K, 29% used [0x00000006f5a00000,0x00000006f603e6c8,0x00000006f6f00000)
}
Event: 25.821 GC heap before
{Heap before GC invocations=25 (full 4):
 PSYoungGen      total 879616K, used 879602K [0x00000007aaa80000, 0x00000007f8700000, 0x0000000800000000)
  eden space 640512K, 100% used [0x00000007aaa80000,0x00000007d1c00000,0x00000007d1c00000)
  from space 239104K, 99% used [0x00000007e3580000,0x00000007f1efc8d0,0x00000007f1f00000)
  to   space 288256K, 0% used [0x00000007d1c00000,0x00000007d1c00000,0x00000007e3580000)
 ParOldGen       total 694784K, used 484100K [0x0000000700000000, 0x000000072a680000, 0x00000007aaa80000)
  object space 694784K, 69% used [0x0000000700000000,0x000000071d8c13e0,0x000000072a680000)
 PSPermGen       total 21504K, used 6399K [0x00000006f5a00000, 0x00000006f6f00000, 0x0000000700000000)
  object space 21504K, 29% used [0x00000006f5a00000,0x00000006f603fe08,0x00000006f6f00000)

