# JRE version: OpenJDK Runtime Environment (7.0_79-b14) (build 1.7.0_79-b14)
# Java VM: OpenJDK 64-Bit Server VM (24.79-b02 mixed mode linux-amd64 compressed oops)
Heap
 PSYoungGen      total 883712K, used 211446K [0x00000007aaa80000, 0x00000007ed800000, 0x0000000800000000)
  eden space 672256K, 0% used [0x00000007aaa80000,0x00000007aaa80000,0x00000007d3b00000)
  from space 211456K, 99% used [0x00000007d3b00000,0x00000007e097dbc8,0x00000007e0980000)
  to   space 197632K, 0% used [0x00000007e0a00000,0x00000007e0a00000,0x00000007ecb00000)
 ParOldGen       total 642560K, used 478234K [0x0000000700000000, 0x0000000727380000, 0x00000007aaa80000)
  object space 642560K, 74% used [0x0000000700000000,0x000000071d306b68,0x0000000727380000)
 PSPermGen       total 21504K, used 6388K [0x00000006f5a00000, 0x00000006f6f00000, 0x0000000700000000)
  object space 21504K, 29% used [0x00000006f5a00000,0x00000006f603d3e0,0x00000006f6f00000)
GC Heap History (10 events):
Event: 17.463 GC heap after
Heap after GC invocations=18 (full 3):
 PSYoungGen      total 631296K, used 96810K [0x00000007aaa80000, 0x00000007e1300000, 0x0000000800000000)
  eden space 501760K, 0% used [0x00000007aaa80000,0x00000007aaa80000,0x00000007c9480000)
  from space 129536K, 74% used [0x00000007c9480000,0x00000007cf30a830,0x00000007d1300000)
  to   space 138752K, 0% used [0x00000007d8b80000,0x00000007d8b80000,0x00000007e1300000)
 ParOldGen       total 437248K, used 290783K [0x0000000700000000, 0x000000071ab00000, 0x00000007aaa80000)
  object space 437248K, 66% used [0x0000000700000000,0x0000000711bf7c48,0x000000071ab00000)
 PSPermGen       total 21504K, used 6220K [0x00000006f5a00000, 0x00000006f6f00000, 0x0000000700000000)
  object space 21504K, 28% used [0x00000006f5a00000,0x00000006f60130e8,0x00000006f6f00000)
}
Event: 18.394 GC heap before
{Heap before GC invocations=19 (full 3):
 PSYoungGen      total 631296K, used 598570K [0x00000007aaa80000, 0x00000007e1300000, 0x0000000800000000)
  eden space 501760K, 100% used [0x00000007aaa80000,0x00000007c9480000,0x00000007c9480000)
  from space 129536K, 74% used [0x00000007c9480000,0x00000007cf30a830,0x00000007d1300000)
  to   space 138752K, 0% used [0x00000007d8b80000,0x00000007d8b80000,0x00000007e1300000)
 ParOldGen       total 437248K, used 290783K [0x0000000700000000, 0x000000071ab00000, 0x00000007aaa80000)
  object space 437248K, 66% used [0x0000000700000000,0x0000000711bf7c48,0x000000071ab00000)
 PSPermGen       total 21504K, used 6267K [0x00000006f5a00000, 0x00000006f6f00000, 0x0000000700000000)
  object space 21504K, 29% used [0x00000006f5a00000,0x00000006f601eea0,0x00000006f6f00000)
Event: 18.678 GC heap after
Heap after GC invocations=19 (full 3):
 PSYoungGen      total 718848K, used 138751K [0x00000007aaa80000, 0x00000007e6c00000, 0x0000000800000000)
  eden space 580096K, 0% used [0x00000007aaa80000,0x00000007aaa80000,0x00000007ce100000)
  from space 138752K, 99% used [0x00000007d8b80000,0x00000007e12fff18,0x00000007e1300000)
  to   space 174592K, 0% used [0x00000007ce100000,0x00000007ce100000,0x00000007d8b80000)
 ParOldGen       total 437248K, used 325833K [0x0000000700000000, 0x000000071ab00000, 0x00000007aaa80000)
  object space 437248K, 74% used [0x0000000700000000,0x0000000713e32508,0x000000071ab00000)
 PSPermGen       total 21504K, used 6267K [0x00000006f5a00000, 0x00000006f6f00000, 0x0000000700000000)
  object space 21504K, 29% used [0x00000006f5a00000,0x00000006f601eea0,0x00000006f6f00000)
}
Event: 19.924 GC heap before
{Heap before GC invocations=20 (full 3):
 PSYoungGen      total 718848K, used 718847K [0x00000007aaa80000, 0x00000007e6c00000, 0x0000000800000000)
  eden space 580096K, 100% used [0x00000007aaa80000,0x00000007ce100000,0x00000007ce100000)
  from space 138752K, 99% used [0x00000007d8b80000,0x00000007e12fff18,0x00000007e1300000)
  to   space 174592K, 0% used [0x00000007ce100000,0x00000007ce100000,0x00000007d8b80000)
 ParOldGen       total 437248K, used 325833K [0x0000000700000000, 0x000000071ab00000, 0x00000007aaa80000)
  object space 437248K, 74% used [0x0000000700000000,0x0000000713e32508,0x000000071ab00000)
 PSPermGen       total 21504K, used 6281K [0x00000006f5a00000, 0x00000006f6f00000, 0x0000000700000000)
  object space 21504K, 29% used [0x00000006f5a00000,0x00000006f6022550,0x00000006f6f00000)
Event: 20.183 GC heap after
Heap after GC invocations=20 (full 3):
 PSYoungGen      total 754688K, used 158753K [0x00000007aaa80000, 0x00000007ecb00000, 0x0000000800000000)
  eden space 580096K, 0% used [0x00000007aaa80000,0x00000007aaa80000,0x00000007ce100000)
  from space 174592K, 90% used [0x00000007ce100000,0x00000007d7c084d0,0x00000007d8b80000)
  to   space 197632K, 0% used [0x00000007e0a00000,0x00000007e0a00000,0x00000007ecb00000)
 ParOldGen       total 437248K, used 394872K [0x0000000700000000, 0x000000071ab00000, 0x00000007aaa80000)
  object space 437248K, 90% used [0x0000000700000000,0x000000071819e110,0x000000071ab00000)
 PSPermGen       total 21504K, used 6281K [0x00000006f5a00000, 0x00000006f6f00000, 0x0000000700000000)
  object space 21504K, 29% used [0x00000006f5a00000,0x00000006f6022550,0x00000006f6f00000)
}
Event: 20.183 GC heap before
{Heap before GC invocations=21 (full 4):
 PSYoungGen      total 754688K, used 158753K [0x00000007aaa80000, 0x00000007ecb00000, 0x0000000800000000)
  eden space 580096K, 0% used [0x00000007aaa80000,0x00000007aaa80000,0x00000007ce100000)
  from space 174592K, 90% used [0x00000007ce100000,0x00000007d7c084d0,0x00000007d8b80000)
  to   space 197632K, 0% used [0x00000007e0a00000,0x00000007e0a00000,0x00000007ecb00000)
 ParOldGen       total 437248K, used 394872K [0x0000000700000000, 0x000000071ab00000, 0x00000007aaa80000)
  object space 437248K, 90% used [0x0000000700000000,0x000000071819e110,0x000000071ab00000)
 PSPermGen       total 21504K, used 6281K [0x00000006f5a00000, 0x00000006f6f00000, 0x0000000700000000)
  object space 21504K, 29% used [0x00000006f5a00000,0x00000006f6022550,0x00000006f6f00000)
Event: 21.842 GC heap after
Heap after GC invocations=21 (full 4):
 PSYoungGen      total 754688K, used 68728K [0x00000007aaa80000, 0x00000007ecb00000, 0x0000000800000000)
  eden space 580096K, 0% used [0x00000007aaa80000,0x00000007aaa80000,0x00000007ce100000)
  from space 174592K, 39% used [0x00000007ce100000,0x00000007d241e070,0x00000007d8b80000)
  to   space 197632K, 0% used [0x00000007e0a00000,0x00000007e0a00000,0x00000007ecb00000)
 ParOldGen       total 642560K, used 436949K [0x0000000700000000, 0x0000000727380000, 0x00000007aaa80000)
  object space 642560K, 68% used [0x0000000700000000,0x000000071aab55d0,0x0000000727380000)
 PSPermGen       total 21504K, used 6280K [0x00000006f5a00000, 0x00000006f6f00000, 0x0000000700000000)
  object space 21504K, 29% used [0x00000006f5a00000,0x00000006f60223d0,0x00000006f6f00000)
}
Event: 23.037 GC heap before
{Heap before GC invocations=22 (full 4):
 PSYoungGen      total 754688K, used 648824K [0x00000007aaa80000, 0x00000007ecb00000, 0x0000000800000000)
  eden space 580096K, 100% used [0x00000007aaa80000,0x00000007ce100000,0x00000007ce100000)
  from space 174592K, 39% used [0x00000007ce100000,0x00000007d241e070,0x00000007d8b80000)
  to   space 197632K, 0% used [0x00000007e0a00000,0x00000007e0a00000,0x00000007ecb00000)
 ParOldGen       total 642560K, used 436949K [0x0000000700000000, 0x0000000727380000, 0x00000007aaa80000)
  object space 642560K, 68% used [0x0000000700000000,0x000000071aab55d0,0x0000000727380000)
 PSPermGen       total 21504K, used 6286K [0x00000006f5a00000, 0x00000006f6f00000, 0x0000000700000000)
  object space 21504K, 29% used [0x00000006f5a00000,0x00000006f6023a90,0x00000006f6f00000)
Event: 23.335 GC heap after
Heap after GC invocations=22 (full 4):
 PSYoungGen      total 869888K, used 145011K [0x00000007aaa80000, 0x00000007ed800000, 0x0000000800000000)
  eden space 672256K, 0% used [0x00000007aaa80000,0x00000007aaa80000,0x00000007d3b00000)
  from space 197632K, 73% used [0x00000007e0a00000,0x00000007e979cf80,0x00000007ecb00000)
  to   space 211456K, 0% used [0x00000007d3b00000,0x00000007d3b00000,0x00000007e0980000)
 ParOldGen       total 642560K, used 436949K [0x0000000700000000, 0x0000000727380000, 0x00000007aaa80000)
  object space 642560K, 68% used [0x0000000700000000,0x000000071aab55d0,0x0000000727380000)
 PSPermGen       total 21504K, used 6286K [0x00000006f5a00000, 0x00000006f6f00000, 0x0000000700000000)
  object space 21504K, 29% used [0x00000006f5a00000,0x00000006f6023a90,0x00000006f6f00000)
}
Event: 25.000 GC heap before
{Heap before GC invocations=23 (full 4):
 PSYoungGen      total 869888K, used 817267K [0x00000007aaa80000, 0x00000007ed800000, 0x0000000800000000)
  eden space 672256K, 100% used [0x00000007aaa80000,0x00000007d3b00000,0x00000007d3b00000)
  from space 197632K, 73% used [0x00000007e0a00000,0x00000007e979cf80,0x00000007ecb00000)
  to   space 211456K, 0% used [0x00000007d3b00000,0x00000007d3b00000,0x00000007e0980000)
 ParOldGen       total 642560K, used 436949K [0x0000000700000000, 0x0000000727380000, 0x00000007aaa80000)
  object space 642560K, 68% used [0x0000000700000000,0x000000071aab55d0,0x0000000727380000)
 PSPermGen       total 21504K, used 6388K [0x00000006f5a00000, 0x00000006f6f00000, 0x0000000700000000)
  object space 21504K, 29% used [0x00000006f5a00000,0x00000006f603d3e0,0x00000006f6f00000)

