# JRE version: OpenJDK Runtime Environment (7.0_79-b14) (build 1.7.0_79-b14)
# Java VM: OpenJDK 64-Bit Server VM (24.79-b02 mixed mode linux-amd64 compressed oops)
Heap
 PSYoungGen      total 709632K, used 88237K [0x00000007aaa80000, 0x00000007e4380000, 0x0000000800000000)
  eden space 530432K, 0% used [0x00000007aaa80000,0x00000007aaa80000,0x00000007cb080000)
  from space 179200K, 49% used [0x00000007d6500000,0x00000007dbb2b4e8,0x00000007e1400000)
  to   space 184832K, 0% used [0x00000007cb080000,0x00000007cb080000,0x00000007d6500000)
 ParOldGen       total 488960K, used 488456K [0x0000000700000000, 0x000000071dd80000, 0x00000007aaa80000)
  object space 488960K, 99% used [0x0000000700000000,0x000000071dd02040,0x000000071dd80000)
 PSPermGen       total 21504K, used 6291K [0x00000006f5a00000, 0x00000006f6f00000, 0x0000000700000000)
  object space 21504K, 29% used [0x00000006f5a00000,0x00000006f6024f28,0x00000006f6f00000)
GC Heap History (10 events):
Event: 16.955 GC heap after
Heap after GC invocations=19 (full 4):
 PSYoungGen      total 496128K, used 54806K [0x00000007aaa80000, 0x00000007cf280000, 0x0000000800000000)
  eden space 397312K, 0% used [0x00000007aaa80000,0x00000007aaa80000,0x00000007c2e80000)
  from space 98816K, 55% used [0x00000007c9200000,0x00000007cc7858c0,0x00000007cf280000)
  to   space 100352K, 0% used [0x00000007c2e80000,0x00000007c2e80000,0x00000007c9080000)
 ParOldGen       total 488960K, used 278049K [0x0000000700000000, 0x000000071dd80000, 0x00000007aaa80000)
  object space 488960K, 56% used [0x0000000700000000,0x0000000710f886b0,0x000000071dd80000)
 PSPermGen       total 21504K, used 6223K [0x00000006f5a00000, 0x00000006f6f00000, 0x0000000700000000)
  object space 21504K, 28% used [0x00000006f5a00000,0x00000006f6013c70,0x00000006f6f00000)
}
Event: 17.633 GC heap before
{Heap before GC invocations=20 (full 4):
 PSYoungGen      total 496128K, used 452118K [0x00000007aaa80000, 0x00000007cf280000, 0x0000000800000000)
  eden space 397312K, 100% used [0x00000007aaa80000,0x00000007c2e80000,0x00000007c2e80000)
  from space 98816K, 55% used [0x00000007c9200000,0x00000007cc7858c0,0x00000007cf280000)
  to   space 100352K, 0% used [0x00000007c2e80000,0x00000007c2e80000,0x00000007c9080000)
 ParOldGen       total 488960K, used 278049K [0x0000000700000000, 0x000000071dd80000, 0x00000007aaa80000)
  object space 488960K, 56% used [0x0000000700000000,0x0000000710f886b0,0x000000071dd80000)
 PSPermGen       total 21504K, used 6241K [0x00000006f5a00000, 0x00000006f6f00000, 0x0000000700000000)
  object space 21504K, 29% used [0x00000006f5a00000,0x00000006f6018408,0x00000006f6f00000)
Event: 17.747 GC heap after
Heap after GC invocations=20 (full 4):
 PSYoungGen      total 497664K, used 100329K [0x00000007aaa80000, 0x00000007d6c00000, 0x0000000800000000)
  eden space 397312K, 0% used [0x00000007aaa80000,0x00000007aaa80000,0x00000007c2e80000)
  from space 100352K, 99% used [0x00000007c2e80000,0x00000007c907a7f8,0x00000007c9080000)
  to   space 122880K, 0% used [0x00000007cf400000,0x00000007cf400000,0x00000007d6c00000)
 ParOldGen       total 488960K, used 294509K [0x0000000700000000, 0x000000071dd80000, 0x00000007aaa80000)
  object space 488960K, 60% used [0x0000000700000000,0x0000000711f9b488,0x000000071dd80000)
 PSPermGen       total 21504K, used 6241K [0x00000006f5a00000, 0x00000006f6f00000, 0x0000000700000000)
  object space 21504K, 29% used [0x00000006f5a00000,0x00000006f6018408,0x00000006f6f00000)
}
Event: 18.511 GC heap before
{Heap before GC invocations=21 (full 4):
 PSYoungGen      total 497664K, used 497641K [0x00000007aaa80000, 0x00000007d6c00000, 0x0000000800000000)
  eden space 397312K, 100% used [0x00000007aaa80000,0x00000007c2e80000,0x00000007c2e80000)
  from space 100352K, 99% used [0x00000007c2e80000,0x00000007c907a7f8,0x00000007c9080000)
  to   space 122880K, 0% used [0x00000007cf400000,0x00000007cf400000,0x00000007d6c00000)
 ParOldGen       total 488960K, used 294509K [0x0000000700000000, 0x000000071dd80000, 0x00000007aaa80000)
  object space 488960K, 60% used [0x0000000700000000,0x0000000711f9b488,0x000000071dd80000)
 PSPermGen       total 21504K, used 6280K [0x00000006f5a00000, 0x00000006f6f00000, 0x0000000700000000)
  object space 21504K, 29% used [0x00000006f5a00000,0x00000006f6022240,0x00000006f6f00000)
Event: 18.760 GC heap after
Heap after GC invocations=21 (full 4):
 PSYoungGen      total 580608K, used 119477K [0x00000007aaa80000, 0x00000007d8380000, 0x0000000800000000)
  eden space 457728K, 0% used [0x00000007aaa80000,0x00000007aaa80000,0x00000007c6980000)
  from space 122880K, 97% used [0x00000007cf400000,0x00000007d68ad608,0x00000007d6c00000)
  to   space 141824K, 0% used [0x00000007c6980000,0x00000007c6980000,0x00000007cf400000)
 ParOldGen       total 488960K, used 338505K [0x0000000700000000, 0x000000071dd80000, 0x00000007aaa80000)
  object space 488960K, 69% used [0x0000000700000000,0x0000000714a925b8,0x000000071dd80000)
 PSPermGen       total 21504K, used 6280K [0x00000006f5a00000, 0x00000006f6f00000, 0x0000000700000000)
  object space 21504K, 29% used [0x00000006f5a00000,0x00000006f6022240,0x00000006f6f00000)
}
Event: 19.833 GC heap before
{Heap before GC invocations=22 (full 4):
 PSYoungGen      total 580608K, used 577205K [0x00000007aaa80000, 0x00000007d8380000, 0x0000000800000000)
  eden space 457728K, 100% used [0x00000007aaa80000,0x00000007c6980000,0x00000007c6980000)
  from space 122880K, 97% used [0x00000007cf400000,0x00000007d68ad608,0x00000007d6c00000)
  to   space 141824K, 0% used [0x00000007c6980000,0x00000007c6980000,0x00000007cf400000)
 ParOldGen       total 488960K, used 338505K [0x0000000700000000, 0x000000071dd80000, 0x00000007aaa80000)
  object space 488960K, 69% used [0x0000000700000000,0x0000000714a925b8,0x000000071dd80000)
 PSPermGen       total 21504K, used 6287K [0x00000006f5a00000, 0x00000006f6f00000, 0x0000000700000000)
  object space 21504K, 29% used [0x00000006f5a00000,0x00000006f6023d00,0x00000006f6f00000)
Event: 20.055 GC heap after
Heap after GC invocations=22 (full 4):
 PSYoungGen      total 599552K, used 141793K [0x00000007aaa80000, 0x00000007e1400000, 0x0000000800000000)
  eden space 457728K, 0% used [0x00000007aaa80000,0x00000007aaa80000,0x00000007c6980000)
  from space 141824K, 99% used [0x00000007c6980000,0x00000007cf3f87d8,0x00000007cf400000)
  to   space 179200K, 0% used [0x00000007d6500000,0x00000007d6500000,0x00000007e1400000)
 ParOldGen       total 488960K, used 374978K [0x0000000700000000, 0x000000071dd80000, 0x00000007aaa80000)
  object space 488960K, 76% used [0x0000000700000000,0x0000000716e30b78,0x000000071dd80000)
 PSPermGen       total 21504K, used 6287K [0x00000006f5a00000, 0x00000006f6f00000, 0x0000000700000000)
  object space 21504K, 29% used [0x00000006f5a00000,0x00000006f6023d00,0x00000006f6f00000)
}
Event: 21.015 GC heap before
{Heap before GC invocations=23 (full 4):
 PSYoungGen      total 599552K, used 599521K [0x00000007aaa80000, 0x00000007e1400000, 0x0000000800000000)
  eden space 457728K, 100% used [0x00000007aaa80000,0x00000007c6980000,0x00000007c6980000)
  from space 141824K, 99% used [0x00000007c6980000,0x00000007cf3f87d8,0x00000007cf400000)
  to   space 179200K, 0% used [0x00000007d6500000,0x00000007d6500000,0x00000007e1400000)
 ParOldGen       total 488960K, used 374978K [0x0000000700000000, 0x000000071dd80000, 0x00000007aaa80000)
  object space 488960K, 76% used [0x0000000700000000,0x0000000716e30b78,0x000000071dd80000)
 PSPermGen       total 21504K, used 6292K [0x00000006f5a00000, 0x00000006f6f00000, 0x0000000700000000)
  object space 21504K, 29% used [0x00000006f5a00000,0x00000006f6025008,0x00000006f6f00000)
Event: 27.555 GC heap after
Heap after GC invocations=23 (full 4):
 PSYoungGen      total 709632K, used 113184K [0x00000007aaa80000, 0x00000007e4380000, 0x0000000800000000)
  eden space 530432K, 0% used [0x00000007aaa80000,0x00000007aaa80000,0x00000007cb080000)
  from space 179200K, 63% used [0x00000007d6500000,0x00000007dd388150,0x00000007e1400000)
  to   space 184832K, 0% used [0x00000007cb080000,0x00000007cb080000,0x00000007d6500000)
 ParOldGen       total 488960K, used 471554K [0x0000000700000000, 0x000000071dd80000, 0x00000007aaa80000)
  object space 488960K, 96% used [0x0000000700000000,0x000000071cc809b0,0x000000071dd80000)
 PSPermGen       total 21504K, used 6292K [0x00000006f5a00000, 0x00000006f6f00000, 0x0000000700000000)
  object space 21504K, 29% used [0x00000006f5a00000,0x00000006f6025008,0x00000006f6f00000)
}
Event: 27.608 GC heap before
{Heap before GC invocations=24 (full 5):
 PSYoungGen      total 709632K, used 113184K [0x00000007aaa80000, 0x00000007e4380000, 0x0000000800000000)
  eden space 530432K, 0% used [0x00000007aaa80000,0x00000007aaa80000,0x00000007cb080000)
  from space 179200K, 63% used [0x00000007d6500000,0x00000007dd388150,0x00000007e1400000)
  to   space 184832K, 0% used [0x00000007cb080000,0x00000007cb080000,0x00000007d6500000)
 ParOldGen       total 488960K, used 471554K [0x0000000700000000, 0x000000071dd80000, 0x00000007aaa80000)
  object space 488960K, 96% used [0x0000000700000000,0x000000071cc809b0,0x000000071dd80000)
 PSPermGen       total 21504K, used 6292K [0x00000006f5a00000, 0x00000006f6f00000, 0x0000000700000000)
  object space 21504K, 29% used [0x00000006f5a00000,0x00000006f6025008,0x00000006f6f00000)

