# JRE version: OpenJDK Runtime Environment (7.0_79-b14) (build 1.7.0_79-b14)
# Java VM: OpenJDK 64-Bit Server VM (24.79-b02 mixed mode linux-amd64 compressed oops)
Heap
 PSYoungGen      total 822784K, used 76350K [0x00000007aaa80000, 0x00000007ed200000, 0x0000000800000000)
  eden space 617472K, 0% used [0x00000007aaa80000,0x00000007aaa80000,0x00000007d0580000)
  from space 205312K, 37% used [0x00000007dd600000,0x00000007e208f8f8,0x00000007e9e80000)
  to   space 213504K, 0% used [0x00000007d0580000,0x00000007d0580000,0x00000007dd600000)
 ParOldGen       total 461824K, used 461692K [0x0000000700000000, 0x000000071c300000, 0x00000007aaa80000)
  object space 461824K, 99% used [0x0000000700000000,0x000000071c2df250,0x000000071c300000)
 PSPermGen       total 21504K, used 6279K [0x00000006f5a00000, 0x00000006f6f00000, 0x0000000700000000)
  object space 21504K, 29% used [0x00000006f5a00000,0x00000006f6021de0,0x00000006f6f00000)
GC Heap History (10 events):
Event: 17.302 GC heap after
Heap after GC invocations=17 (full 3):
 PSYoungGen      total 587264K, used 6431K [0x00000007aaa80000, 0x00000007d7d00000, 0x0000000800000000)
  eden space 460800K, 0% used [0x00000007aaa80000,0x00000007aaa80000,0x00000007c6c80000)
  from space 126464K, 5% used [0x00000007cee00000,0x00000007cf447fb0,0x00000007d6980000)
  to   space 132608K, 0% used [0x00000007c6c80000,0x00000007c6c80000,0x00000007cee00000)
 ParOldGen       total 461824K, used 293219K [0x0000000700000000, 0x000000071c300000, 0x00000007aaa80000)
  object space 461824K, 63% used [0x0000000700000000,0x0000000711e58f08,0x000000071c300000)
 PSPermGen       total 21504K, used 6204K [0x00000006f5a00000, 0x00000006f6f00000, 0x0000000700000000)
  object space 21504K, 28% used [0x00000006f5a00000,0x00000006f600f040,0x00000006f6f00000)
}
Event: 18.433 GC heap before
{Heap before GC invocations=18 (full 3):
 PSYoungGen      total 587264K, used 467231K [0x00000007aaa80000, 0x00000007d7d00000, 0x0000000800000000)
  eden space 460800K, 100% used [0x00000007aaa80000,0x00000007c6c80000,0x00000007c6c80000)
  from space 126464K, 5% used [0x00000007cee00000,0x00000007cf447fb0,0x00000007d6980000)
  to   space 132608K, 0% used [0x00000007c6c80000,0x00000007c6c80000,0x00000007cee00000)
 ParOldGen       total 461824K, used 293219K [0x0000000700000000, 0x000000071c300000, 0x00000007aaa80000)
  object space 461824K, 63% used [0x0000000700000000,0x0000000711e58f08,0x000000071c300000)
 PSPermGen       total 21504K, used 6217K [0x00000006f5a00000, 0x00000006f6f00000, 0x0000000700000000)
  object space 21504K, 28% used [0x00000006f5a00000,0x00000006f6012750,0x00000006f6f00000)
Event: 18.564 GC heap after
Heap after GC invocations=18 (full 3):
 PSYoungGen      total 593408K, used 70912K [0x00000007aaa80000, 0x00000007dcd80000, 0x0000000800000000)
  eden space 460800K, 0% used [0x00000007aaa80000,0x00000007aaa80000,0x00000007c6c80000)
  from space 132608K, 53% used [0x00000007c6c80000,0x00000007cb1c0140,0x00000007cee00000)
  to   space 131584K, 0% used [0x00000007d4d00000,0x00000007d4d00000,0x00000007dcd80000)
 ParOldGen       total 461824K, used 293219K [0x0000000700000000, 0x000000071c300000, 0x00000007aaa80000)
  object space 461824K, 63% used [0x0000000700000000,0x0000000711e58f08,0x000000071c300000)
 PSPermGen       total 21504K, used 6217K [0x00000006f5a00000, 0x00000006f6f00000, 0x0000000700000000)
  object space 21504K, 28% used [0x00000006f5a00000,0x00000006f6012750,0x00000006f6f00000)
}
Event: 19.656 GC heap before
{Heap before GC invocations=19 (full 3):
 PSYoungGen      total 593408K, used 531712K [0x00000007aaa80000, 0x00000007dcd80000, 0x0000000800000000)
  eden space 460800K, 100% used [0x00000007aaa80000,0x00000007c6c80000,0x00000007c6c80000)
  from space 132608K, 53% used [0x00000007c6c80000,0x00000007cb1c0140,0x00000007cee00000)
  to   space 131584K, 0% used [0x00000007d4d00000,0x00000007d4d00000,0x00000007dcd80000)
 ParOldGen       total 461824K, used 293219K [0x0000000700000000, 0x000000071c300000, 0x00000007aaa80000)
  object space 461824K, 63% used [0x0000000700000000,0x0000000711e58f08,0x000000071c300000)
 PSPermGen       total 21504K, used 6236K [0x00000006f5a00000, 0x00000006f6f00000, 0x0000000700000000)
  object space 21504K, 29% used [0x00000006f5a00000,0x00000006f6017320,0x00000006f6f00000)
Event: 19.899 GC heap after
Heap after GC invocations=19 (full 3):
 PSYoungGen      total 664576K, used 131552K [0x00000007aaa80000, 0x00000007e0e00000, 0x0000000800000000)
  eden space 532992K, 0% used [0x00000007aaa80000,0x00000007aaa80000,0x00000007cb300000)
  from space 131584K, 99% used [0x00000007d4d00000,0x00000007dcd783b8,0x00000007dcd80000)
  to   space 157696K, 0% used [0x00000007cb300000,0x00000007cb300000,0x00000007d4d00000)
 ParOldGen       total 461824K, used 306201K [0x0000000700000000, 0x000000071c300000, 0x00000007aaa80000)
  object space 461824K, 66% used [0x0000000700000000,0x0000000712b06550,0x000000071c300000)
 PSPermGen       total 21504K, used 6236K [0x00000006f5a00000, 0x00000006f6f00000, 0x0000000700000000)
  object space 21504K, 29% used [0x00000006f5a00000,0x00000006f6017320,0x00000006f6f00000)
}
Event: 21.235 GC heap before
{Heap before GC invocations=20 (full 3):
 PSYoungGen      total 664576K, used 664544K [0x00000007aaa80000, 0x00000007e0e00000, 0x0000000800000000)
  eden space 532992K, 100% used [0x00000007aaa80000,0x00000007cb300000,0x00000007cb300000)
  from space 131584K, 99% used [0x00000007d4d00000,0x00000007dcd783b8,0x00000007dcd80000)
  to   space 157696K, 0% used [0x00000007cb300000,0x00000007cb300000,0x00000007d4d00000)
 ParOldGen       total 461824K, used 306201K [0x0000000700000000, 0x000000071c300000, 0x00000007aaa80000)
  object space 461824K, 66% used [0x0000000700000000,0x0000000712b06550,0x000000071c300000)
 PSPermGen       total 21504K, used 6277K [0x00000006f5a00000, 0x00000006f6f00000, 0x0000000700000000)
  object space 21504K, 29% used [0x00000006f5a00000,0x00000006f60217e8,0x00000006f6f00000)
Event: 21.517 GC heap after
Heap after GC invocations=20 (full 3):
 PSYoungGen      total 690688K, used 157686K [0x00000007aaa80000, 0x00000007e9e80000, 0x0000000800000000)
  eden space 532992K, 0% used [0x00000007aaa80000,0x00000007aaa80000,0x00000007cb300000)
  from space 157696K, 99% used [0x00000007cb300000,0x00000007d4cfd8c8,0x00000007d4d00000)
  to   space 205312K, 0% used [0x00000007dd600000,0x00000007dd600000,0x00000007e9e80000)
 ParOldGen       total 461824K, used 364654K [0x0000000700000000, 0x000000071c300000, 0x00000007aaa80000)
  object space 461824K, 78% used [0x0000000700000000,0x000000071641b930,0x000000071c300000)
 PSPermGen       total 21504K, used 6277K [0x00000006f5a00000, 0x00000006f6f00000, 0x0000000700000000)
  object space 21504K, 29% used [0x00000006f5a00000,0x00000006f60217e8,0x00000006f6f00000)
}
Event: 23.183 GC heap before
{Heap before GC invocations=21 (full 3):
 PSYoungGen      total 690688K, used 690678K [0x00000007aaa80000, 0x00000007e9e80000, 0x0000000800000000)
  eden space 532992K, 100% used [0x00000007aaa80000,0x00000007cb300000,0x00000007cb300000)
  from space 157696K, 99% used [0x00000007cb300000,0x00000007d4cfd8c8,0x00000007d4d00000)
  to   space 205312K, 0% used [0x00000007dd600000,0x00000007dd600000,0x00000007e9e80000)
 ParOldGen       total 461824K, used 364654K [0x0000000700000000, 0x000000071c300000, 0x00000007aaa80000)
  object space 461824K, 78% used [0x0000000700000000,0x000000071641b930,0x000000071c300000)
 PSPermGen       total 21504K, used 6279K [0x00000006f5a00000, 0x00000006f6f00000, 0x0000000700000000)
  object space 21504K, 29% used [0x00000006f5a00000,0x00000006f6021ea0,0x00000006f6f00000)
Event: 26.950 GC heap after
Heap after GC invocations=21 (full 3):
 PSYoungGen      total 822784K, used 135045K [0x00000007aaa80000, 0x00000007ed200000, 0x0000000800000000)
  eden space 617472K, 0% used [0x00000007aaa80000,0x00000007aaa80000,0x00000007d0580000)
  from space 205312K, 65% used [0x00000007dd600000,0x00000007e59e1608,0x00000007e9e80000)
  to   space 213504K, 0% used [0x00000007d0580000,0x00000007d0580000,0x00000007dd600000)
 ParOldGen       total 461824K, used 454173K [0x0000000700000000, 0x000000071c300000, 0x00000007aaa80000)
  object space 461824K, 98% used [0x0000000700000000,0x000000071bb87560,0x000000071c300000)
 PSPermGen       total 21504K, used 6279K [0x00000006f5a00000, 0x00000006f6f00000, 0x0000000700000000)
  object space 21504K, 29% used [0x00000006f5a00000,0x00000006f6021ea0,0x00000006f6f00000)
}
Event: 30.345 GC heap before
{Heap before GC invocations=22 (full 4):
 PSYoungGen      total 822784K, used 135045K [0x00000007aaa80000, 0x00000007ed200000, 0x0000000800000000)
  eden space 617472K, 0% used [0x00000007aaa80000,0x00000007aaa80000,0x00000007d0580000)
  from space 205312K, 65% used [0x00000007dd600000,0x00000007e59e1608,0x00000007e9e80000)
  to   space 213504K, 0% used [0x00000007d0580000,0x00000007d0580000,0x00000007dd600000)
 ParOldGen       total 461824K, used 454173K [0x0000000700000000, 0x000000071c300000, 0x00000007aaa80000)
  object space 461824K, 98% used [0x0000000700000000,0x000000071bb87560,0x000000071c300000)
 PSPermGen       total 21504K, used 6279K [0x00000006f5a00000, 0x00000006f6f00000, 0x0000000700000000)
  object space 21504K, 29% used [0x00000006f5a00000,0x00000006f6021ea0,0x00000006f6f00000)

