# JRE version: OpenJDK Runtime Environment (7.0_79-b14) (build 1.7.0_79-b14)
# Java VM: OpenJDK 64-Bit Server VM (24.79-b02 mixed mode linux-amd64 compressed oops)
Heap
 PSYoungGen      total 1120768K, used 47580K [0x00000007aaa80000, 0x0000000800000000, 0x0000000800000000)
  eden space 847360K, 0% used [0x00000007aaa80000,0x00000007aaa80000,0x00000007de600000)
  from space 273408K, 17% used [0x00000007ef500000,0x00000007f23772f0,0x0000000800000000)
  to   space 275456K, 0% used [0x00000007de600000,0x00000007de600000,0x00000007ef300000)
 ParOldGen       total 670208K, used 669765K [0x0000000700000000, 0x0000000728e80000, 0x00000007aaa80000)
  object space 670208K, 99% used [0x0000000700000000,0x0000000728e114c0,0x0000000728e80000)
 PSPermGen       total 21504K, used 6324K [0x00000006f5a00000, 0x00000006f6f00000, 0x0000000700000000)
  object space 21504K, 29% used [0x00000006f5a00000,0x00000006f602d020,0x00000006f6f00000)
GC Heap History (10 events):
Event: 17.775 GC heap after
Heap after GC invocations=16 (full 3):
 PSYoungGen      total 748032K, used 161260K [0x00000007aaa80000, 0x00000007f0600000, 0x0000000800000000)
  eden space 586752K, 0% used [0x00000007aaa80000,0x00000007aaa80000,0x00000007ce780000)
  from space 161280K, 99% used [0x00000007ce780000,0x00000007d84fb2c8,0x00000007d8500000)
  to   space 203776K, 0% used [0x00000007e3f00000,0x00000007e3f00000,0x00000007f0600000)
 ParOldGen       total 441856K, used 351344K [0x0000000700000000, 0x000000071af80000, 0x00000007aaa80000)
  object space 441856K, 79% used [0x0000000700000000,0x000000071571c228,0x000000071af80000)
 PSPermGen       total 21504K, used 6315K [0x00000006f5a00000, 0x00000006f6f00000, 0x0000000700000000)
  object space 21504K, 29% used [0x00000006f5a00000,0x00000006f602adb8,0x00000006f6f00000)
}
Event: 18.959 GC heap before
{Heap before GC invocations=17 (full 3):
 PSYoungGen      total 748032K, used 748012K [0x00000007aaa80000, 0x00000007f0600000, 0x0000000800000000)
  eden space 586752K, 100% used [0x00000007aaa80000,0x00000007ce780000,0x00000007ce780000)
  from space 161280K, 99% used [0x00000007ce780000,0x00000007d84fb2c8,0x00000007d8500000)
  to   space 203776K, 0% used [0x00000007e3f00000,0x00000007e3f00000,0x00000007f0600000)
 ParOldGen       total 441856K, used 351344K [0x0000000700000000, 0x000000071af80000, 0x00000007aaa80000)
  object space 441856K, 79% used [0x0000000700000000,0x000000071571c228,0x000000071af80000)
 PSPermGen       total 21504K, used 6318K [0x00000006f5a00000, 0x00000006f6f00000, 0x0000000700000000)
  object space 21504K, 29% used [0x00000006f5a00000,0x00000006f602b858,0x00000006f6f00000)
Event: 19.318 GC heap after
Heap after GC invocations=17 (full 3):
 PSYoungGen      total 916480K, used 168070K [0x00000007aaa80000, 0x00000007f3c80000, 0x0000000800000000)
  eden space 712704K, 0% used [0x00000007aaa80000,0x00000007aaa80000,0x00000007d6280000)
  from space 203776K, 82% used [0x00000007e3f00000,0x00000007ee321928,0x00000007f0600000)
  to   space 225792K, 0% used [0x00000007d6280000,0x00000007d6280000,0x00000007e3f00000)
 ParOldGen       total 443392K, used 443357K [0x0000000700000000, 0x000000071b100000, 0x00000007aaa80000)
  object space 443392K, 99% used [0x0000000700000000,0x000000071b0f7730,0x000000071b100000)
 PSPermGen       total 21504K, used 6318K [0x00000006f5a00000, 0x00000006f6f00000, 0x0000000700000000)
  object space 21504K, 29% used [0x00000006f5a00000,0x00000006f602b858,0x00000006f6f00000)
}
Event: 19.318 GC heap before
{Heap before GC invocations=18 (full 4):
 PSYoungGen      total 916480K, used 168070K [0x00000007aaa80000, 0x00000007f3c80000, 0x0000000800000000)
  eden space 712704K, 0% used [0x00000007aaa80000,0x00000007aaa80000,0x00000007d6280000)
  from space 203776K, 82% used [0x00000007e3f00000,0x00000007ee321928,0x00000007f0600000)
  to   space 225792K, 0% used [0x00000007d6280000,0x00000007d6280000,0x00000007e3f00000)
 ParOldGen       total 443392K, used 443357K [0x0000000700000000, 0x000000071b100000, 0x00000007aaa80000)
  object space 443392K, 99% used [0x0000000700000000,0x000000071b0f7730,0x000000071b100000)
 PSPermGen       total 21504K, used 6318K [0x00000006f5a00000, 0x00000006f6f00000, 0x0000000700000000)
  object space 21504K, 29% used [0x00000006f5a00000,0x00000006f602b858,0x00000006f6f00000)
Event: 21.369 GC heap after
Heap after GC invocations=18 (full 4):
 PSYoungGen      total 916480K, used 162041K [0x00000007aaa80000, 0x00000007f3c80000, 0x0000000800000000)
  eden space 712704K, 0% used [0x00000007aaa80000,0x00000007aaa80000,0x00000007d6280000)
  from space 203776K, 79% used [0x00000007e3f00000,0x00000007edd3e460,0x00000007f0600000)
  to   space 225792K, 0% used [0x00000007d6280000,0x00000007d6280000,0x00000007e3f00000)
 ParOldGen       total 670208K, used 442999K [0x0000000700000000, 0x0000000728e80000, 0x00000007aaa80000)
  object space 670208K, 66% used [0x0000000700000000,0x000000071b09de48,0x0000000728e80000)
 PSPermGen       total 21504K, used 6317K [0x00000006f5a00000, 0x00000006f6f00000, 0x0000000700000000)
  object space 21504K, 29% used [0x00000006f5a00000,0x00000006f602b7d8,0x00000006f6f00000)
}
Event: 23.057 GC heap before
{Heap before GC invocations=19 (full 4):
 PSYoungGen      total 916480K, used 874745K [0x00000007aaa80000, 0x00000007f3c80000, 0x0000000800000000)
  eden space 712704K, 100% used [0x00000007aaa80000,0x00000007d6280000,0x00000007d6280000)
  from space 203776K, 79% used [0x00000007e3f00000,0x00000007edd3e460,0x00000007f0600000)
  to   space 225792K, 0% used [0x00000007d6280000,0x00000007d6280000,0x00000007e3f00000)
 ParOldGen       total 670208K, used 442999K [0x0000000700000000, 0x0000000728e80000, 0x00000007aaa80000)
  object space 670208K, 66% used [0x0000000700000000,0x000000071b09de48,0x0000000728e80000)
 PSPermGen       total 21504K, used 6321K [0x00000006f5a00000, 0x00000006f6f00000, 0x0000000700000000)
  object space 21504K, 29% used [0x00000006f5a00000,0x00000006f602c720,0x00000006f6f00000)
Event: 23.460 GC heap after
Heap after GC invocations=19 (full 4):
 PSYoungGen      total 938496K, used 225768K [0x00000007aaa80000, 0x0000000800000000, 0x0000000800000000)
  eden space 712704K, 0% used [0x00000007aaa80000,0x00000007aaa80000,0x00000007d6280000)
  from space 225792K, 99% used [0x00000007d6280000,0x00000007e3efa058,0x00000007e3f00000)
  to   space 273408K, 0% used [0x00000007ef500000,0x00000007ef500000,0x0000000800000000)
 ParOldGen       total 670208K, used 468021K [0x0000000700000000, 0x0000000728e80000, 0x00000007aaa80000)
  object space 670208K, 69% used [0x0000000700000000,0x000000071c90d6f8,0x0000000728e80000)
 PSPermGen       total 21504K, used 6321K [0x00000006f5a00000, 0x00000006f6f00000, 0x0000000700000000)
  object space 21504K, 29% used [0x00000006f5a00000,0x00000006f602c720,0x00000006f6f00000)
}
Event: 25.214 GC heap before
{Heap before GC invocations=20 (full 4):
 PSYoungGen      total 938496K, used 938472K [0x00000007aaa80000, 0x0000000800000000, 0x0000000800000000)
  eden space 712704K, 100% used [0x00000007aaa80000,0x00000007d6280000,0x00000007d6280000)
  from space 225792K, 99% used [0x00000007d6280000,0x00000007e3efa058,0x00000007e3f00000)
  to   space 273408K, 0% used [0x00000007ef500000,0x00000007ef500000,0x0000000800000000)
 ParOldGen       total 670208K, used 468021K [0x0000000700000000, 0x0000000728e80000, 0x00000007aaa80000)
  object space 670208K, 69% used [0x0000000700000000,0x000000071c90d6f8,0x0000000728e80000)
 PSPermGen       total 21504K, used 6324K [0x00000006f5a00000, 0x00000006f6f00000, 0x0000000700000000)
  object space 21504K, 29% used [0x00000006f5a00000,0x00000006f602d100,0x00000006f6f00000)
Event: 25.571 GC heap after
Heap after GC invocations=20 (full 4):
 PSYoungGen      total 1120768K, used 152869K [0x00000007aaa80000, 0x0000000800000000, 0x0000000800000000)
  eden space 847360K, 0% used [0x00000007aaa80000,0x00000007aaa80000,0x00000007de600000)
  from space 273408K, 55% used [0x00000007ef500000,0x00000007f8a49638,0x0000000800000000)
  to   space 275456K, 0% used [0x00000007de600000,0x00000007de600000,0x00000007ef300000)
 ParOldGen       total 670208K, used 612953K [0x0000000700000000, 0x0000000728e80000, 0x00000007aaa80000)
  object space 670208K, 91% used [0x0000000700000000,0x00000007256967a0,0x0000000728e80000)
 PSPermGen       total 21504K, used 6324K [0x00000006f5a00000, 0x00000006f6f00000, 0x0000000700000000)
  object space 21504K, 29% used [0x00000006f5a00000,0x00000006f602d100,0x00000006f6f00000)
}
Event: 25.571 GC heap before
{Heap before GC invocations=21 (full 5):
 PSYoungGen      total 1120768K, used 152869K [0x00000007aaa80000, 0x0000000800000000, 0x0000000800000000)
  eden space 847360K, 0% used [0x00000007aaa80000,0x00000007aaa80000,0x00000007de600000)
  from space 273408K, 55% used [0x00000007ef500000,0x00000007f8a49638,0x0000000800000000)
  to   space 275456K, 0% used [0x00000007de600000,0x00000007de600000,0x00000007ef300000)
 ParOldGen       total 670208K, used 612953K [0x0000000700000000, 0x0000000728e80000, 0x00000007aaa80000)
  object space 670208K, 91% used [0x0000000700000000,0x00000007256967a0,0x0000000728e80000)
 PSPermGen       total 21504K, used 6324K [0x00000006f5a00000, 0x00000006f6f00000, 0x0000000700000000)
  object space 21504K, 29% used [0x00000006f5a00000,0x00000006f602d100,0x00000006f6f00000)

