# JRE version: OpenJDK Runtime Environment (7.0_79-b14) (build 1.7.0_79-b14)
# Java VM: OpenJDK 64-Bit Server VM (24.79-b02 mixed mode linux-amd64 compressed oops)
Heap
 PSYoungGen      total 630272K, used 140795K [0x00000007aaa80000, 0x00000007e0880000, 0x0000000800000000)
  eden space 489472K, 0% used [0x00000007aaa80000,0x00000007aaa80000,0x00000007c8880000)
  from space 140800K, 99% used [0x00000007d7f00000,0x00000007e087ee60,0x00000007e0880000)
  to   space 132608K, 0% used [0x00000007c8880000,0x00000007c8880000,0x00000007d0a00000)
 ParOldGen       total 441344K, used 319508K [0x0000000700000000, 0x000000071af00000, 0x00000007aaa80000)
  object space 441344K, 72% used [0x0000000700000000,0x0000000713805398,0x000000071af00000)
 PSPermGen       total 21504K, used 6262K [0x00000006f5a00000, 0x00000006f6f00000, 0x0000000700000000)
  object space 21504K, 29% used [0x00000006f5a00000,0x00000006f601d988,0x00000006f6f00000)
GC Heap History (10 events):
Event: 18.573 GC heap after
Heap after GC invocations=14 (full 2):
 PSYoungGen      total 519168K, used 67508K [0x00000007aaa80000, 0x00000007d2d80000, 0x0000000800000000)
  eden space 422912K, 0% used [0x00000007aaa80000,0x00000007aaa80000,0x00000007c4780000)
  from space 96256K, 70% used [0x00000007cab00000,0x00000007ceced320,0x00000007d0900000)
  to   space 101888K, 0% used [0x00000007c4780000,0x00000007c4780000,0x00000007cab00000)
 ParOldGen       total 287232K, used 224804K [0x0000000700000000, 0x0000000711880000, 0x00000007aaa80000)
  object space 287232K, 78% used [0x0000000700000000,0x000000070db891d8,0x0000000711880000)
 PSPermGen       total 21504K, used 6197K [0x00000006f5a00000, 0x00000006f6f00000, 0x0000000700000000)
  object space 21504K, 28% used [0x00000006f5a00000,0x00000006f600d780,0x00000006f6f00000)
}
Event: 20.264 GC heap before
{Heap before GC invocations=15 (full 2):
 PSYoungGen      total 519168K, used 490420K [0x00000007aaa80000, 0x00000007d2d80000, 0x0000000800000000)
  eden space 422912K, 100% used [0x00000007aaa80000,0x00000007c4780000,0x00000007c4780000)
  from space 96256K, 70% used [0x00000007cab00000,0x00000007ceced320,0x00000007d0900000)
  to   space 101888K, 0% used [0x00000007c4780000,0x00000007c4780000,0x00000007cab00000)
 ParOldGen       total 287232K, used 224804K [0x0000000700000000, 0x0000000711880000, 0x00000007aaa80000)
  object space 287232K, 78% used [0x0000000700000000,0x000000070db891d8,0x0000000711880000)
 PSPermGen       total 21504K, used 6200K [0x00000006f5a00000, 0x00000006f6f00000, 0x0000000700000000)
  object space 21504K, 28% used [0x00000006f5a00000,0x00000006f600e378,0x00000006f6f00000)
Event: 20.346 GC heap after
Heap after GC invocations=15 (full 2):
 PSYoungGen      total 524800K, used 74162K [0x00000007aaa80000, 0x00000007d7400000, 0x0000000800000000)
  eden space 422912K, 0% used [0x00000007aaa80000,0x00000007aaa80000,0x00000007c4780000)
  from space 101888K, 72% used [0x00000007c4780000,0x00000007c8fecb98,0x00000007cab00000)
  to   space 108544K, 0% used [0x00000007d0a00000,0x00000007d0a00000,0x00000007d7400000)
 ParOldGen       total 287232K, used 224804K [0x0000000700000000, 0x0000000711880000, 0x00000007aaa80000)
  object space 287232K, 78% used [0x0000000700000000,0x000000070db891d8,0x0000000711880000)
 PSPermGen       total 21504K, used 6200K [0x00000006f5a00000, 0x00000006f6f00000, 0x0000000700000000)
  object space 21504K, 28% used [0x00000006f5a00000,0x00000006f600e378,0x00000006f6f00000)
}
Event: 21.908 GC heap before
{Heap before GC invocations=16 (full 2):
 PSYoungGen      total 524800K, used 497074K [0x00000007aaa80000, 0x00000007d7400000, 0x0000000800000000)
  eden space 422912K, 100% used [0x00000007aaa80000,0x00000007c4780000,0x00000007c4780000)
  from space 101888K, 72% used [0x00000007c4780000,0x00000007c8fecb98,0x00000007cab00000)
  to   space 108544K, 0% used [0x00000007d0a00000,0x00000007d0a00000,0x00000007d7400000)
 ParOldGen       total 287232K, used 224804K [0x0000000700000000, 0x0000000711880000, 0x00000007aaa80000)
  object space 287232K, 78% used [0x0000000700000000,0x000000070db891d8,0x0000000711880000)
 PSPermGen       total 21504K, used 6201K [0x00000006f5a00000, 0x00000006f6f00000, 0x0000000700000000)
  object space 21504K, 28% used [0x00000006f5a00000,0x00000006f600e460,0x00000006f6f00000)
Event: 22.200 GC heap after
Heap after GC invocations=16 (full 2):
 PSYoungGen      total 598016K, used 108533K [0x00000007aaa80000, 0x00000007dae00000, 0x0000000800000000)
  eden space 489472K, 0% used [0x00000007aaa80000,0x00000007aaa80000,0x00000007c8880000)
  from space 108544K, 99% used [0x00000007d0a00000,0x00000007d73fd7d0,0x00000007d7400000)
  to   space 132608K, 0% used [0x00000007c8880000,0x00000007c8880000,0x00000007d0a00000)
 ParOldGen       total 287232K, used 241815K [0x0000000700000000, 0x0000000711880000, 0x00000007aaa80000)
  object space 287232K, 84% used [0x0000000700000000,0x000000070ec25f08,0x0000000711880000)
 PSPermGen       total 21504K, used 6201K [0x00000006f5a00000, 0x00000006f6f00000, 0x0000000700000000)
  object space 21504K, 28% used [0x00000006f5a00000,0x00000006f600e460,0x00000006f6f00000)
}
Event: 22.200 GC heap before
{Heap before GC invocations=17 (full 3):
 PSYoungGen      total 598016K, used 108533K [0x00000007aaa80000, 0x00000007dae00000, 0x0000000800000000)
  eden space 489472K, 0% used [0x00000007aaa80000,0x00000007aaa80000,0x00000007c8880000)
  from space 108544K, 99% used [0x00000007d0a00000,0x00000007d73fd7d0,0x00000007d7400000)
  to   space 132608K, 0% used [0x00000007c8880000,0x00000007c8880000,0x00000007d0a00000)
 ParOldGen       total 287232K, used 241815K [0x0000000700000000, 0x0000000711880000, 0x00000007aaa80000)
  object space 287232K, 84% used [0x0000000700000000,0x000000070ec25f08,0x0000000711880000)
 PSPermGen       total 21504K, used 6201K [0x00000006f5a00000, 0x00000006f6f00000, 0x0000000700000000)
  object space 21504K, 28% used [0x00000006f5a00000,0x00000006f600e460,0x00000006f6f00000)
Event: 23.269 GC heap after
Heap after GC invocations=17 (full 3):
 PSYoungGen      total 598016K, used 17869K [0x00000007aaa80000, 0x00000007dae00000, 0x0000000800000000)
  eden space 489472K, 0% used [0x00000007aaa80000,0x00000007aaa80000,0x00000007c8880000)
  from space 108544K, 16% used [0x00000007d0a00000,0x00000007d1b73530,0x00000007d7400000)
  to   space 132608K, 0% used [0x00000007c8880000,0x00000007c8880000,0x00000007d0a00000)
 ParOldGen       total 441344K, used 287150K [0x0000000700000000, 0x000000071af00000, 0x00000007aaa80000)
  object space 441344K, 65% used [0x0000000700000000,0x000000071186ba98,0x000000071af00000)
 PSPermGen       total 21504K, used 6200K [0x00000006f5a00000, 0x00000006f6f00000, 0x0000000700000000)
  object space 21504K, 28% used [0x00000006f5a00000,0x00000006f600e3c0,0x00000006f6f00000)
}
Event: 24.622 GC heap before
{Heap before GC invocations=18 (full 3):
 PSYoungGen      total 598016K, used 507341K [0x00000007aaa80000, 0x00000007dae00000, 0x0000000800000000)
  eden space 489472K, 100% used [0x00000007aaa80000,0x00000007c8880000,0x00000007c8880000)
  from space 108544K, 16% used [0x00000007d0a00000,0x00000007d1b73530,0x00000007d7400000)
  to   space 132608K, 0% used [0x00000007c8880000,0x00000007c8880000,0x00000007d0a00000)
 ParOldGen       total 441344K, used 287150K [0x0000000700000000, 0x000000071af00000, 0x00000007aaa80000)
  object space 441344K, 65% used [0x0000000700000000,0x000000071186ba98,0x000000071af00000)
 PSPermGen       total 21504K, used 6221K [0x00000006f5a00000, 0x00000006f6f00000, 0x0000000700000000)
  object space 21504K, 28% used [0x00000006f5a00000,0x00000006f6013670,0x00000006f6f00000)
Event: 24.832 GC heap after
Heap after GC invocations=18 (full 3):
 PSYoungGen      total 622080K, used 95403K [0x00000007aaa80000, 0x00000007e0880000, 0x0000000800000000)
  eden space 489472K, 0% used [0x00000007aaa80000,0x00000007aaa80000,0x00000007c8880000)
  from space 132608K, 71% used [0x00000007c8880000,0x00000007ce5aad08,0x00000007d0a00000)
  to   space 140800K, 0% used [0x00000007d7f00000,0x00000007d7f00000,0x00000007e0880000)
 ParOldGen       total 441344K, used 289907K [0x0000000700000000, 0x000000071af00000, 0x00000007aaa80000)
  object space 441344K, 65% used [0x0000000700000000,0x0000000711b1cc70,0x000000071af00000)
 PSPermGen       total 21504K, used 6221K [0x00000006f5a00000, 0x00000006f6f00000, 0x0000000700000000)
  object space 21504K, 28% used [0x00000006f5a00000,0x00000006f6013670,0x00000006f6f00000)
}
Event: 26.260 GC heap before
{Heap before GC invocations=19 (full 3):
 PSYoungGen      total 622080K, used 584875K [0x00000007aaa80000, 0x00000007e0880000, 0x0000000800000000)
  eden space 489472K, 100% used [0x00000007aaa80000,0x00000007c8880000,0x00000007c8880000)
  from space 132608K, 71% used [0x00000007c8880000,0x00000007ce5aad08,0x00000007d0a00000)
  to   space 140800K, 0% used [0x00000007d7f00000,0x00000007d7f00000,0x00000007e0880000)
 ParOldGen       total 441344K, used 289907K [0x0000000700000000, 0x000000071af00000, 0x00000007aaa80000)
  object space 441344K, 65% used [0x0000000700000000,0x0000000711b1cc70,0x000000071af00000)
 PSPermGen       total 21504K, used 6262K [0x00000006f5a00000, 0x00000006f6f00000, 0x0000000700000000)
  object space 21504K, 29% used [0x00000006f5a00000,0x00000006f601d988,0x00000006f6f00000)

