# JRE version: OpenJDK Runtime Environment (7.0_79-b14) (build 1.7.0_79-b14)
# Java VM: OpenJDK 64-Bit Server VM (24.79-b02 mixed mode linux-amd64 compressed oops)
Heap
 PSYoungGen      total 738816K, used 70402K [0x00000007aaa80000, 0x00000007e1080000, 0x0000000800000000)
  eden space 599552K, 0% used [0x00000007aaa80000,0x00000007aaa80000,0x00000007cf400000)
  from space 139264K, 50% used [0x00000007d7b80000,0x00000007dc0408f8,0x00000007e0380000)
  to   space 138752K, 0% used [0x00000007cf400000,0x00000007cf400000,0x00000007d7b80000)
 ParOldGen       total 455168K, used 454765K [0x0000000700000000, 0x000000071bc80000, 0x00000007aaa80000)
  object space 455168K, 99% used [0x0000000700000000,0x000000071bc1b680,0x000000071bc80000)
 PSPermGen       total 21504K, used 6317K [0x00000006f5a00000, 0x00000006f6f00000, 0x0000000700000000)
  object space 21504K, 29% used [0x00000006f5a00000,0x00000006f602b438,0x00000006f6f00000)
GC Heap History (10 events):
Event: 12.010 GC heap after
Heap after GC invocations=15 (full 2):
 PSYoungGen      total 486912K, used 78308K [0x00000007aaa80000, 0x00000007d6d00000, 0x0000000800000000)
  eden space 408576K, 0% used [0x00000007aaa80000,0x00000007aaa80000,0x00000007c3980000)
  from space 78336K, 99% used [0x00000007c3980000,0x00000007c85f9158,0x00000007c8600000)
  to   space 106496K, 0% used [0x00000007d0500000,0x00000007d0500000,0x00000007d6d00000)
 ParOldGen       total 271872K, used 235542K [0x0000000700000000, 0x0000000710980000, 0x00000007aaa80000)
  object space 271872K, 86% used [0x0000000700000000,0x000000070e605a78,0x0000000710980000)
 PSPermGen       total 21504K, used 6254K [0x00000006f5a00000, 0x00000006f6f00000, 0x0000000700000000)
  object space 21504K, 29% used [0x00000006f5a00000,0x00000006f601bba0,0x00000006f6f00000)
}
Event: 12.010 GC heap before
{Heap before GC invocations=16 (full 3):
 PSYoungGen      total 486912K, used 78308K [0x00000007aaa80000, 0x00000007d6d00000, 0x0000000800000000)
  eden space 408576K, 0% used [0x00000007aaa80000,0x00000007aaa80000,0x00000007c3980000)
  from space 78336K, 99% used [0x00000007c3980000,0x00000007c85f9158,0x00000007c8600000)
  to   space 106496K, 0% used [0x00000007d0500000,0x00000007d0500000,0x00000007d6d00000)
 ParOldGen       total 271872K, used 235542K [0x0000000700000000, 0x0000000710980000, 0x00000007aaa80000)
  object space 271872K, 86% used [0x0000000700000000,0x000000070e605a78,0x0000000710980000)
 PSPermGen       total 21504K, used 6254K [0x00000006f5a00000, 0x00000006f6f00000, 0x0000000700000000)
  object space 21504K, 29% used [0x00000006f5a00000,0x00000006f601bba0,0x00000006f6f00000)
Event: 13.080 GC heap after
Heap after GC invocations=16 (full 3):
 PSYoungGen      total 486912K, used 39820K [0x00000007aaa80000, 0x00000007d6d00000, 0x0000000800000000)
  eden space 408576K, 0% used [0x00000007aaa80000,0x00000007aaa80000,0x00000007c3980000)
  from space 78336K, 50% used [0x00000007c3980000,0x00000007c60631f8,0x00000007c8600000)
  to   space 106496K, 0% used [0x00000007d0500000,0x00000007d0500000,0x00000007d6d00000)
 ParOldGen       total 433152K, used 271544K [0x0000000700000000, 0x000000071a700000, 0x00000007aaa80000)
  object space 433152K, 62% used [0x0000000700000000,0x000000071092e1d0,0x000000071a700000)
 PSPermGen       total 21504K, used 6254K [0x00000006f5a00000, 0x00000006f6f00000, 0x0000000700000000)
  object space 21504K, 29% used [0x00000006f5a00000,0x00000006f601bb20,0x00000006f6f00000)
}
Event: 13.856 GC heap before
{Heap before GC invocations=17 (full 3):
 PSYoungGen      total 486912K, used 448396K [0x00000007aaa80000, 0x00000007d6d00000, 0x0000000800000000)
  eden space 408576K, 100% used [0x00000007aaa80000,0x00000007c3980000,0x00000007c3980000)
  from space 78336K, 50% used [0x00000007c3980000,0x00000007c60631f8,0x00000007c8600000)
  to   space 106496K, 0% used [0x00000007d0500000,0x00000007d0500000,0x00000007d6d00000)
 ParOldGen       total 433152K, used 271544K [0x0000000700000000, 0x000000071a700000, 0x00000007aaa80000)
  object space 433152K, 62% used [0x0000000700000000,0x000000071092e1d0,0x000000071a700000)
 PSPermGen       total 21504K, used 6301K [0x00000006f5a00000, 0x00000006f6f00000, 0x0000000700000000)
  object space 21504K, 29% used [0x00000006f5a00000,0x00000006f6027640,0x00000006f6f00000)
Event: 14.088 GC heap after
Heap after GC invocations=17 (full 3):
 PSYoungGen      total 585216K, used 66265K [0x00000007aaa80000, 0x00000007d6000000, 0x0000000800000000)
  eden space 492032K, 0% used [0x00000007aaa80000,0x00000007aaa80000,0x00000007c8b00000)
  from space 93184K, 71% used [0x00000007d0500000,0x00000007d45b66f8,0x00000007d6000000)
  to   space 109056K, 0% used [0x00000007c8b00000,0x00000007c8b00000,0x00000007cf580000)
 ParOldGen       total 433152K, used 311742K [0x0000000700000000, 0x000000071a700000, 0x00000007aaa80000)
  object space 433152K, 71% used [0x0000000700000000,0x000000071306fa68,0x000000071a700000)
 PSPermGen       total 21504K, used 6301K [0x00000006f5a00000, 0x00000006f6f00000, 0x0000000700000000)
  object space 21504K, 29% used [0x00000006f5a00000,0x00000006f6027640,0x00000006f6f00000)
}
Event: 14.958 GC heap before
{Heap before GC invocations=18 (full 3):
 PSYoungGen      total 585216K, used 558297K [0x00000007aaa80000, 0x00000007d6000000, 0x0000000800000000)
  eden space 492032K, 100% used [0x00000007aaa80000,0x00000007c8b00000,0x00000007c8b00000)
  from space 93184K, 71% used [0x00000007d0500000,0x00000007d45b66f8,0x00000007d6000000)
  to   space 109056K, 0% used [0x00000007c8b00000,0x00000007c8b00000,0x00000007cf580000)
 ParOldGen       total 433152K, used 311742K [0x0000000700000000, 0x000000071a700000, 0x00000007aaa80000)
  object space 433152K, 71% used [0x0000000700000000,0x000000071306fa68,0x000000071a700000)
 PSPermGen       total 21504K, used 6314K [0x00000006f5a00000, 0x00000006f6f00000, 0x0000000700000000)
  object space 21504K, 29% used [0x00000006f5a00000,0x00000006f602a998,0x00000006f6f00000)
Event: 15.139 GC heap after
Heap after GC invocations=18 (full 3):
 PSYoungGen      total 601088K, used 109048K [0x00000007aaa80000, 0x00000007e0380000, 0x0000000800000000)
  eden space 492032K, 0% used [0x00000007aaa80000,0x00000007aaa80000,0x00000007c8b00000)
  from space 109056K, 99% used [0x00000007c8b00000,0x00000007cf57e308,0x00000007cf580000)
  to   space 139264K, 0% used [0x00000007d7b80000,0x00000007d7b80000,0x00000007e0380000)
 ParOldGen       total 433152K, used 344651K [0x0000000700000000, 0x000000071a700000, 0x00000007aaa80000)
  object space 433152K, 79% used [0x0000000700000000,0x0000000715092c30,0x000000071a700000)
 PSPermGen       total 21504K, used 6314K [0x00000006f5a00000, 0x00000006f6f00000, 0x0000000700000000)
  object space 21504K, 29% used [0x00000006f5a00000,0x00000006f602a998,0x00000006f6f00000)
}
Event: 15.981 GC heap before
{Heap before GC invocations=19 (full 3):
 PSYoungGen      total 601088K, used 601080K [0x00000007aaa80000, 0x00000007e0380000, 0x0000000800000000)
  eden space 492032K, 100% used [0x00000007aaa80000,0x00000007c8b00000,0x00000007c8b00000)
  from space 109056K, 99% used [0x00000007c8b00000,0x00000007cf57e308,0x00000007cf580000)
  to   space 139264K, 0% used [0x00000007d7b80000,0x00000007d7b80000,0x00000007e0380000)
 ParOldGen       total 433152K, used 344651K [0x0000000700000000, 0x000000071a700000, 0x00000007aaa80000)
  object space 433152K, 79% used [0x0000000700000000,0x0000000715092c30,0x000000071a700000)
 PSPermGen       total 21504K, used 6317K [0x00000006f5a00000, 0x00000006f6f00000, 0x0000000700000000)
  object space 21504K, 29% used [0x00000006f5a00000,0x00000006f602b4b8,0x00000006f6f00000)
Event: 16.271 GC heap after
Heap after GC invocations=19 (full 3):
 PSYoungGen      total 738816K, used 76034K [0x00000007aaa80000, 0x00000007e1080000, 0x0000000800000000)
  eden space 599552K, 0% used [0x00000007aaa80000,0x00000007aaa80000,0x00000007cf400000)
  from space 139264K, 54% used [0x00000007d7b80000,0x00000007dc5c0800,0x00000007e0380000)
  to   space 138752K, 0% used [0x00000007cf400000,0x00000007cf400000,0x00000007d7b80000)
 ParOldGen       total 455168K, used 454427K [0x0000000700000000, 0x000000071bc80000, 0x00000007aaa80000)
  object space 455168K, 99% used [0x0000000700000000,0x000000071bbc6ec0,0x000000071bc80000)
 PSPermGen       total 21504K, used 6317K [0x00000006f5a00000, 0x00000006f6f00000, 0x0000000700000000)
  object space 21504K, 29% used [0x00000006f5a00000,0x00000006f602b4b8,0x00000006f6f00000)
}
Event: 16.271 GC heap before
{Heap before GC invocations=20 (full 4):
 PSYoungGen      total 738816K, used 76034K [0x00000007aaa80000, 0x00000007e1080000, 0x0000000800000000)
  eden space 599552K, 0% used [0x00000007aaa80000,0x00000007aaa80000,0x00000007cf400000)
  from space 139264K, 54% used [0x00000007d7b80000,0x00000007dc5c0800,0x00000007e0380000)
  to   space 138752K, 0% used [0x00000007cf400000,0x00000007cf400000,0x00000007d7b80000)
 ParOldGen       total 455168K, used 454427K [0x0000000700000000, 0x000000071bc80000, 0x00000007aaa80000)
  object space 455168K, 99% used [0x0000000700000000,0x000000071bbc6ec0,0x000000071bc80000)
 PSPermGen       total 21504K, used 6317K [0x00000006f5a00000, 0x00000006f6f00000, 0x0000000700000000)
  object space 21504K, 29% used [0x00000006f5a00000,0x00000006f602b4b8,0x00000006f6f00000)

