# JRE version: OpenJDK Runtime Environment (7.0_79-b14) (build 1.7.0_79-b14)
# Java VM: OpenJDK 64-Bit Server VM (24.79-b02 mixed mode linux-amd64 compressed oops)
Heap
 PSYoungGen      total 726528K, used 157637K [0x00000007aaa80000, 0x00000007eb600000, 0x0000000800000000)
  eden space 520704K, 0% used [0x00000007aaa80000,0x00000007aaa80000,0x00000007ca700000)
  from space 205824K, 76% used [0x00000007ded00000,0x00000007e86f17a0,0x00000007eb600000)
  to   space 166400K, 0% used [0x00000007ca700000,0x00000007ca700000,0x00000007d4980000)
 ParOldGen       total 460288K, used 411922K [0x0000000700000000, 0x000000071c180000, 0x00000007aaa80000)
  object space 460288K, 89% used [0x0000000700000000,0x0000000719244848,0x000000071c180000)
 PSPermGen       total 21504K, used 6312K [0x00000006f5a00000, 0x00000006f6f00000, 0x0000000700000000)
  object space 21504K, 29% used [0x00000006f5a00000,0x00000006f602a220,0x00000006f6f00000)
GC Heap History (10 events):
Event: 11.230 GC heap after
Heap after GC invocations=12 (full 2):
 PSYoungGen      total 539648K, used 90964K [0x00000007aaa80000, 0x00000007d9600000, 0x0000000800000000)
  eden space 444928K, 0% used [0x00000007aaa80000,0x00000007aaa80000,0x00000007c5d00000)
  from space 94720K, 96% used [0x00000007cc780000,0x00000007d2055300,0x00000007d2400000)
  to   space 109056K, 0% used [0x00000007c5d00000,0x00000007c5d00000,0x00000007cc780000)
 ParOldGen       total 287744K, used 177163K [0x0000000700000000, 0x0000000711900000, 0x00000007aaa80000)
  object space 287744K, 61% used [0x0000000700000000,0x000000070ad02c78,0x0000000711900000)
 PSPermGen       total 21504K, used 6237K [0x00000006f5a00000, 0x00000006f6f00000, 0x0000000700000000)
  object space 21504K, 29% used [0x00000006f5a00000,0x00000006f6017680,0x00000006f6f00000)
}
Event: 12.383 GC heap before
{Heap before GC invocations=13 (full 2):
 PSYoungGen      total 539648K, used 535892K [0x00000007aaa80000, 0x00000007d9600000, 0x0000000800000000)
  eden space 444928K, 100% used [0x00000007aaa80000,0x00000007c5d00000,0x00000007c5d00000)
  from space 94720K, 96% used [0x00000007cc780000,0x00000007d2055300,0x00000007d2400000)
  to   space 109056K, 0% used [0x00000007c5d00000,0x00000007c5d00000,0x00000007cc780000)
 ParOldGen       total 287744K, used 177163K [0x0000000700000000, 0x0000000711900000, 0x00000007aaa80000)
  object space 287744K, 61% used [0x0000000700000000,0x000000070ad02c78,0x0000000711900000)
 PSPermGen       total 21504K, used 6296K [0x00000006f5a00000, 0x00000006f6f00000, 0x0000000700000000)
  object space 21504K, 29% used [0x00000006f5a00000,0x00000006f6026360,0x00000006f6f00000)
Event: 12.579 GC heap after
Heap after GC invocations=13 (full 2):
 PSYoungGen      total 553984K, used 109025K [0x00000007aaa80000, 0x00000007dd880000, 0x0000000800000000)
  eden space 444928K, 0% used [0x00000007aaa80000,0x00000007aaa80000,0x00000007c5d00000)
  from space 109056K, 99% used [0x00000007c5d00000,0x00000007cc7785a0,0x00000007cc780000)
  to   space 146432K, 0% used [0x00000007d4980000,0x00000007d4980000,0x00000007dd880000)
 ParOldGen       total 287744K, used 229884K [0x0000000700000000, 0x0000000711900000, 0x00000007aaa80000)
  object space 287744K, 79% used [0x0000000700000000,0x000000070e07f210,0x0000000711900000)
 PSPermGen       total 21504K, used 6296K [0x00000006f5a00000, 0x00000006f6f00000, 0x0000000700000000)
  object space 21504K, 29% used [0x00000006f5a00000,0x00000006f6026360,0x00000006f6f00000)
}
Event: 13.698 GC heap before
{Heap before GC invocations=14 (full 2):
 PSYoungGen      total 553984K, used 553953K [0x00000007aaa80000, 0x00000007dd880000, 0x0000000800000000)
  eden space 444928K, 100% used [0x00000007aaa80000,0x00000007c5d00000,0x00000007c5d00000)
  from space 109056K, 99% used [0x00000007c5d00000,0x00000007cc7785a0,0x00000007cc780000)
  to   space 146432K, 0% used [0x00000007d4980000,0x00000007d4980000,0x00000007dd880000)
 ParOldGen       total 287744K, used 229884K [0x0000000700000000, 0x0000000711900000, 0x00000007aaa80000)
  object space 287744K, 79% used [0x0000000700000000,0x000000070e07f210,0x0000000711900000)
 PSPermGen       total 21504K, used 6305K [0x00000006f5a00000, 0x00000006f6f00000, 0x0000000700000000)
  object space 21504K, 29% used [0x00000006f5a00000,0x00000006f6028678,0x00000006f6f00000)
Event: 14.191 GC heap after
Heap after GC invocations=14 (full 2):
 PSYoungGen      total 667136K, used 132204K [0x00000007aaa80000, 0x00000007e1a80000, 0x0000000800000000)
  eden space 520704K, 0% used [0x00000007aaa80000,0x00000007aaa80000,0x00000007ca700000)
  from space 146432K, 90% used [0x00000007d4980000,0x00000007dca9b3b0,0x00000007dd880000)
  to   space 166400K, 0% used [0x00000007ca700000,0x00000007ca700000,0x00000007d4980000)
 ParOldGen       total 287744K, used 281625K [0x0000000700000000, 0x0000000711900000, 0x00000007aaa80000)
  object space 287744K, 97% used [0x0000000700000000,0x0000000711306700,0x0000000711900000)
 PSPermGen       total 21504K, used 6305K [0x00000006f5a00000, 0x00000006f6f00000, 0x0000000700000000)
  object space 21504K, 29% used [0x00000006f5a00000,0x00000006f6028678,0x00000006f6f00000)
}
Event: 14.191 GC heap before
{Heap before GC invocations=15 (full 3):
 PSYoungGen      total 667136K, used 132204K [0x00000007aaa80000, 0x00000007e1a80000, 0x0000000800000000)
  eden space 520704K, 0% used [0x00000007aaa80000,0x00000007aaa80000,0x00000007ca700000)
  from space 146432K, 90% used [0x00000007d4980000,0x00000007dca9b3b0,0x00000007dd880000)
  to   space 166400K, 0% used [0x00000007ca700000,0x00000007ca700000,0x00000007d4980000)
 ParOldGen       total 287744K, used 281625K [0x0000000700000000, 0x0000000711900000, 0x00000007aaa80000)
  object space 287744K, 97% used [0x0000000700000000,0x0000000711306700,0x0000000711900000)
 PSPermGen       total 21504K, used 6305K [0x00000006f5a00000, 0x00000006f6f00000, 0x0000000700000000)
  object space 21504K, 29% used [0x00000006f5a00000,0x00000006f6028678,0x00000006f6f00000)
Event: 15.619 GC heap after
Heap after GC invocations=15 (full 3):
 PSYoungGen      total 667136K, used 118165K [0x00000007aaa80000, 0x00000007e1a80000, 0x0000000800000000)
  eden space 520704K, 0% used [0x00000007aaa80000,0x00000007aaa80000,0x00000007ca700000)
  from space 146432K, 80% used [0x00000007d4980000,0x00000007dbce5400,0x00000007dd880000)
  to   space 166400K, 0% used [0x00000007ca700000,0x00000007ca700000,0x00000007d4980000)
 ParOldGen       total 460288K, used 287419K [0x0000000700000000, 0x000000071c180000, 0x00000007aaa80000)
  object space 460288K, 62% used [0x0000000700000000,0x00000007118aec20,0x000000071c180000)
 PSPermGen       total 21504K, used 6305K [0x00000006f5a00000, 0x00000006f6f00000, 0x0000000700000000)
  object space 21504K, 29% used [0x00000006f5a00000,0x00000006f60284d8,0x00000006f6f00000)
}
Event: 16.551 GC heap before
{Heap before GC invocations=16 (full 3):
 PSYoungGen      total 667136K, used 638869K [0x00000007aaa80000, 0x00000007e1a80000, 0x0000000800000000)
  eden space 520704K, 100% used [0x00000007aaa80000,0x00000007ca700000,0x00000007ca700000)
  from space 146432K, 80% used [0x00000007d4980000,0x00000007dbce5400,0x00000007dd880000)
  to   space 166400K, 0% used [0x00000007ca700000,0x00000007ca700000,0x00000007d4980000)
 ParOldGen       total 460288K, used 287419K [0x0000000700000000, 0x000000071c180000, 0x00000007aaa80000)
  object space 460288K, 62% used [0x0000000700000000,0x00000007118aec20,0x000000071c180000)
 PSPermGen       total 21504K, used 6310K [0x00000006f5a00000, 0x00000006f6f00000, 0x0000000700000000)
  object space 21504K, 29% used [0x00000006f5a00000,0x00000006f6029a48,0x00000006f6f00000)
Event: 16.822 GC heap after
Heap after GC invocations=16 (full 3):
 PSYoungGen      total 687104K, used 166390K [0x00000007aaa80000, 0x00000007eb600000, 0x0000000800000000)
  eden space 520704K, 0% used [0x00000007aaa80000,0x00000007aaa80000,0x00000007ca700000)
  from space 166400K, 99% used [0x00000007ca700000,0x00000007d497db48,0x00000007d4980000)
  to   space 205824K, 0% used [0x00000007ded00000,0x00000007ded00000,0x00000007eb600000)
 ParOldGen       total 460288K, used 318284K [0x0000000700000000, 0x000000071c180000, 0x00000007aaa80000)
  object space 460288K, 69% used [0x0000000700000000,0x00000007136d31e8,0x000000071c180000)
 PSPermGen       total 21504K, used 6310K [0x00000006f5a00000, 0x00000006f6f00000, 0x0000000700000000)
  object space 21504K, 29% used [0x00000006f5a00000,0x00000006f6029a48,0x00000006f6f00000)
}
Event: 17.788 GC heap before
{Heap before GC invocations=17 (full 3):
 PSYoungGen      total 687104K, used 687094K [0x00000007aaa80000, 0x00000007eb600000, 0x0000000800000000)
  eden space 520704K, 100% used [0x00000007aaa80000,0x00000007ca700000,0x00000007ca700000)
  from space 166400K, 99% used [0x00000007ca700000,0x00000007d497db48,0x00000007d4980000)
  to   space 205824K, 0% used [0x00000007ded00000,0x00000007ded00000,0x00000007eb600000)
 ParOldGen       total 460288K, used 318284K [0x0000000700000000, 0x000000071c180000, 0x00000007aaa80000)
  object space 460288K, 69% used [0x0000000700000000,0x00000007136d31e8,0x000000071c180000)
 PSPermGen       total 21504K, used 6312K [0x00000006f5a00000, 0x00000006f6f00000, 0x0000000700000000)
  object space 21504K, 29% used [0x00000006f5a00000,0x00000006f602a220,0x00000006f6f00000)

