# JRE version: OpenJDK Runtime Environment (7.0_79-b14) (build 1.7.0_79-b14)
# Java VM: OpenJDK 64-Bit Server VM (24.79-b02 mixed mode linux-amd64 compressed oops)
Heap
 PSYoungGen      total 719360K, used 90066K [0x00000007aaa80000, 0x00000007ed880000, 0x0000000800000000)
  eden space 546304K, 0% used [0x00000007aaa80000,0x00000007aaa80000,0x00000007cc000000)
  from space 173056K, 52% used [0x00000007cc000000,0x00000007d17f4aa0,0x00000007d6900000)
  to   space 201216K, 0% used [0x00000007e1400000,0x00000007e1400000,0x00000007ed880000)
 ParOldGen       total 294400K, used 293900K [0x0000000700000000, 0x0000000711f80000, 0x00000007aaa80000)
  object space 294400K, 99% used [0x0000000700000000,0x0000000711f03330,0x0000000711f80000)
 PSPermGen       total 21504K, used 6234K [0x00000006f5a00000, 0x00000006f6f00000, 0x0000000700000000)
  object space 21504K, 28% used [0x00000006f5a00000,0x00000006f60169f8,0x00000006f6f00000)
GC Heap History (10 events):
Event: 12.576 GC heap after
Heap after GC invocations=11 (full 2):
 PSYoungGen      total 539136K, used 59908K [0x00000007aaa80000, 0x00000007d5c80000, 0x0000000800000000)
  eden space 471040K, 0% used [0x00000007aaa80000,0x00000007aaa80000,0x00000007c7680000)
  from space 68096K, 87% used [0x00000007c7680000,0x00000007cb101070,0x00000007cb900000)
  to   space 107520K, 0% used [0x00000007cf380000,0x00000007cf380000,0x00000007d5c80000)
 ParOldGen       total 294400K, used 163673K [0x0000000700000000, 0x0000000711f80000, 0x00000007aaa80000)
  object space 294400K, 55% used [0x0000000700000000,0x0000000709fd6560,0x0000000711f80000)
 PSPermGen       total 21504K, used 6195K [0x00000006f5a00000, 0x00000006f6f00000, 0x0000000700000000)
  object space 21504K, 28% used [0x00000006f5a00000,0x00000006f600cff0,0x00000006f6f00000)
}
Event: 14.334 GC heap before
{Heap before GC invocations=12 (full 2):
 PSYoungGen      total 539136K, used 530948K [0x00000007aaa80000, 0x00000007d5c80000, 0x0000000800000000)
  eden space 471040K, 100% used [0x00000007aaa80000,0x00000007c7680000,0x00000007c7680000)
  from space 68096K, 87% used [0x00000007c7680000,0x00000007cb101070,0x00000007cb900000)
  to   space 107520K, 0% used [0x00000007cf380000,0x00000007cf380000,0x00000007d5c80000)
 ParOldGen       total 294400K, used 163673K [0x0000000700000000, 0x0000000711f80000, 0x00000007aaa80000)
  object space 294400K, 55% used [0x0000000700000000,0x0000000709fd6560,0x0000000711f80000)
 PSPermGen       total 21504K, used 6204K [0x00000006f5a00000, 0x00000006f6f00000, 0x0000000700000000)
  object space 21504K, 28% used [0x00000006f5a00000,0x00000006f600f0e0,0x00000006f6f00000)
Event: 14.492 GC heap after
Heap after GC invocations=12 (full 2):
 PSYoungGen      total 580608K, used 107015K [0x00000007aaa80000, 0x00000007dce80000, 0x0000000800000000)
  eden space 473088K, 0% used [0x00000007aaa80000,0x00000007aaa80000,0x00000007c7880000)
  from space 107520K, 99% used [0x00000007cf380000,0x00000007d5c01dd8,0x00000007d5c80000)
  to   space 125952K, 0% used [0x00000007c7880000,0x00000007c7880000,0x00000007cf380000)
 ParOldGen       total 294400K, used 188044K [0x0000000700000000, 0x0000000711f80000, 0x00000007aaa80000)
  object space 294400K, 63% used [0x0000000700000000,0x000000070b7a33b8,0x0000000711f80000)
 PSPermGen       total 21504K, used 6204K [0x00000006f5a00000, 0x00000006f6f00000, 0x0000000700000000)
  object space 21504K, 28% used [0x00000006f5a00000,0x00000006f600f0e0,0x00000006f6f00000)
}
Event: 15.905 GC heap before
{Heap before GC invocations=13 (full 2):
 PSYoungGen      total 580608K, used 580103K [0x00000007aaa80000, 0x00000007dce80000, 0x0000000800000000)
  eden space 473088K, 100% used [0x00000007aaa80000,0x00000007c7880000,0x00000007c7880000)
  from space 107520K, 99% used [0x00000007cf380000,0x00000007d5c01dd8,0x00000007d5c80000)
  to   space 125952K, 0% used [0x00000007c7880000,0x00000007c7880000,0x00000007cf380000)
 ParOldGen       total 294400K, used 188044K [0x0000000700000000, 0x0000000711f80000, 0x00000007aaa80000)
  object space 294400K, 63% used [0x0000000700000000,0x000000070b7a33b8,0x0000000711f80000)
 PSPermGen       total 21504K, used 6205K [0x00000006f5a00000, 0x00000006f6f00000, 0x0000000700000000)
  object space 21504K, 28% used [0x00000006f5a00000,0x00000006f600f740,0x00000006f6f00000)
Event: 16.035 GC heap after
Heap after GC invocations=13 (full 2):
 PSYoungGen      total 599040K, used 124087K [0x00000007aaa80000, 0x00000007df800000, 0x0000000800000000)
  eden space 473088K, 0% used [0x00000007aaa80000,0x00000007aaa80000,0x00000007c7880000)
  from space 125952K, 98% used [0x00000007c7880000,0x00000007cf1adff0,0x00000007cf380000)
  to   space 146432K, 0% used [0x00000007d6900000,0x00000007d6900000,0x00000007df800000)
 ParOldGen       total 294400K, used 188044K [0x0000000700000000, 0x0000000711f80000, 0x00000007aaa80000)
  object space 294400K, 63% used [0x0000000700000000,0x000000070b7a33b8,0x0000000711f80000)
 PSPermGen       total 21504K, used 6205K [0x00000006f5a00000, 0x00000006f6f00000, 0x0000000700000000)
  object space 21504K, 28% used [0x00000006f5a00000,0x00000006f600f740,0x00000006f6f00000)
}
Event: 17.277 GC heap before
{Heap before GC invocations=14 (full 2):
 PSYoungGen      total 599040K, used 597175K [0x00000007aaa80000, 0x00000007df800000, 0x0000000800000000)
  eden space 473088K, 100% used [0x00000007aaa80000,0x00000007c7880000,0x00000007c7880000)
  from space 125952K, 98% used [0x00000007c7880000,0x00000007cf1adff0,0x00000007cf380000)
  to   space 146432K, 0% used [0x00000007d6900000,0x00000007d6900000,0x00000007df800000)
 ParOldGen       total 294400K, used 188044K [0x0000000700000000, 0x0000000711f80000, 0x00000007aaa80000)
  object space 294400K, 63% used [0x0000000700000000,0x000000070b7a33b8,0x0000000711f80000)
 PSPermGen       total 21504K, used 6214K [0x00000006f5a00000, 0x00000006f6f00000, 0x0000000700000000)
  object space 21504K, 28% used [0x00000006f5a00000,0x00000006f6011a48,0x00000006f6f00000)
Event: 17.501 GC heap after
Heap after GC invocations=14 (full 2):
 PSYoungGen      total 692736K, used 146424K [0x00000007aaa80000, 0x00000007e3680000, 0x0000000800000000)
  eden space 546304K, 0% used [0x00000007aaa80000,0x00000007aaa80000,0x00000007cc000000)
  from space 146432K, 99% used [0x00000007d6900000,0x00000007df7fe298,0x00000007df800000)
  to   space 173056K, 0% used [0x00000007cc000000,0x00000007cc000000,0x00000007d6900000)
 ParOldGen       total 294400K, used 193073K [0x0000000700000000, 0x0000000711f80000, 0x00000007aaa80000)
  object space 294400K, 65% used [0x0000000700000000,0x000000070bc8c5a8,0x0000000711f80000)
 PSPermGen       total 21504K, used 6214K [0x00000006f5a00000, 0x00000006f6f00000, 0x0000000700000000)
  object space 21504K, 28% used [0x00000006f5a00000,0x00000006f6011a48,0x00000006f6f00000)
}
Event: 18.987 GC heap before
{Heap before GC invocations=15 (full 2):
 PSYoungGen      total 692736K, used 692728K [0x00000007aaa80000, 0x00000007e3680000, 0x0000000800000000)
  eden space 546304K, 100% used [0x00000007aaa80000,0x00000007cc000000,0x00000007cc000000)
  from space 146432K, 99% used [0x00000007d6900000,0x00000007df7fe298,0x00000007df800000)
  to   space 173056K, 0% used [0x00000007cc000000,0x00000007cc000000,0x00000007d6900000)
 ParOldGen       total 294400K, used 193073K [0x0000000700000000, 0x0000000711f80000, 0x00000007aaa80000)
  object space 294400K, 65% used [0x0000000700000000,0x000000070bc8c5a8,0x0000000711f80000)
 PSPermGen       total 21504K, used 6234K [0x00000006f5a00000, 0x00000006f6f00000, 0x0000000700000000)
  object space 21504K, 28% used [0x00000006f5a00000,0x00000006f6016b58,0x00000006f6f00000)
Event: 19.413 GC heap after
Heap after GC invocations=15 (full 2):
 PSYoungGen      total 719360K, used 169306K [0x00000007aaa80000, 0x00000007ed880000, 0x0000000800000000)
  eden space 546304K, 0% used [0x00000007aaa80000,0x00000007aaa80000,0x00000007cc000000)
  from space 173056K, 97% used [0x00000007cc000000,0x00000007d6556bc8,0x00000007d6900000)
  to   space 201216K, 0% used [0x00000007e1400000,0x00000007e1400000,0x00000007ed880000)
 ParOldGen       total 294400K, used 258219K [0x0000000700000000, 0x0000000711f80000, 0x00000007aaa80000)
  object space 294400K, 87% used [0x0000000700000000,0x000000070fc2afa0,0x0000000711f80000)
 PSPermGen       total 21504K, used 6234K [0x00000006f5a00000, 0x00000006f6f00000, 0x0000000700000000)
  object space 21504K, 28% used [0x00000006f5a00000,0x00000006f6016b58,0x00000006f6f00000)
}
Event: 19.413 GC heap before
{Heap before GC invocations=16 (full 3):
 PSYoungGen      total 719360K, used 169306K [0x00000007aaa80000, 0x00000007ed880000, 0x0000000800000000)
  eden space 546304K, 0% used [0x00000007aaa80000,0x00000007aaa80000,0x00000007cc000000)
  from space 173056K, 97% used [0x00000007cc000000,0x00000007d6556bc8,0x00000007d6900000)
  to   space 201216K, 0% used [0x00000007e1400000,0x00000007e1400000,0x00000007ed880000)
 ParOldGen       total 294400K, used 258219K [0x0000000700000000, 0x0000000711f80000, 0x00000007aaa80000)
  object space 294400K, 87% used [0x0000000700000000,0x000000070fc2afa0,0x0000000711f80000)
 PSPermGen       total 21504K, used 6234K [0x00000006f5a00000, 0x00000006f6f00000, 0x0000000700000000)
  object space 21504K, 28% used [0x00000006f5a00000,0x00000006f6016b58,0x00000006f6f00000)

