# JRE version: OpenJDK Runtime Environment (7.0_79-b14) (build 1.7.0_79-b14)
# Java VM: OpenJDK 64-Bit Server VM (24.79-b02 mixed mode linux-amd64 compressed oops)
Heap
 PSYoungGen      total 754688K, used 63514K [0x00000007aaa80000, 0x00000007e2280000, 0x0000000800000000)
  eden space 609792K, 0% used [0x00000007aaa80000,0x00000007aaa80000,0x00000007cfe00000)
  from space 144896K, 43% used [0x00000007d8b00000,0x00000007dc906950,0x00000007e1880000)
  to   space 144384K, 0% used [0x00000007cfe00000,0x00000007cfe00000,0x00000007d8b00000)
 ParOldGen       total 472064K, used 471574K [0x0000000700000000, 0x000000071cd00000, 0x00000007aaa80000)
  object space 472064K, 99% used [0x0000000700000000,0x000000071cc859d0,0x000000071cd00000)
 PSPermGen       total 21504K, used 6315K [0x00000006f5a00000, 0x00000006f6f00000, 0x0000000700000000)
  object space 21504K, 29% used [0x00000006f5a00000,0x00000006f602afb0,0x00000006f6f00000)
GC Heap History (10 events):
Event: 13.314 GC heap after
Heap after GC invocations=15 (full 2):
 PSYoungGen      total 493056K, used 76266K [0x00000007aaa80000, 0x00000007d7280000, 0x0000000800000000)
  eden space 416768K, 0% used [0x00000007aaa80000,0x00000007aaa80000,0x00000007c4180000)
  from space 76288K, 99% used [0x00000007c4180000,0x00000007c8bfa818,0x00000007c8c00000)
  to   space 107520K, 0% used [0x00000007d0980000,0x00000007d0980000,0x00000007d7280000)
 ParOldGen       total 268288K, used 246984K [0x0000000700000000, 0x0000000710600000, 0x00000007aaa80000)
  object space 268288K, 92% used [0x0000000700000000,0x000000070f132000,0x0000000710600000)
 PSPermGen       total 21504K, used 6262K [0x00000006f5a00000, 0x00000006f6f00000, 0x0000000700000000)
  object space 21504K, 29% used [0x00000006f5a00000,0x00000006f601db70,0x00000006f6f00000)
}
Event: 13.314 GC heap before
{Heap before GC invocations=16 (full 3):
 PSYoungGen      total 493056K, used 76266K [0x00000007aaa80000, 0x00000007d7280000, 0x0000000800000000)
  eden space 416768K, 0% used [0x00000007aaa80000,0x00000007aaa80000,0x00000007c4180000)
  from space 76288K, 99% used [0x00000007c4180000,0x00000007c8bfa818,0x00000007c8c00000)
  to   space 107520K, 0% used [0x00000007d0980000,0x00000007d0980000,0x00000007d7280000)
 ParOldGen       total 268288K, used 246984K [0x0000000700000000, 0x0000000710600000, 0x00000007aaa80000)
  object space 268288K, 92% used [0x0000000700000000,0x000000070f132000,0x0000000710600000)
 PSPermGen       total 21504K, used 6262K [0x00000006f5a00000, 0x00000006f6f00000, 0x0000000700000000)
  object space 21504K, 29% used [0x00000006f5a00000,0x00000006f601db70,0x00000006f6f00000)
Event: 14.366 GC heap after
Heap after GC invocations=16 (full 3):
 PSYoungGen      total 493056K, used 52584K [0x00000007aaa80000, 0x00000007d7280000, 0x0000000800000000)
  eden space 416768K, 0% used [0x00000007aaa80000,0x00000007aaa80000,0x00000007c4180000)
  from space 76288K, 68% used [0x00000007c4180000,0x00000007c74da038,0x00000007c8c00000)
  to   space 107520K, 0% used [0x00000007d0980000,0x00000007d0980000,0x00000007d7280000)
 ParOldGen       total 432128K, used 268012K [0x0000000700000000, 0x000000071a600000, 0x00000007aaa80000)
  object space 432128K, 62% used [0x0000000700000000,0x00000007105bb270,0x000000071a600000)
 PSPermGen       total 21504K, used 6262K [0x00000006f5a00000, 0x00000006f6f00000, 0x0000000700000000)
  object space 21504K, 29% used [0x00000006f5a00000,0x00000006f601dab0,0x00000006f6f00000)
}
Event: 15.089 GC heap before
{Heap before GC invocations=17 (full 3):
 PSYoungGen      total 493056K, used 469352K [0x00000007aaa80000, 0x00000007d7280000, 0x0000000800000000)
  eden space 416768K, 100% used [0x00000007aaa80000,0x00000007c4180000,0x00000007c4180000)
  from space 76288K, 68% used [0x00000007c4180000,0x00000007c74da038,0x00000007c8c00000)
  to   space 107520K, 0% used [0x00000007d0980000,0x00000007d0980000,0x00000007d7280000)
 ParOldGen       total 432128K, used 268012K [0x0000000700000000, 0x000000071a600000, 0x00000007aaa80000)
  object space 432128K, 62% used [0x0000000700000000,0x00000007105bb270,0x000000071a600000)
 PSPermGen       total 21504K, used 6303K [0x00000006f5a00000, 0x00000006f6f00000, 0x0000000700000000)
  object space 21504K, 29% used [0x00000006f5a00000,0x00000006f6027f90,0x00000006f6f00000)
Event: 15.301 GC heap after
Heap after GC invocations=17 (full 3):
 PSYoungGen      total 603136K, used 72644K [0x00000007aaa80000, 0x00000007d6e00000, 0x0000000800000000)
  eden space 500224K, 0% used [0x00000007aaa80000,0x00000007aaa80000,0x00000007c9300000)
  from space 102912K, 70% used [0x00000007d0980000,0x00000007d50713a8,0x00000007d6e00000)
  to   space 112128K, 0% used [0x00000007c9300000,0x00000007c9300000,0x00000007d0080000)
 ParOldGen       total 432128K, used 321058K [0x0000000700000000, 0x000000071a600000, 0x00000007aaa80000)
  object space 432128K, 74% used [0x0000000700000000,0x0000000713988988,0x000000071a600000)
 PSPermGen       total 21504K, used 6303K [0x00000006f5a00000, 0x00000006f6f00000, 0x0000000700000000)
  object space 21504K, 29% used [0x00000006f5a00000,0x00000006f6027f90,0x00000006f6f00000)
}
Event: 16.210 GC heap before
{Heap before GC invocations=18 (full 3):
 PSYoungGen      total 603136K, used 572868K [0x00000007aaa80000, 0x00000007d6e00000, 0x0000000800000000)
  eden space 500224K, 100% used [0x00000007aaa80000,0x00000007c9300000,0x00000007c9300000)
  from space 102912K, 70% used [0x00000007d0980000,0x00000007d50713a8,0x00000007d6e00000)
  to   space 112128K, 0% used [0x00000007c9300000,0x00000007c9300000,0x00000007d0080000)
 ParOldGen       total 432128K, used 321058K [0x0000000700000000, 0x000000071a600000, 0x00000007aaa80000)
  object space 432128K, 74% used [0x0000000700000000,0x0000000713988988,0x000000071a600000)
 PSPermGen       total 21504K, used 6312K [0x00000006f5a00000, 0x00000006f6f00000, 0x0000000700000000)
  object space 21504K, 29% used [0x00000006f5a00000,0x00000006f602a118,0x00000006f6f00000)
Event: 16.390 GC heap after
Heap after GC invocations=18 (full 3):
 PSYoungGen      total 612352K, used 112108K [0x00000007aaa80000, 0x00000007e1880000, 0x0000000800000000)
  eden space 500224K, 0% used [0x00000007aaa80000,0x00000007aaa80000,0x00000007c9300000)
  from space 112128K, 99% used [0x00000007c9300000,0x00000007d007b150,0x00000007d0080000)
  to   space 144896K, 0% used [0x00000007d8b00000,0x00000007d8b00000,0x00000007e1880000)
 ParOldGen       total 432128K, used 358894K [0x0000000700000000, 0x000000071a600000, 0x00000007aaa80000)
  object space 432128K, 83% used [0x0000000700000000,0x0000000715e7bbe0,0x000000071a600000)
 PSPermGen       total 21504K, used 6312K [0x00000006f5a00000, 0x00000006f6f00000, 0x0000000700000000)
  object space 21504K, 29% used [0x00000006f5a00000,0x00000006f602a118,0x00000006f6f00000)
}
Event: 17.531 GC heap before
{Heap before GC invocations=19 (full 3):
 PSYoungGen      total 612352K, used 612332K [0x00000007aaa80000, 0x00000007e1880000, 0x0000000800000000)
  eden space 500224K, 100% used [0x00000007aaa80000,0x00000007c9300000,0x00000007c9300000)
  from space 112128K, 99% used [0x00000007c9300000,0x00000007d007b150,0x00000007d0080000)
  to   space 144896K, 0% used [0x00000007d8b00000,0x00000007d8b00000,0x00000007e1880000)
 ParOldGen       total 432128K, used 358894K [0x0000000700000000, 0x000000071a600000, 0x00000007aaa80000)
  object space 432128K, 83% used [0x0000000700000000,0x0000000715e7bbe0,0x000000071a600000)
 PSPermGen       total 21504K, used 6316K [0x00000006f5a00000, 0x00000006f6f00000, 0x0000000700000000)
  object space 21504K, 29% used [0x00000006f5a00000,0x00000006f602b030,0x00000006f6f00000)
Event: 17.827 GC heap after
Heap after GC invocations=19 (full 3):
 PSYoungGen      total 754688K, used 78257K [0x00000007aaa80000, 0x00000007e2280000, 0x0000000800000000)
  eden space 609792K, 0% used [0x00000007aaa80000,0x00000007aaa80000,0x00000007cfe00000)
  from space 144896K, 54% used [0x00000007d8b00000,0x00000007dd76c4c0,0x00000007e1880000)
  to   space 144384K, 0% used [0x00000007cfe00000,0x00000007cfe00000,0x00000007d8b00000)
 ParOldGen       total 472064K, used 471729K [0x0000000700000000, 0x000000071cd00000, 0x00000007aaa80000)
  object space 472064K, 99% used [0x0000000700000000,0x000000071ccac620,0x000000071cd00000)
 PSPermGen       total 21504K, used 6316K [0x00000006f5a00000, 0x00000006f6f00000, 0x0000000700000000)
  object space 21504K, 29% used [0x00000006f5a00000,0x00000006f602b030,0x00000006f6f00000)
}
Event: 17.827 GC heap before
{Heap before GC invocations=20 (full 4):
 PSYoungGen      total 754688K, used 78257K [0x00000007aaa80000, 0x00000007e2280000, 0x0000000800000000)
  eden space 609792K, 0% used [0x00000007aaa80000,0x00000007aaa80000,0x00000007cfe00000)
  from space 144896K, 54% used [0x00000007d8b00000,0x00000007dd76c4c0,0x00000007e1880000)
  to   space 144384K, 0% used [0x00000007cfe00000,0x00000007cfe00000,0x00000007d8b00000)
 ParOldGen       total 472064K, used 471729K [0x0000000700000000, 0x000000071cd00000, 0x00000007aaa80000)
  object space 472064K, 99% used [0x0000000700000000,0x000000071ccac620,0x000000071cd00000)
 PSPermGen       total 21504K, used 6316K [0x00000006f5a00000, 0x00000006f6f00000, 0x0000000700000000)
  object space 21504K, 29% used [0x00000006f5a00000,0x00000006f602b030,0x00000006f6f00000)

