# JRE version: OpenJDK Runtime Environment (7.0_79-b14) (build 1.7.0_79-b14)
# Java VM: OpenJDK 64-Bit Server VM (24.79-b02 mixed mode linux-amd64 compressed oops)
Heap
 PSYoungGen      total 968704K, used 133519K [0x00000007aaa80000, 0x00000007f7000000, 0x0000000800000000)
  eden space 754176K, 0% used [0x00000007aaa80000,0x00000007aaa80000,0x00000007d8b00000)
  from space 214528K, 62% used [0x00000007e6880000,0x00000007eeae3eb8,0x00000007f3a00000)
  to   space 226816K, 0% used [0x00000007d8b00000,0x00000007d8b00000,0x00000007e6880000)
 ParOldGen       total 474624K, used 474256K [0x0000000700000000, 0x000000071cf80000, 0x00000007aaa80000)
  object space 474624K, 99% used [0x0000000700000000,0x000000071cf24070,0x000000071cf80000)
 PSPermGen       total 21504K, used 6292K [0x00000006f5a00000, 0x00000006f6f00000, 0x0000000700000000)
  object space 21504K, 29% used [0x00000006f5a00000,0x00000006f60253e0,0x00000006f6f00000)
GC Heap History (10 events):
Event: 14.425 GC heap after
Heap after GC invocations=15 (full 3):
 PSYoungGen      total 656896K, used 0K [0x00000007aaa80000, 0x00000007dad80000, 0x0000000800000000)
  eden space 529408K, 0% used [0x00000007aaa80000,0x00000007aaa80000,0x00000007caf80000)
  from space 127488K, 0% used [0x00000007d3100000,0x00000007d3100000,0x00000007dad80000)
  to   space 130048K, 0% used [0x00000007caf80000,0x00000007caf80000,0x00000007d2e80000)
 ParOldGen       total 457216K, used 276724K [0x0000000700000000, 0x000000071be80000, 0x00000007aaa80000)
  object space 457216K, 60% used [0x0000000700000000,0x0000000710e3d048,0x000000071be80000)
 PSPermGen       total 21504K, used 6203K [0x00000006f5a00000, 0x00000006f6f00000, 0x0000000700000000)
  object space 21504K, 28% used [0x00000006f5a00000,0x00000006f600ee78,0x00000006f6f00000)
}
Event: 15.632 GC heap before
{Heap before GC invocations=16 (full 3):
 PSYoungGen      total 656896K, used 529408K [0x00000007aaa80000, 0x00000007dad80000, 0x0000000800000000)
  eden space 529408K, 100% used [0x00000007aaa80000,0x00000007caf80000,0x00000007caf80000)
  from space 127488K, 0% used [0x00000007d3100000,0x00000007d3100000,0x00000007dad80000)
  to   space 130048K, 0% used [0x00000007caf80000,0x00000007caf80000,0x00000007d2e80000)
 ParOldGen       total 457216K, used 276724K [0x0000000700000000, 0x000000071be80000, 0x00000007aaa80000)
  object space 457216K, 60% used [0x0000000700000000,0x0000000710e3d048,0x000000071be80000)
 PSPermGen       total 21504K, used 6226K [0x00000006f5a00000, 0x00000006f6f00000, 0x0000000700000000)
  object space 21504K, 28% used [0x00000006f5a00000,0x00000006f6014b20,0x00000006f6f00000)
Event: 15.729 GC heap after
Heap after GC invocations=16 (full 3):
 PSYoungGen      total 659456K, used 85884K [0x00000007aaa80000, 0x00000007e1c80000, 0x0000000800000000)
  eden space 529408K, 0% used [0x00000007aaa80000,0x00000007aaa80000,0x00000007caf80000)
  from space 130048K, 66% used [0x00000007caf80000,0x00000007d035f0e8,0x00000007d2e80000)
  to   space 134656K, 0% used [0x00000007d9900000,0x00000007d9900000,0x00000007e1c80000)
 ParOldGen       total 457216K, used 276724K [0x0000000700000000, 0x000000071be80000, 0x00000007aaa80000)
  object space 457216K, 60% used [0x0000000700000000,0x0000000710e3d048,0x000000071be80000)
 PSPermGen       total 21504K, used 6226K [0x00000006f5a00000, 0x00000006f6f00000, 0x0000000700000000)
  object space 21504K, 28% used [0x00000006f5a00000,0x00000006f6014b20,0x00000006f6f00000)
}
Event: 16.938 GC heap before
{Heap before GC invocations=17 (full 3):
 PSYoungGen      total 659456K, used 615292K [0x00000007aaa80000, 0x00000007e1c80000, 0x0000000800000000)
  eden space 529408K, 100% used [0x00000007aaa80000,0x00000007caf80000,0x00000007caf80000)
  from space 130048K, 66% used [0x00000007caf80000,0x00000007d035f0e8,0x00000007d2e80000)
  to   space 134656K, 0% used [0x00000007d9900000,0x00000007d9900000,0x00000007e1c80000)
 ParOldGen       total 457216K, used 276724K [0x0000000700000000, 0x000000071be80000, 0x00000007aaa80000)
  object space 457216K, 60% used [0x0000000700000000,0x0000000710e3d048,0x000000071be80000)
 PSPermGen       total 21504K, used 6278K [0x00000006f5a00000, 0x00000006f6f00000, 0x0000000700000000)
  object space 21504K, 29% used [0x00000006f5a00000,0x00000006f60218b0,0x00000006f6f00000)
Event: 17.392 GC heap after
Heap after GC invocations=17 (full 3):
 PSYoungGen      total 735232K, used 134639K [0x00000007aaa80000, 0x00000007e7d80000, 0x0000000800000000)
  eden space 600576K, 0% used [0x00000007aaa80000,0x00000007aaa80000,0x00000007cf500000)
  from space 134656K, 99% used [0x00000007d9900000,0x00000007e1c7bf88,0x00000007e1c80000)
  to   space 167936K, 0% used [0x00000007cf500000,0x00000007cf500000,0x00000007d9900000)
 ParOldGen       total 457216K, used 308998K [0x0000000700000000, 0x000000071be80000, 0x00000007aaa80000)
  object space 457216K, 67% used [0x0000000700000000,0x0000000712dc19e0,0x000000071be80000)
 PSPermGen       total 21504K, used 6278K [0x00000006f5a00000, 0x00000006f6f00000, 0x0000000700000000)
  object space 21504K, 29% used [0x00000006f5a00000,0x00000006f60218b0,0x00000006f6f00000)
}
Event: 18.592 GC heap before
{Heap before GC invocations=18 (full 3):
 PSYoungGen      total 735232K, used 735215K [0x00000007aaa80000, 0x00000007e7d80000, 0x0000000800000000)
  eden space 600576K, 100% used [0x00000007aaa80000,0x00000007cf500000,0x00000007cf500000)
  from space 134656K, 99% used [0x00000007d9900000,0x00000007e1c7bf88,0x00000007e1c80000)
  to   space 167936K, 0% used [0x00000007cf500000,0x00000007cf500000,0x00000007d9900000)
 ParOldGen       total 457216K, used 308998K [0x0000000700000000, 0x000000071be80000, 0x00000007aaa80000)
  object space 457216K, 67% used [0x0000000700000000,0x0000000712dc19e0,0x000000071be80000)
 PSPermGen       total 21504K, used 6286K [0x00000006f5a00000, 0x00000006f6f00000, 0x0000000700000000)
  object space 21504K, 29% used [0x00000006f5a00000,0x00000006f6023910,0x00000006f6f00000)
Event: 18.891 GC heap after
Heap after GC invocations=18 (full 3):
 PSYoungGen      total 768512K, used 167918K [0x00000007aaa80000, 0x00000007f3a00000, 0x0000000800000000)
  eden space 600576K, 0% used [0x00000007aaa80000,0x00000007aaa80000,0x00000007cf500000)
  from space 167936K, 99% used [0x00000007cf500000,0x00000007d98fb950,0x00000007d9900000)
  to   space 214528K, 0% used [0x00000007e6880000,0x00000007e6880000,0x00000007f3a00000)
 ParOldGen       total 457216K, used 360664K [0x0000000700000000, 0x000000071be80000, 0x00000007aaa80000)
  object space 457216K, 78% used [0x0000000700000000,0x0000000716036320,0x000000071be80000)
 PSPermGen       total 21504K, used 6286K [0x00000006f5a00000, 0x00000006f6f00000, 0x0000000700000000)
  object space 21504K, 29% used [0x00000006f5a00000,0x00000006f6023910,0x00000006f6f00000)
}
Event: 20.222 GC heap before
{Heap before GC invocations=19 (full 3):
 PSYoungGen      total 768512K, used 768494K [0x00000007aaa80000, 0x00000007f3a00000, 0x0000000800000000)
  eden space 600576K, 100% used [0x00000007aaa80000,0x00000007cf500000,0x00000007cf500000)
  from space 167936K, 99% used [0x00000007cf500000,0x00000007d98fb950,0x00000007d9900000)
  to   space 214528K, 0% used [0x00000007e6880000,0x00000007e6880000,0x00000007f3a00000)
 ParOldGen       total 457216K, used 360664K [0x0000000700000000, 0x000000071be80000, 0x00000007aaa80000)
  object space 457216K, 78% used [0x0000000700000000,0x0000000716036320,0x000000071be80000)
 PSPermGen       total 21504K, used 6293K [0x00000006f5a00000, 0x00000006f6f00000, 0x0000000700000000)
  object space 21504K, 29% used [0x00000006f5a00000,0x00000006f60254c0,0x00000006f6f00000)
Event: 21.172 GC heap after
Heap after GC invocations=19 (full 3):
 PSYoungGen      total 968704K, used 151194K [0x00000007aaa80000, 0x00000007f7000000, 0x0000000800000000)
  eden space 754176K, 0% used [0x00000007aaa80000,0x00000007aaa80000,0x00000007d8b00000)
  from space 214528K, 70% used [0x00000007e6880000,0x00000007efc26918,0x00000007f3a00000)
  to   space 226816K, 0% used [0x00000007d8b00000,0x00000007d8b00000,0x00000007e6880000)
 ParOldGen       total 474624K, used 473092K [0x0000000700000000, 0x000000071cf80000, 0x00000007aaa80000)
  object space 474624K, 99% used [0x0000000700000000,0x000000071ce01380,0x000000071cf80000)
 PSPermGen       total 21504K, used 6293K [0x00000006f5a00000, 0x00000006f6f00000, 0x0000000700000000)
  object space 21504K, 29% used [0x00000006f5a00000,0x00000006f60254c0,0x00000006f6f00000)
}
Event: 21.275 GC heap before
{Heap before GC invocations=20 (full 4):
 PSYoungGen      total 968704K, used 151194K [0x00000007aaa80000, 0x00000007f7000000, 0x0000000800000000)
  eden space 754176K, 0% used [0x00000007aaa80000,0x00000007aaa80000,0x00000007d8b00000)
  from space 214528K, 70% used [0x00000007e6880000,0x00000007efc26918,0x00000007f3a00000)
  to   space 226816K, 0% used [0x00000007d8b00000,0x00000007d8b00000,0x00000007e6880000)
 ParOldGen       total 474624K, used 473092K [0x0000000700000000, 0x000000071cf80000, 0x00000007aaa80000)
  object space 474624K, 99% used [0x0000000700000000,0x000000071ce01380,0x000000071cf80000)
 PSPermGen       total 21504K, used 6293K [0x00000006f5a00000, 0x00000006f6f00000, 0x0000000700000000)
  object space 21504K, 29% used [0x00000006f5a00000,0x00000006f60254c0,0x00000006f6f00000)

