# JRE version: OpenJDK Runtime Environment (7.0_79-b14) (build 1.7.0_79-b14)
# Java VM: OpenJDK 64-Bit Server VM (24.79-b02 mixed mode linux-amd64 compressed oops)
Heap
 PSYoungGen      total 832512K, used 229882K [0x00000007aaa80000, 0x00000007f1600000, 0x0000000800000000)
  eden space 602624K, 0% used [0x00000007aaa80000,0x00000007aaa80000,0x00000007cf700000)
  from space 229888K, 99% used [0x00000007e3580000,0x00000007f15feb30,0x00000007f1600000)
  to   space 211968K, 0% used [0x00000007cf700000,0x00000007cf700000,0x00000007dc600000)
 ParOldGen       total 701952K, used 492760K [0x0000000700000000, 0x000000072ad80000, 0x00000007aaa80000)
  object space 701952K, 70% used [0x0000000700000000,0x000000071e136058,0x000000072ad80000)
 PSPermGen       total 21504K, used 6389K [0x00000006f5a00000, 0x00000006f6f00000, 0x0000000700000000)
  object space 21504K, 29% used [0x00000006f5a00000,0x00000006f603d400,0x00000006f6f00000)
GC Heap History (10 events):
Event: 17.306 GC heap after
Heap after GC invocations=19 (full 3):
 PSYoungGen      total 653824K, used 132591K [0x00000007aaa80000, 0x00000007df900000, 0x0000000800000000)
  eden space 521216K, 0% used [0x00000007aaa80000,0x00000007aaa80000,0x00000007ca780000)
  from space 132608K, 99% used [0x00000007d4000000,0x00000007dc17be40,0x00000007dc180000)
  to   space 156160K, 0% used [0x00000007ca780000,0x00000007ca780000,0x00000007d4000000)
 ParOldGen       total 463360K, used 299782K [0x0000000700000000, 0x000000071c480000, 0x00000007aaa80000)
  object space 463360K, 64% used [0x0000000700000000,0x00000007124c1898,0x000000071c480000)
 PSPermGen       total 21504K, used 6237K [0x00000006f5a00000, 0x00000006f6f00000, 0x0000000700000000)
  object space 21504K, 29% used [0x00000006f5a00000,0x00000006f6017580,0x00000006f6f00000)
}
Event: 18.374 GC heap before
{Heap before GC invocations=20 (full 3):
 PSYoungGen      total 653824K, used 653807K [0x00000007aaa80000, 0x00000007df900000, 0x0000000800000000)
  eden space 521216K, 100% used [0x00000007aaa80000,0x00000007ca780000,0x00000007ca780000)
  from space 132608K, 99% used [0x00000007d4000000,0x00000007dc17be40,0x00000007dc180000)
  to   space 156160K, 0% used [0x00000007ca780000,0x00000007ca780000,0x00000007d4000000)
 ParOldGen       total 463360K, used 299782K [0x0000000700000000, 0x000000071c480000, 0x00000007aaa80000)
  object space 463360K, 64% used [0x0000000700000000,0x00000007124c1898,0x000000071c480000)
 PSPermGen       total 21504K, used 6282K [0x00000006f5a00000, 0x00000006f6f00000, 0x0000000700000000)
  object space 21504K, 29% used [0x00000006f5a00000,0x00000006f6022800,0x00000006f6f00000)
Event: 18.616 GC heap after
Heap after GC invocations=20 (full 3):
 PSYoungGen      total 677376K, used 156137K [0x00000007aaa80000, 0x00000007e8d00000, 0x0000000800000000)
  eden space 521216K, 0% used [0x00000007aaa80000,0x00000007aaa80000,0x00000007ca780000)
  from space 156160K, 99% used [0x00000007ca780000,0x00000007d3ffa508,0x00000007d4000000)
  to   space 203776K, 0% used [0x00000007dc600000,0x00000007dc600000,0x00000007e8d00000)
 ParOldGen       total 463360K, used 359497K [0x0000000700000000, 0x000000071c480000, 0x00000007aaa80000)
  object space 463360K, 77% used [0x0000000700000000,0x0000000715f12720,0x000000071c480000)
 PSPermGen       total 21504K, used 6282K [0x00000006f5a00000, 0x00000006f6f00000, 0x0000000700000000)
  object space 21504K, 29% used [0x00000006f5a00000,0x00000006f6022800,0x00000006f6f00000)
}
Event: 19.710 GC heap before
{Heap before GC invocations=21 (full 3):
 PSYoungGen      total 677376K, used 677353K [0x00000007aaa80000, 0x00000007e8d00000, 0x0000000800000000)
  eden space 521216K, 100% used [0x00000007aaa80000,0x00000007ca780000,0x00000007ca780000)
  from space 156160K, 99% used [0x00000007ca780000,0x00000007d3ffa508,0x00000007d4000000)
  to   space 203776K, 0% used [0x00000007dc600000,0x00000007dc600000,0x00000007e8d00000)
 ParOldGen       total 463360K, used 359497K [0x0000000700000000, 0x000000071c480000, 0x00000007aaa80000)
  object space 463360K, 77% used [0x0000000700000000,0x0000000715f12720,0x000000071c480000)
 PSPermGen       total 21504K, used 6283K [0x00000006f5a00000, 0x00000006f6f00000, 0x0000000700000000)
  object space 21504K, 29% used [0x00000006f5a00000,0x00000006f6022c30,0x00000006f6f00000)
Event: 19.991 GC heap after
Heap after GC invocations=21 (full 3):
 PSYoungGen      total 806400K, used 134084K [0x00000007aaa80000, 0x00000007ea200000, 0x0000000800000000)
  eden space 602624K, 0% used [0x00000007aaa80000,0x00000007aaa80000,0x00000007cf700000)
  from space 203776K, 65% used [0x00000007dc600000,0x00000007e48f1048,0x00000007e8d00000)
  to   space 211968K, 0% used [0x00000007cf700000,0x00000007cf700000,0x00000007dc600000)
 ParOldGen       total 463360K, used 447402K [0x0000000700000000, 0x000000071c480000, 0x00000007aaa80000)
  object space 463360K, 96% used [0x0000000700000000,0x000000071b4ea8f0,0x000000071c480000)
 PSPermGen       total 21504K, used 6283K [0x00000006f5a00000, 0x00000006f6f00000, 0x0000000700000000)
  object space 21504K, 29% used [0x00000006f5a00000,0x00000006f6022c30,0x00000006f6f00000)
}
Event: 19.991 GC heap before
{Heap before GC invocations=22 (full 4):
 PSYoungGen      total 806400K, used 134084K [0x00000007aaa80000, 0x00000007ea200000, 0x0000000800000000)
  eden space 602624K, 0% used [0x00000007aaa80000,0x00000007aaa80000,0x00000007cf700000)
  from space 203776K, 65% used [0x00000007dc600000,0x00000007e48f1048,0x00000007e8d00000)
  to   space 211968K, 0% used [0x00000007cf700000,0x00000007cf700000,0x00000007dc600000)
 ParOldGen       total 463360K, used 447402K [0x0000000700000000, 0x000000071c480000, 0x00000007aaa80000)
  object space 463360K, 96% used [0x0000000700000000,0x000000071b4ea8f0,0x000000071c480000)
 PSPermGen       total 21504K, used 6283K [0x00000006f5a00000, 0x00000006f6f00000, 0x0000000700000000)
  object space 21504K, 29% used [0x00000006f5a00000,0x00000006f6022c30,0x00000006f6f00000)
Event: 21.868 GC heap after
Heap after GC invocations=22 (full 4):
 PSYoungGen      total 806400K, used 70781K [0x00000007aaa80000, 0x00000007ea200000, 0x0000000800000000)
  eden space 602624K, 0% used [0x00000007aaa80000,0x00000007aaa80000,0x00000007cf700000)
  from space 203776K, 34% used [0x00000007dc600000,0x00000007e0b1f4b0,0x00000007e8d00000)
  to   space 211968K, 0% used [0x00000007cf700000,0x00000007cf700000,0x00000007dc600000)
 ParOldGen       total 701952K, used 462955K [0x0000000700000000, 0x000000072ad80000, 0x00000007aaa80000)
  object space 701952K, 65% used [0x0000000700000000,0x000000071c41ad98,0x000000072ad80000)
 PSPermGen       total 21504K, used 6282K [0x00000006f5a00000, 0x00000006f6f00000, 0x0000000700000000)
  object space 21504K, 29% used [0x00000006f5a00000,0x00000006f6022b30,0x00000006f6f00000)
}
Event: 23.125 GC heap before
{Heap before GC invocations=23 (full 4):
 PSYoungGen      total 806400K, used 673405K [0x00000007aaa80000, 0x00000007ea200000, 0x0000000800000000)
  eden space 602624K, 100% used [0x00000007aaa80000,0x00000007cf700000,0x00000007cf700000)
  from space 203776K, 34% used [0x00000007dc600000,0x00000007e0b1f4b0,0x00000007e8d00000)
  to   space 211968K, 0% used [0x00000007cf700000,0x00000007cf700000,0x00000007dc600000)
 ParOldGen       total 701952K, used 462955K [0x0000000700000000, 0x000000072ad80000, 0x00000007aaa80000)
  object space 701952K, 65% used [0x0000000700000000,0x000000071c41ad98,0x000000072ad80000)
 PSPermGen       total 21504K, used 6290K [0x00000006f5a00000, 0x00000006f6f00000, 0x0000000700000000)
  object space 21504K, 29% used [0x00000006f5a00000,0x00000006f6024bf0,0x00000006f6f00000)
Event: 23.424 GC heap after
Heap after GC invocations=23 (full 4):
 PSYoungGen      total 814592K, used 165798K [0x00000007aaa80000, 0x00000007f1600000, 0x0000000800000000)
  eden space 602624K, 0% used [0x00000007aaa80000,0x00000007aaa80000,0x00000007cf700000)
  from space 211968K, 78% used [0x00000007cf700000,0x00000007d98e9810,0x00000007dc600000)
  to   space 229888K, 0% used [0x00000007e3580000,0x00000007e3580000,0x00000007f1600000)
 ParOldGen       total 701952K, used 462955K [0x0000000700000000, 0x000000072ad80000, 0x00000007aaa80000)
  object space 701952K, 65% used [0x0000000700000000,0x000000071c41ad98,0x000000072ad80000)
 PSPermGen       total 21504K, used 6290K [0x00000006f5a00000, 0x00000006f6f00000, 0x0000000700000000)
  object space 21504K, 29% used [0x00000006f5a00000,0x00000006f6024bf0,0x00000006f6f00000)
}
Event: 24.664 GC heap before
{Heap before GC invocations=24 (full 4):
 PSYoungGen      total 814592K, used 768422K [0x00000007aaa80000, 0x00000007f1600000, 0x0000000800000000)
  eden space 602624K, 100% used [0x00000007aaa80000,0x00000007cf700000,0x00000007cf700000)
  from space 211968K, 78% used [0x00000007cf700000,0x00000007d98e9810,0x00000007dc600000)
  to   space 229888K, 0% used [0x00000007e3580000,0x00000007e3580000,0x00000007f1600000)
 ParOldGen       total 701952K, used 462955K [0x0000000700000000, 0x000000072ad80000, 0x00000007aaa80000)
  object space 701952K, 65% used [0x0000000700000000,0x000000071c41ad98,0x000000072ad80000)
 PSPermGen       total 21504K, used 6389K [0x00000006f5a00000, 0x00000006f6f00000, 0x0000000700000000)
  object space 21504K, 29% used [0x00000006f5a00000,0x00000006f603d400,0x00000006f6f00000)

