# JRE version: OpenJDK Runtime Environment (7.0_79-b14) (build 1.7.0_79-b14)
# Java VM: OpenJDK 64-Bit Server VM (24.79-b02 mixed mode linux-amd64 compressed oops)
Heap
 PSYoungGen      total 914432K, used 108790K [0x00000007aaa80000, 0x00000007fb800000, 0x0000000800000000)
  eden space 641536K, 0% used [0x00000007aaa80000,0x00000007aaa80000,0x00000007d1d00000)
  from space 272896K, 39% used [0x00000007d1d00000,0x00000007d873da30,0x00000007e2780000)
  to   space 278016K, 0% used [0x00000007ea880000,0x00000007ea880000,0x00000007fb800000)
 ParOldGen       total 693248K, used 693227K [0x0000000700000000, 0x000000072a500000, 0x00000007aaa80000)
  object space 693248K, 99% used [0x0000000700000000,0x000000072a4fad28,0x000000072a500000)
 PSPermGen       total 21504K, used 6326K [0x00000006f5a00000, 0x00000006f6f00000, 0x0000000700000000)
  object space 21504K, 29% used [0x00000006f5a00000,0x00000006f602da70,0x00000006f6f00000)
GC Heap History (10 events):
Event: 21.384 GC heap after
Heap after GC invocations=21 (full 4):
 PSYoungGen      total 683520K, used 121842K [0x00000007aaa80000, 0x00000007e9200000, 0x0000000800000000)
  eden space 522752K, 0% used [0x00000007aaa80000,0x00000007aaa80000,0x00000007ca900000)
  from space 160768K, 75% used [0x00000007ca900000,0x00000007d1ffca60,0x00000007d4600000)
  to   space 205312K, 0% used [0x00000007dc980000,0x00000007dc980000,0x00000007e9200000)
 ParOldGen       total 693248K, used 455826K [0x0000000700000000, 0x000000072a500000, 0x00000007aaa80000)
  object space 693248K, 65% used [0x0000000700000000,0x000000071bd24800,0x000000072a500000)
 PSPermGen       total 21504K, used 6316K [0x00000006f5a00000, 0x00000006f6f00000, 0x0000000700000000)
  object space 21504K, 29% used [0x00000006f5a00000,0x00000006f602b390,0x00000006f6f00000)
}
Event: 22.481 GC heap before
{Heap before GC invocations=22 (full 4):
 PSYoungGen      total 683520K, used 644594K [0x00000007aaa80000, 0x00000007e9200000, 0x0000000800000000)
  eden space 522752K, 100% used [0x00000007aaa80000,0x00000007ca900000,0x00000007ca900000)
  from space 160768K, 75% used [0x00000007ca900000,0x00000007d1ffca60,0x00000007d4600000)
  to   space 205312K, 0% used [0x00000007dc980000,0x00000007dc980000,0x00000007e9200000)
 ParOldGen       total 693248K, used 455826K [0x0000000700000000, 0x000000072a500000, 0x00000007aaa80000)
  object space 693248K, 65% used [0x0000000700000000,0x000000071bd24800,0x000000072a500000)
 PSPermGen       total 21504K, used 6317K [0x00000006f5a00000, 0x00000006f6f00000, 0x0000000700000000)
  object space 21504K, 29% used [0x00000006f5a00000,0x00000006f602b438,0x00000006f6f00000)
Event: 22.897 GC heap after
Heap after GC invocations=22 (full 4):
 PSYoungGen      total 793600K, used 112986K [0x00000007aaa80000, 0x00000007e8700000, 0x0000000800000000)
  eden space 599552K, 0% used [0x00000007aaa80000,0x00000007aaa80000,0x00000007cf400000)
  from space 194048K, 58% used [0x00000007dc980000,0x00000007e37d6970,0x00000007e8700000)
  to   space 206336K, 0% used [0x00000007cf400000,0x00000007cf400000,0x00000007dbd80000)
 ParOldGen       total 693248K, used 534028K [0x0000000700000000, 0x000000072a500000, 0x00000007aaa80000)
  object space 693248K, 77% used [0x0000000700000000,0x0000000720983038,0x000000072a500000)
 PSPermGen       total 21504K, used 6317K [0x00000006f5a00000, 0x00000006f6f00000, 0x0000000700000000)
  object space 21504K, 29% used [0x00000006f5a00000,0x00000006f602b438,0x00000006f6f00000)
}
Event: 24.530 GC heap before
{Heap before GC invocations=23 (full 4):
 PSYoungGen      total 793600K, used 712538K [0x00000007aaa80000, 0x00000007e8700000, 0x0000000800000000)
  eden space 599552K, 100% used [0x00000007aaa80000,0x00000007cf400000,0x00000007cf400000)
  from space 194048K, 58% used [0x00000007dc980000,0x00000007e37d6970,0x00000007e8700000)
  to   space 206336K, 0% used [0x00000007cf400000,0x00000007cf400000,0x00000007dbd80000)
 ParOldGen       total 693248K, used 534028K [0x0000000700000000, 0x000000072a500000, 0x00000007aaa80000)
  object space 693248K, 77% used [0x0000000700000000,0x0000000720983038,0x000000072a500000)
 PSPermGen       total 21504K, used 6321K [0x00000006f5a00000, 0x00000006f6f00000, 0x0000000700000000)
  object space 21504K, 29% used [0x00000006f5a00000,0x00000006f602c5c8,0x00000006f6f00000)
Event: 24.687 GC heap after
Heap after GC invocations=23 (full 4):
 PSYoungGen      total 805888K, used 186507K [0x00000007aaa80000, 0x00000007f0b00000, 0x0000000800000000)
  eden space 599552K, 0% used [0x00000007aaa80000,0x00000007aaa80000,0x00000007cf400000)
  from space 206336K, 90% used [0x00000007cf400000,0x00000007daa22c40,0x00000007dbd80000)
  to   space 232960K, 0% used [0x00000007e2780000,0x00000007e2780000,0x00000007f0b00000)
 ParOldGen       total 693248K, used 534028K [0x0000000700000000, 0x000000072a500000, 0x00000007aaa80000)
  object space 693248K, 77% used [0x0000000700000000,0x0000000720983038,0x000000072a500000)
 PSPermGen       total 21504K, used 6321K [0x00000006f5a00000, 0x00000006f6f00000, 0x0000000700000000)
  object space 21504K, 29% used [0x00000006f5a00000,0x00000006f602c5c8,0x00000006f6f00000)
}
Event: 26.144 GC heap before
{Heap before GC invocations=24 (full 4):
 PSYoungGen      total 805888K, used 786059K [0x00000007aaa80000, 0x00000007f0b00000, 0x0000000800000000)
  eden space 599552K, 100% used [0x00000007aaa80000,0x00000007cf400000,0x00000007cf400000)
  from space 206336K, 90% used [0x00000007cf400000,0x00000007daa22c40,0x00000007dbd80000)
  to   space 232960K, 0% used [0x00000007e2780000,0x00000007e2780000,0x00000007f0b00000)
 ParOldGen       total 693248K, used 534028K [0x0000000700000000, 0x000000072a500000, 0x00000007aaa80000)
  object space 693248K, 77% used [0x0000000700000000,0x0000000720983038,0x000000072a500000)
 PSPermGen       total 21504K, used 6323K [0x00000006f5a00000, 0x00000006f6f00000, 0x0000000700000000)
  object space 21504K, 29% used [0x00000006f5a00000,0x00000006f602cd08,0x00000006f6f00000)
Event: 26.472 GC heap after
Heap after GC invocations=24 (full 4):
 PSYoungGen      total 874496K, used 232956K [0x00000007aaa80000, 0x00000007f5d80000, 0x0000000800000000)
  eden space 641536K, 0% used [0x00000007aaa80000,0x00000007aaa80000,0x00000007d1d00000)
  from space 232960K, 99% used [0x00000007e2780000,0x00000007f0aff250,0x00000007f0b00000)
  to   space 272896K, 0% used [0x00000007d1d00000,0x00000007d1d00000,0x00000007e2780000)
 ParOldGen       total 693248K, used 537595K [0x0000000700000000, 0x000000072a500000, 0x00000007aaa80000)
  object space 693248K, 77% used [0x0000000700000000,0x0000000720cfedc8,0x000000072a500000)
 PSPermGen       total 21504K, used 6323K [0x00000006f5a00000, 0x00000006f6f00000, 0x0000000700000000)
  object space 21504K, 29% used [0x00000006f5a00000,0x00000006f602cd08,0x00000006f6f00000)
}
Event: 27.981 GC heap before
{Heap before GC invocations=25 (full 4):
 PSYoungGen      total 874496K, used 874492K [0x00000007aaa80000, 0x00000007f5d80000, 0x0000000800000000)
  eden space 641536K, 100% used [0x00000007aaa80000,0x00000007d1d00000,0x00000007d1d00000)
  from space 232960K, 99% used [0x00000007e2780000,0x00000007f0aff250,0x00000007f0b00000)
  to   space 272896K, 0% used [0x00000007d1d00000,0x00000007d1d00000,0x00000007e2780000)
 ParOldGen       total 693248K, used 537595K [0x0000000700000000, 0x000000072a500000, 0x00000007aaa80000)
  object space 693248K, 77% used [0x0000000700000000,0x0000000720cfedc8,0x000000072a500000)
 PSPermGen       total 21504K, used 6326K [0x00000006f5a00000, 0x00000006f6f00000, 0x0000000700000000)
  object space 21504K, 29% used [0x00000006f5a00000,0x00000006f602da90,0x00000006f6f00000)
Event: 30.497 GC heap after
Heap after GC invocations=25 (full 4):
 PSYoungGen      total 914432K, used 164439K [0x00000007aaa80000, 0x00000007fb800000, 0x0000000800000000)
  eden space 641536K, 0% used [0x00000007aaa80000,0x00000007aaa80000,0x00000007d1d00000)
  from space 272896K, 60% used [0x00000007d1d00000,0x00000007dbd95ef0,0x00000007e2780000)
  to   space 278016K, 0% used [0x00000007ea880000,0x00000007ea880000,0x00000007fb800000)
 ParOldGen       total 693248K, used 646173K [0x0000000700000000, 0x000000072a500000, 0x00000007aaa80000)
  object space 693248K, 93% used [0x0000000700000000,0x0000000727707678,0x000000072a500000)
 PSPermGen       total 21504K, used 6326K [0x00000006f5a00000, 0x00000006f6f00000, 0x0000000700000000)
  object space 21504K, 29% used [0x00000006f5a00000,0x00000006f602da90,0x00000006f6f00000)
}
Event: 30.587 GC heap before
{Heap before GC invocations=26 (full 5):
 PSYoungGen      total 914432K, used 164439K [0x00000007aaa80000, 0x00000007fb800000, 0x0000000800000000)
  eden space 641536K, 0% used [0x00000007aaa80000,0x00000007aaa80000,0x00000007d1d00000)
  from space 272896K, 60% used [0x00000007d1d00000,0x00000007dbd95ef0,0x00000007e2780000)
  to   space 278016K, 0% used [0x00000007ea880000,0x00000007ea880000,0x00000007fb800000)
 ParOldGen       total 693248K, used 646173K [0x0000000700000000, 0x000000072a500000, 0x00000007aaa80000)
  object space 693248K, 93% used [0x0000000700000000,0x0000000727707678,0x000000072a500000)
 PSPermGen       total 21504K, used 6326K [0x00000006f5a00000, 0x00000006f6f00000, 0x0000000700000000)
  object space 21504K, 29% used [0x00000006f5a00000,0x00000006f602da90,0x00000006f6f00000)

